TN:
SF:mathEditor/tests/intern.js
FNF:0
FNH:0
DA:4,1
LF:1
LH:1
BRF:0
BRH:0
end_of_record
TN:
SF:dojo/dojo.js
FN:1,(anonymous_1)
FN:66,(anonymous_2)
FN:69,(anonymous_3)
FN:78,(anonymous_4)
FN:82,(anonymous_5)
FN:86,(anonymous_6)
FN:90,(anonymous_7)
FN:98,(anonymous_8)
FN:105,(anonymous_9)
FN:111,(anonymous_10)
FN:119,(anonymous_11)
FN:134,(anonymous_12)
FN:140,(anonymous_13)
FN:209,(anonymous_14)
FN:235,(anonymous_15)
FN:245,(anonymous_16)
FN:267,(anonymous_17)
FN:285,(anonymous_18)
FN:292,(anonymous_19)
FN:318,(anonymous_20)
FN:327,(anonymous_21)
FN:331,(anonymous_22)
FN:335,(anonymous_23)
FN:340,(anonymous_24)
FN:452,(anonymous_25)
FN:472,(anonymous_26)
FN:473,(anonymous_27)
FN:476,(anonymous_28)
FN:489,(anonymous_29)
FN:493,(anonymous_30)
FN:494,(anonymous_31)
FN:501,(anonymous_32)
FN:533,(anonymous_33)
FN:583,(anonymous_34)
FN:598,(anonymous_35)
FN:725,(anonymous_36)
FN:727,(anonymous_37)
FN:730,(anonymous_38)
FN:733,(anonymous_39)
FN:734,(anonymous_40)
FN:749,(anonymous_41)
FN:798,(anonymous_42)
FN:811,(anonymous_43)
FN:817,(anonymous_44)
FN:822,(anonymous_45)
FN:825,(anonymous_46)
FN:829,(anonymous_47)
FN:834,(anonymous_48)
FN:864,(anonymous_49)
FN:873,(anonymous_50)
FN:887,(anonymous_51)
FN:891,(anonymous_52)
FN:903,(anonymous_53)
FN:919,(anonymous_54)
FN:928,(anonymous_55)
FN:970,(anonymous_56)
FN:1007,(anonymous_57)
FN:1011,(anonymous_58)
FN:1012,(anonymous_59)
FN:1017,(anonymous_60)
FN:1028,(anonymous_61)
FN:1062,(anonymous_62)
FN:1066,(anonymous_63)
FN:1084,(anonymous_64)
FN:1092,(anonymous_65)
FN:1114,(anonymous_66)
FN:1122,(anonymous_67)
FN:1129,(anonymous_68)
FN:1148,(anonymous_69)
FN:1162,(anonymous_70)
FN:1166,(anonymous_71)
FN:1188,(anonymous_72)
FN:1244,(anonymous_73)
FN:1256,(anonymous_74)
FN:1262,(anonymous_75)
FN:1283,(anonymous_76)
FN:1297,(anonymous_77)
FN:1302,(anonymous_78)
FN:1313,(anonymous_79)
FN:1343,(anonymous_80)
FN:1369,(anonymous_81)
FN:1406,(anonymous_82)
FN:1447,(anonymous_83)
FN:1479,(anonymous_84)
FN:1480,(anonymous_85)
FN:1520,(anonymous_86)
FN:1545,(anonymous_87)
FN:1548,(anonymous_88)
FN:1575,(anonymous_89)
FN:1590,(anonymous_90)
FN:1601,(anonymous_91)
FN:1606,(anonymous_92)
FN:1609,(anonymous_93)
FN:1629,(anonymous_94)
FN:1634,(anonymous_95)
FN:1639,(anonymous_96)
FN:1644,(anonymous_97)
FN:1666,(anonymous_98)
FN:1671,(anonymous_99)
FN:1681,(anonymous_100)
FN:1697,(anonymous_101)
FN:1709,(anonymous_102)
FN:1736,(anonymous_103)
FN:1745,(anonymous_104)
FN:1752,(anonymous_105)
FN:1778,(anonymous_106)
FN:1847,(anonymous_107)
FN:1918,(anonymous_108)
FN:1931,(anonymous_109)
FNF:109
FNH:74
FNDA:1,(anonymous_1)
FNDA:53,(anonymous_2)
FNDA:135,(anonymous_3)
FNDA:1364,(anonymous_4)
FNDA:46,(anonymous_5)
FNDA:10,(anonymous_6)
FNDA:318,(anonymous_7)
FNDA:83,(anonymous_8)
FNDA:0,(anonymous_9)
FNDA:3,(anonymous_10)
FNDA:1,(anonymous_11)
FNDA:1281,(anonymous_12)
FNDA:55,(anonymous_13)
FNDA:0,(anonymous_14)
FNDA:0,(anonymous_15)
FNDA:46,(anonymous_16)
FNDA:0,(anonymous_17)
FNDA:0,(anonymous_18)
FNDA:0,(anonymous_19)
FNDA:1,(anonymous_20)
FNDA:7,(anonymous_21)
FNDA:4,(anonymous_22)
FNDA:3,(anonymous_23)
FNDA:0,(anonymous_24)
FNDA:40,(anonymous_25)
FNDA:0,(anonymous_26)
FNDA:0,(anonymous_27)
FNDA:12,(anonymous_28)
FNDA:0,(anonymous_29)
FNDA:6,(anonymous_30)
FNDA:0,(anonymous_31)
FNDA:7,(anonymous_32)
FNDA:6,(anonymous_33)
FNDA:0,(anonymous_34)
FNDA:0,(anonymous_35)
FNDA:43,(anonymous_36)
FNDA:43,(anonymous_37)
FNDA:0,(anonymous_38)
FNDA:0,(anonymous_39)
FNDA:0,(anonymous_40)
FNDA:3,(anonymous_41)
FNDA:3,(anonymous_42)
FNDA:21,(anonymous_43)
FNDA:2,(anonymous_44)
FNDA:1,(anonymous_45)
FNDA:0,(anonymous_46)
FNDA:0,(anonymous_47)
FNDA:0,(anonymous_48)
FNDA:44,(anonymous_49)
FNDA:45,(anonymous_50)
FNDA:90,(anonymous_51)
FNDA:198,(anonymous_52)
FNDA:203,(anonymous_53)
FNDA:46,(anonymous_54)
FNDA:160,(anonymous_55)
FNDA:0,(anonymous_56)
FNDA:160,(anonymous_57)
FNDA:5,(anonymous_58)
FNDA:2,(anonymous_59)
FNDA:161,(anonymous_60)
FNDA:0,(anonymous_61)
FNDA:3,(anonymous_62)
FNDA:1,(anonymous_63)
FNDA:3,(anonymous_64)
FNDA:43,(anonymous_65)
FNDA:2,(anonymous_66)
FNDA:1,(anonymous_67)
FNDA:1,(anonymous_68)
FNDA:25,(anonymous_69)
FNDA:47,(anonymous_70)
FNDA:0,(anonymous_71)
FNDA:911,(anonymous_72)
FNDA:88,(anonymous_73)
FNDA:47,(anonymous_74)
FNDA:42,(anonymous_75)
FNDA:0,(anonymous_76)
FNDA:41,(anonymous_77)
FNDA:5,(anonymous_78)
FNDA:4,(anonymous_79)
FNDA:0,(anonymous_80)
FNDA:157,(anonymous_81)
FNDA:40,(anonymous_82)
FNDA:0,(anonymous_83)
FNDA:0,(anonymous_84)
FNDA:0,(anonymous_85)
FNDA:40,(anonymous_86)
FNDA:0,(anonymous_87)
FNDA:0,(anonymous_88)
FNDA:40,(anonymous_89)
FNDA:40,(anonymous_90)
FNDA:48,(anonymous_91)
FNDA:44,(anonymous_92)
FNDA:0,(anonymous_93)
FNDA:81,(anonymous_94)
FNDA:81,(anonymous_95)
FNDA:0,(anonymous_96)
FNDA:1,(anonymous_97)
FNDA:40,(anonymous_98)
FNDA:40,(anonymous_99)
FNDA:0,(anonymous_100)
FNDA:0,(anonymous_101)
FNDA:657,(anonymous_102)
FNDA:1,(anonymous_103)
FNDA:3,(anonymous_104)
FNDA:40,(anonymous_105)
FNDA:0,(anonymous_106)
FNDA:0,(anonymous_107)
FNDA:3,(anonymous_108)
FNDA:1,(anonymous_109)
DA:1,1
DA:66,1
DA:70,135
DA:71,127
DA:73,8
DA:79,1364
DA:83,46
DA:87,10
DA:91,318
DA:92,257
DA:93,213
DA:99,83
DA:100,473
DA:102,83
DA:106,0
DA:113,3
DA:124,1
DA:135,1281
DA:140,1
DA:141,55
DA:142,55
DA:145,1
DA:148,1
DA:150,0
DA:152,0
DA:155,1
DA:158,1
DA:160,0
DA:161,0
DA:162,0
DA:163,0
DA:164,0
DA:167,0
DA:168,0
DA:173,1
DA:174,0
DA:183,1
DA:189,1
DA:191,1
DA:192,1
DA:193,1
DA:194,1
DA:195,1
DA:198,1
DA:206,1
DA:207,1
DA:209,1
DA:212,0
DA:213,0
DA:214,0
DA:215,0
DA:218,0
DA:235,0
DA:240,1
DA:243,1
DA:245,1
DA:246,46
DA:248,0
DA:250,46
DA:252,0
DA:257,46
DA:258,46
DA:263,1
DA:264,1
DA:265,1
DA:266,1
DA:267,1
DA:268,0
DA:272,0
DA:273,0
DA:274,0
DA:275,0
DA:277,0
DA:285,0
DA:286,0
DA:289,1
DA:291,1
DA:292,1
DA:293,0
DA:294,0
DA:295,0
DA:296,0
DA:297,0
DA:298,0
DA:301,0
DA:303,0
DA:307,0
DA:313,1
DA:317,1
DA:319,1
DA:325,1
DA:328,7
DA:331,7
DA:332,4
DA:337,3
DA:338,3
DA:339,3
DA:341,0
DA:342,0
DA:343,0
DA:344,0
DA:354,1
DA:451,1
DA:452,1
DA:453,40
DA:454,40
DA:455,0
DA:456,0
DA:457,0
DA:458,0
DA:459,0
DA:460,0
DA:461,0
DA:462,0
DA:463,0
DA:466,40
DA:467,0
DA:469,40
DA:473,0
DA:481,12
DA:482,12
DA:483,0
DA:489,12
DA:490,12
DA:494,6
DA:496,0
DA:503,7
DA:504,7
DA:506,0
DA:507,0
DA:509,7
DA:510,7
DA:513,7
DA:514,0
DA:517,7
DA:518,0
DA:522,7
DA:534,6
DA:535,11
DA:536,1
DA:538,11
DA:539,0
DA:541,11
DA:542,1
DA:544,11
DA:551,2
DA:552,2
DA:553,2
DA:555,11
DA:557,10
DA:558,10
DA:563,6
DA:564,0
DA:567,6
DA:568,1
DA:573,6
DA:574,0
DA:578,6
DA:582,6
DA:583,0
DA:584,0
DA:585,0
DA:586,0
DA:588,0
DA:589,0
DA:597,6
DA:598,6
DA:599,0
DA:600,0
DA:601,0
DA:606,6
DA:609,6
DA:611,6
DA:612,3
DA:614,3
DA:615,0
DA:616,0
DA:621,6
DA:622,0
DA:623,0
DA:624,0
DA:625,0
DA:629,6
DA:636,1
DA:642,1
DA:645,1
DA:646,1
DA:647,1
DA:649,1
DA:650,1
DA:653,1
DA:657,1
DA:658,1
DA:661,1
DA:665,1
DA:666,0
DA:667,0
DA:673,1
DA:675,1
DA:676,1
DA:677,0
DA:678,0
DA:684,1
DA:685,1
DA:688,1
DA:689,0
DA:690,0
DA:691,0
DA:693,0
DA:694,0
DA:697,1
DA:698,1
DA:702,0
DA:703,0
DA:704,0
DA:705,0
DA:706,0
DA:707,0
DA:708,0
DA:709,0
DA:712,0
DA:716,1
DA:717,0
DA:718,0
DA:725,1
DA:727,43
DA:728,43
DA:729,43
DA:730,0
DA:731,0
DA:732,0
DA:733,0
DA:734,0
DA:736,0
DA:737,0
DA:739,0
DA:740,0
DA:741,0
DA:742,0
DA:750,3
DA:751,3
DA:753,0
DA:754,0
DA:755,0
DA:757,0
DA:759,3
DA:761,0
DA:764,0
DA:765,0
DA:767,3
DA:769,3
DA:770,0
DA:772,3
DA:775,3
DA:776,6
DA:777,6
DA:781,3
DA:788,3
DA:791,3
DA:797,3
DA:798,3
DA:799,3
DA:801,3
DA:803,2
DA:805,3
DA:808,3
DA:812,21
DA:813,1
DA:815,20
DA:816,20
DA:817,7
DA:818,2
DA:820,7
DA:821,7
DA:822,7
DA:823,1
DA:825,7
DA:826,0
DA:828,7
DA:829,0
DA:830,0
DA:833,7
DA:834,7
DA:835,0
DA:837,0
DA:838,0
DA:839,0
DA:840,0
DA:841,0
DA:844,0
DA:849,20
DA:865,44
DA:866,44
DA:867,44
DA:868,40
DA:870,44
DA:874,45
DA:875,45
DA:876,45
DA:877,40
DA:879,45
DA:880,4
DA:881,4
DA:888,90
DA:893,198
DA:894,198
DA:895,0
DA:896,0
DA:900,198
DA:904,203
DA:906,203
DA:907,203
DA:908,907
DA:909,907
DA:910,134
DA:911,134
DA:912,773
DA:913,656
DA:916,203
DA:920,46
DA:921,46
DA:922,46
DA:924,0
DA:931,160
DA:932,160
DA:933,160
DA:934,160
DA:939,0
DA:942,160
DA:943,160
DA:944,0
DA:949,160
DA:950,155
DA:952,160
DA:953,160
DA:955,160
DA:956,0
DA:959,160
DA:960,160
DA:961,160
DA:962,147
DA:964,13
DA:968,160
DA:970,160
DA:971,0
DA:972,0
DA:973,0
DA:976,160
DA:977,0
DA:980,160
DA:981,160
DA:982,117
DA:989,43
DA:990,43
DA:991,0
DA:992,43
DA:993,40
DA:994,3
DA:995,3
DA:997,0
DA:1000,43
DA:1001,43
DA:1003,43
DA:1004,43
DA:1008,160
DA:1012,5
DA:1019,161
DA:1020,161
DA:1021,161
DA:1023,5
DA:1025,5
DA:1026,0
DA:1027,0
DA:1028,0
DA:1029,0
DA:1032,0
DA:1033,0
DA:1036,0
DA:1042,5
DA:1044,1
DA:1048,5
DA:1049,4
DA:1050,4
DA:1052,1
DA:1053,1
DA:1055,5
DA:1057,156
DA:1059,161
DA:1063,3
DA:1067,1
DA:1069,1
DA:1085,3
DA:1093,43
DA:1094,43
DA:1096,43
DA:1097,43
DA:1098,0
DA:1099,0
DA:1101,0
DA:1104,43
DA:1106,43
DA:1107,43
DA:1115,2
DA:1116,2
DA:1117,2
DA:1118,2
DA:1119,2
DA:1128,1
DA:1129,1
DA:1131,1
DA:1134,1
DA:1136,1
DA:1141,1
DA:1142,1
DA:1143,1
DA:1145,1
DA:1148,1
DA:1149,25
DA:1150,35
DA:1151,35
DA:1152,1
DA:1156,1
DA:1157,23
DA:1159,1
DA:1163,47
DA:1164,47
DA:1165,47
DA:1166,47
DA:1167,47
DA:1169,1
DA:1170,1
DA:1173,47
DA:1174,56
DA:1175,3
DA:1177,53
DA:1181,47
DA:1182,3
DA:1190,911
DA:1191,6
DA:1192,6
DA:1197,905
DA:1198,305
DA:1199,63
DA:1201,242
DA:1207,242
DA:1208,242
DA:1209,242
DA:1218,242
DA:1219,242
DA:1220,888
DA:1224,888
DA:1225,199
DA:1226,199
DA:1227,199
DA:1228,199
DA:1230,689
DA:1232,43
DA:1233,43
DA:1234,43
DA:1238,643
DA:1245,88
DA:1246,88
DA:1247,88
DA:1249,88
DA:1251,88
DA:1252,1
DA:1259,47
DA:1260,5
DA:1262,42
DA:1263,42
DA:1264,42
DA:1265,64
DA:1266,64
DA:1267,64
DA:1268,64
DA:1271,11
DA:1272,11
DA:1275,53
DA:1282,1
DA:1283,0
DA:1286,0
DA:1287,0
DA:1288,0
DA:1292,1
DA:1293,1
DA:1294,1
DA:1297,1
DA:1298,41
DA:1299,41
DA:1306,5
DA:1308,5
DA:1310,0
DA:1313,5
DA:1314,4
DA:1315,4
DA:1316,4
DA:1317,4
DA:1320,5
DA:1321,4
DA:1322,1
DA:1323,0
DA:1329,1
DA:1330,1
DA:1331,1
DA:1345,0
DA:1346,0
DA:1348,0
DA:1349,0
DA:1350,0
DA:1351,0
DA:1352,0
DA:1354,0
DA:1357,0
DA:1360,0
DA:1361,0
DA:1363,0
DA:1366,0
DA:1375,157
DA:1377,157
DA:1378,113
DA:1380,44
DA:1382,44
DA:1383,0
DA:1384,0
DA:1389,0
DA:1390,0
DA:1391,0
DA:1392,0
DA:1394,0
DA:1395,0
DA:1396,0
DA:1400,44
DA:1401,4
DA:1402,4
DA:1406,40
DA:1407,40
DA:1408,40
DA:1413,0
DA:1414,0
DA:1415,0
DA:1417,0
DA:1418,0
DA:1419,0
DA:1422,40
DA:1426,0
DA:1428,40
DA:1431,40
DA:1432,40
DA:1433,0
DA:1434,0
DA:1435,0
DA:1436,0
DA:1438,40
DA:1439,0
DA:1441,0
DA:1443,0
DA:1447,0
DA:1448,0
DA:1453,0
DA:1454,0
DA:1455,0
DA:1458,0
DA:1461,0
DA:1462,0
DA:1463,0
DA:1466,0
DA:1475,0
DA:1477,0
DA:1479,0
DA:1480,0
DA:1483,0
DA:1485,0
DA:1487,0
DA:1488,0
DA:1489,0
DA:1490,0
DA:1494,0
DA:1495,0
DA:1496,0
DA:1501,0
DA:1502,0
DA:1503,0
DA:1504,0
DA:1506,0
DA:1509,0
DA:1511,0
DA:1514,40
DA:1515,40
DA:1516,40
DA:1517,40
DA:1521,40
DA:1523,40
DA:1527,0
DA:1528,0
DA:1529,0
DA:1530,0
DA:1533,40
DA:1534,40
DA:1535,0
DA:1536,0
DA:1538,40
DA:1546,0
DA:1549,0
DA:1555,40
DA:1556,150
DA:1559,40
DA:1561,0
DA:1562,0
DA:1563,0
DA:1565,40
DA:1567,40
DA:1568,0
DA:1569,0
DA:1572,40
DA:1578,40
DA:1580,40
DA:1581,40
DA:1582,40
DA:1586,40
DA:1587,40
DA:1589,40
DA:1590,40
DA:1591,40
DA:1596,1
DA:1599,1
DA:1601,1
DA:1602,48
DA:1603,48
DA:1606,1
DA:1607,44
DA:1608,44
DA:1609,44
DA:1610,0
DA:1611,0
DA:1617,1
DA:1624,1
DA:1628,1
DA:1629,1
DA:1632,81
DA:1633,81
DA:1634,81
DA:1635,81
DA:1638,0
DA:1639,0
DA:1640,0
DA:1645,1
DA:1646,1
DA:1647,1
DA:1650,1
DA:1657,1
DA:1660,1
DA:1661,0
DA:1662,0
DA:1666,1
DA:1670,40
DA:1672,40
DA:1673,40
DA:1674,40
DA:1675,40
DA:1676,40
DA:1677,40
DA:1682,0
DA:1683,0
DA:1684,0
DA:1687,40
DA:1688,40
DA:1689,40
DA:1690,40
DA:1691,40
DA:1696,1
DA:1697,1
DA:1698,0
DA:1699,0
DA:1700,0
DA:1705,0
DA:1708,1
DA:1709,1
DA:1718,657
DA:1719,0
DA:1720,0
DA:1721,0
DA:1722,0
DA:1723,0
DA:1725,0
DA:1728,0
DA:1729,0
DA:1730,0
DA:1733,1
DA:1737,1
DA:1738,0
DA:1740,1
DA:1744,1
DA:1745,1
DA:1746,3
DA:1749,0
DA:1752,1
DA:1763,40
DA:1767,40
DA:1768,0
DA:1769,40
DA:1770,0
DA:1771,40
DA:1772,0
DA:1775,40
DA:1776,0
DA:1779,0
DA:1783,40
DA:1784,40
DA:1786,40
DA:1792,0
DA:1793,40
DA:1796,40
DA:1800,0
DA:1801,0
DA:1802,0
DA:1803,0
DA:1804,0
DA:1805,0
DA:1806,0
DA:1809,0
DA:1810,0
DA:1811,0
DA:1812,0
DA:1813,0
DA:1815,0
DA:1819,0
DA:1820,0
DA:1821,0
DA:1822,0
DA:1824,0
DA:1825,0
DA:1826,0
DA:1828,0
DA:1830,0
DA:1833,1
DA:1837,1
DA:1838,0
DA:1844,1
DA:1847,1
DA:1848,0
DA:1849,0
DA:1850,0
DA:1851,0
DA:1852,0
DA:1854,0
DA:1860,1
DA:1867,1
DA:1868,1
DA:1896,1
DA:1897,0
DA:1898,0
DA:1900,0
DA:1902,1
DA:1903,1
DA:1904,1
DA:1905,0
DA:1909,1
DA:1910,0
DA:1912,0
DA:1913,0
DA:1917,1
DA:1918,3
DA:1919,1
DA:1921,1
DA:1923,1
DA:1924,1
DA:1925,1
DA:1933,1
LF:768
LH:470
BRDA:91,1,0,257
BRDA:91,1,1,61
BRDA:132,2,0,1
BRDA:132,2,1,1
BRDA:135,3,0,4
BRDA:135,3,1,1277
BRDA:141,4,0,55
BRDA:141,4,1,1
BRDA:141,4,2,55
BRDA:142,5,0,55
BRDA:142,5,1,0
BRDA:145,6,0,0
BRDA:145,6,1,1
BRDA:145,7,0,1
BRDA:145,7,1,0
BRDA:147,8,0,1
BRDA:147,8,1,0
BRDA:147,8,2,0
BRDA:147,8,3,0
BRDA:148,9,0,0
BRDA:148,9,1,1
BRDA:155,10,0,0
BRDA:155,10,1,1
BRDA:155,11,0,1
BRDA:155,11,1,0
BRDA:157,12,0,1
BRDA:157,12,1,0
BRDA:157,12,2,0
BRDA:158,13,0,0
BRDA:158,13,1,1
BRDA:162,14,0,0
BRDA:162,14,1,0
BRDA:189,15,0,1
BRDA:189,15,1,0
BRDA:206,16,0,1
BRDA:206,16,1,0
BRDA:212,17,0,0
BRDA:212,17,1,0
BRDA:240,18,0,1
BRDA:240,18,1,0
BRDA:246,19,0,0
BRDA:246,19,1,46
BRDA:250,20,0,0
BRDA:250,20,1,46
BRDA:258,21,0,46
BRDA:258,21,1,0
BRDA:258,21,2,0
BRDA:258,21,3,0
BRDA:264,22,0,1
BRDA:264,22,1,1
BRDA:264,22,2,0
BRDA:266,23,0,1
BRDA:266,23,1,0
BRDA:266,24,0,1
BRDA:266,24,1,1
BRDA:275,25,0,0
BRDA:275,25,1,0
BRDA:296,26,0,0
BRDA:296,26,1,0
BRDA:296,27,0,0
BRDA:296,27,1,0
BRDA:296,27,2,0
BRDA:297,28,0,0
BRDA:297,28,1,0
BRDA:331,29,0,7
BRDA:331,29,1,4
BRDA:332,30,0,4
BRDA:332,30,1,0
BRDA:337,31,0,3
BRDA:337,31,1,3
BRDA:342,32,0,0
BRDA:342,32,1,0
BRDA:451,33,0,1
BRDA:451,33,1,0
BRDA:457,34,0,0
BRDA:457,34,1,0
BRDA:459,35,0,0
BRDA:459,35,1,0
BRDA:461,36,0,0
BRDA:461,36,1,0
BRDA:466,37,0,0
BRDA:466,37,1,40
BRDA:496,38,0,0
BRDA:496,38,1,0
BRDA:504,39,0,0
BRDA:504,39,1,7
BRDA:510,40,0,7
BRDA:510,40,1,0
BRDA:513,41,0,0
BRDA:513,41,1,7
BRDA:517,42,0,0
BRDA:517,42,1,7
BRDA:535,43,0,1
BRDA:535,43,1,10
BRDA:536,44,0,1
BRDA:536,44,1,0
BRDA:538,45,0,0
BRDA:538,45,1,11
BRDA:539,46,0,0
BRDA:539,46,1,0
BRDA:539,47,0,0
BRDA:539,47,1,0
BRDA:541,48,0,1
BRDA:541,48,1,10
BRDA:541,49,0,11
BRDA:541,49,1,10
BRDA:544,50,0,2
BRDA:544,50,1,9
BRDA:544,51,0,11
BRDA:544,51,1,11
BRDA:552,52,0,0
BRDA:552,52,1,2
BRDA:552,53,0,2
BRDA:552,53,1,0
BRDA:552,54,0,1
BRDA:552,54,1,1
BRDA:555,55,0,10
BRDA:555,55,1,1
BRDA:558,56,0,10
BRDA:558,56,1,10
BRDA:563,57,0,0
BRDA:563,57,1,6
BRDA:567,58,0,1
BRDA:567,58,1,5
BRDA:585,59,0,0
BRDA:585,59,1,0
BRDA:600,60,0,0
BRDA:600,60,1,0
BRDA:611,61,0,3
BRDA:611,61,1,3
BRDA:616,62,0,0
BRDA:616,62,1,0
BRDA:621,63,0,0
BRDA:621,63,1,6
BRDA:624,64,0,0
BRDA:624,64,1,0
BRDA:636,65,0,1
BRDA:636,65,1,0
BRDA:636,66,0,1
BRDA:636,66,1,1
BRDA:647,67,0,1
BRDA:647,67,1,0
BRDA:647,68,0,1
BRDA:647,68,1,1
BRDA:649,69,0,1
BRDA:649,69,1,0
BRDA:650,70,0,1
BRDA:650,70,1,1
BRDA:657,71,0,1
BRDA:657,71,1,0
BRDA:657,72,0,1
BRDA:657,72,1,0
BRDA:665,73,0,0
BRDA:665,73,1,1
BRDA:666,74,0,0
BRDA:666,74,1,0
BRDA:667,75,0,0
BRDA:667,75,1,0
BRDA:673,76,0,1
BRDA:673,76,1,0
BRDA:676,77,0,0
BRDA:676,77,1,1
BRDA:676,78,0,1
BRDA:676,78,1,0
BRDA:678,79,0,0
BRDA:678,79,1,0
BRDA:688,80,0,0
BRDA:688,80,1,1
BRDA:690,81,0,0
BRDA:690,81,1,0
BRDA:716,82,0,0
BRDA:716,82,1,1
BRDA:717,83,0,0
BRDA:717,83,1,0
BRDA:729,84,0,0
BRDA:729,84,1,43
BRDA:729,85,0,43
BRDA:729,85,1,0
BRDA:729,85,2,0
BRDA:751,86,0,0
BRDA:751,86,1,3
BRDA:754,87,0,0
BRDA:754,87,1,0
BRDA:754,88,0,0
BRDA:754,88,1,0
BRDA:759,89,0,0
BRDA:759,89,1,3
BRDA:767,90,0,3
BRDA:767,90,1,0
BRDA:769,91,0,0
BRDA:769,91,1,3
BRDA:770,92,0,0
BRDA:770,92,1,0
BRDA:784,93,0,3
BRDA:784,93,1,0
BRDA:785,94,0,2
BRDA:785,94,1,1
BRDA:797,95,0,3
BRDA:797,95,1,2
BRDA:801,96,0,2
BRDA:801,96,1,1
BRDA:812,97,0,1
BRDA:812,97,1,20
BRDA:816,98,0,7
BRDA:816,98,1,13
BRDA:828,99,0,0
BRDA:828,99,1,7
BRDA:833,100,0,7
BRDA:833,100,1,0
BRDA:837,101,0,0
BRDA:837,101,1,0
BRDA:837,102,0,0
BRDA:837,102,1,0
BRDA:838,103,0,0
BRDA:838,103,1,0
BRDA:839,104,0,0
BRDA:839,104,1,0
BRDA:844,105,0,0
BRDA:844,105,1,0
BRDA:844,105,2,0
BRDA:867,106,0,40
BRDA:867,106,1,4
BRDA:868,107,0,40
BRDA:868,107,1,2
BRDA:876,108,0,40
BRDA:876,108,1,5
BRDA:879,109,0,4
BRDA:879,109,1,41
BRDA:881,110,0,4
BRDA:881,110,1,4
BRDA:881,110,2,0
BRDA:888,111,0,90
BRDA:888,111,1,90
BRDA:888,111,2,4
BRDA:888,111,3,3
BRDA:893,112,0,198
BRDA:893,112,1,0
BRDA:895,113,0,0
BRDA:895,113,1,0
BRDA:909,114,0,134
BRDA:909,114,1,773
BRDA:909,115,0,907
BRDA:909,115,1,134
BRDA:909,115,2,134
BRDA:912,116,0,656
BRDA:912,116,1,117
BRDA:920,117,0,46
BRDA:920,117,1,0
BRDA:922,118,0,46
BRDA:922,118,1,46
BRDA:922,118,2,40
BRDA:934,119,0,0
BRDA:934,119,1,160
BRDA:934,120,0,160
BRDA:934,120,1,160
BRDA:934,120,2,104
BRDA:942,121,0,104
BRDA:942,121,1,56
BRDA:943,122,0,0
BRDA:943,122,1,160
BRDA:949,123,0,155
BRDA:949,123,1,5
BRDA:952,124,0,160
BRDA:952,124,1,160
BRDA:953,125,0,160
BRDA:953,125,1,0
BRDA:955,126,0,0
BRDA:955,126,1,160
BRDA:960,127,0,159
BRDA:960,127,1,1
BRDA:961,128,0,147
BRDA:961,128,1,13
BRDA:962,129,0,147
BRDA:962,129,1,0
BRDA:972,130,0,0
BRDA:972,130,1,0
BRDA:972,131,0,0
BRDA:972,131,1,0
BRDA:973,132,0,0
BRDA:973,132,1,0
BRDA:976,133,0,0
BRDA:976,133,1,160
BRDA:981,134,0,117
BRDA:981,134,1,43
BRDA:982,135,0,0
BRDA:982,135,1,117
BRDA:990,136,0,0
BRDA:990,136,1,43
BRDA:992,137,0,40
BRDA:992,137,1,3
BRDA:994,138,0,3
BRDA:994,138,1,0
BRDA:1000,139,0,43
BRDA:1000,139,1,0
BRDA:1012,140,0,4
BRDA:1012,140,1,1
BRDA:1021,141,0,5
BRDA:1021,141,1,156
BRDA:1025,142,0,0
BRDA:1025,142,1,5
BRDA:1025,143,0,5
BRDA:1025,143,1,5
BRDA:1025,143,2,0
BRDA:1027,144,0,0
BRDA:1027,144,1,0
BRDA:1027,145,0,0
BRDA:1027,145,1,0
BRDA:1032,146,0,0
BRDA:1032,146,1,0
BRDA:1042,147,0,1
BRDA:1042,147,1,4
BRDA:1042,148,0,5
BRDA:1042,148,1,4
BRDA:1048,149,0,4
BRDA:1048,149,1,1
BRDA:1050,150,0,0
BRDA:1050,150,1,4
BRDA:1059,151,0,161
BRDA:1059,151,1,44
BRDA:1059,151,2,44
BRDA:1069,152,0,0
BRDA:1069,152,1,1
BRDA:1096,153,0,43
BRDA:1096,153,1,43
BRDA:1097,154,0,0
BRDA:1097,154,1,43
BRDA:1099,155,0,0
BRDA:1099,155,1,0
BRDA:1104,156,0,43
BRDA:1104,156,1,0
BRDA:1106,157,0,3
BRDA:1106,157,1,40
BRDA:1106,158,0,43
BRDA:1106,158,1,6
BRDA:1107,159,0,43
BRDA:1107,159,1,43
BRDA:1132,160,0,0
BRDA:1132,160,1,1
BRDA:1134,161,0,1
BRDA:1134,161,1,0
BRDA:1151,162,0,1
BRDA:1151,162,1,34
BRDA:1166,163,0,47
BRDA:1166,163,1,47
BRDA:1167,164,0,1
BRDA:1167,164,1,46
BRDA:1174,165,0,3
BRDA:1174,165,1,53
BRDA:1181,166,0,3
BRDA:1181,166,1,44
BRDA:1190,167,0,6
BRDA:1190,167,1,905
BRDA:1192,168,0,0
BRDA:1192,168,1,6
BRDA:1192,169,0,6
BRDA:1192,169,1,6
BRDA:1192,170,0,6
BRDA:1192,170,1,6
BRDA:1197,171,0,305
BRDA:1197,171,1,600
BRDA:1198,172,0,63
BRDA:1198,172,1,242
BRDA:1202,173,0,242
BRDA:1202,173,1,0
BRDA:1207,174,0,242
BRDA:1207,174,1,0
BRDA:1220,175,0,16
BRDA:1220,175,1,872
BRDA:1221,176,0,26
BRDA:1221,176,1,846
BRDA:1222,177,0,2
BRDA:1222,177,1,844
BRDA:1224,178,0,199
BRDA:1224,178,1,689
BRDA:1227,179,0,199
BRDA:1227,179,1,199
BRDA:1234,180,0,43
BRDA:1234,180,1,43
BRDA:1251,181,0,1
BRDA:1251,181,1,87
BRDA:1259,182,0,5
BRDA:1259,182,1,42
BRDA:1268,183,0,11
BRDA:1268,183,1,53
BRDA:1282,184,0,0
BRDA:1282,184,1,1
BRDA:1292,185,0,1
BRDA:1292,185,1,0
BRDA:1293,186,0,1
BRDA:1293,186,1,0
BRDA:1299,187,0,0
BRDA:1299,187,1,41
BRDA:1299,188,0,0
BRDA:1299,188,1,0
BRDA:1308,189,0,0
BRDA:1308,189,1,5
BRDA:1308,190,0,5
BRDA:1308,190,1,4
BRDA:1320,191,0,4
BRDA:1320,191,1,1
BRDA:1322,192,0,0
BRDA:1322,192,1,1
BRDA:1345,193,0,0
BRDA:1345,193,1,0
BRDA:1349,194,0,0
BRDA:1349,194,1,0
BRDA:1351,195,0,0
BRDA:1351,195,1,0
BRDA:1354,196,0,0
BRDA:1354,196,1,0
BRDA:1360,197,0,0
BRDA:1360,197,1,0
BRDA:1363,198,0,0
BRDA:1363,198,1,0
BRDA:1377,199,0,113
BRDA:1377,199,1,44
BRDA:1377,200,0,157
BRDA:1377,200,1,95
BRDA:1377,200,2,44
BRDA:1377,200,3,44
BRDA:1377,200,4,40
BRDA:1377,200,5,38
BRDA:1377,200,6,40
BRDA:1382,201,0,0
BRDA:1382,201,1,44
BRDA:1384,202,0,0
BRDA:1384,202,1,0
BRDA:1384,203,0,0
BRDA:1384,203,1,0
BRDA:1391,204,0,0
BRDA:1391,204,1,0
BRDA:1394,205,0,0
BRDA:1394,205,1,0
BRDA:1400,206,0,4
BRDA:1400,206,1,40
BRDA:1408,207,0,0
BRDA:1408,207,1,40
BRDA:1413,208,0,0
BRDA:1413,208,1,0
BRDA:1422,209,0,0
BRDA:1422,209,1,40
BRDA:1422,210,0,40
BRDA:1422,210,1,40
BRDA:1426,211,0,0
BRDA:1426,211,1,0
BRDA:1431,212,0,40
BRDA:1431,212,1,40
BRDA:1432,213,0,0
BRDA:1432,213,1,40
BRDA:1438,214,0,0
BRDA:1438,214,1,40
BRDA:1438,215,0,40
BRDA:1438,215,1,40
BRDA:1439,216,0,0
BRDA:1439,216,1,0
BRDA:1441,217,0,0
BRDA:1441,217,1,0
BRDA:1443,218,0,0
BRDA:1443,218,1,0
BRDA:1443,219,0,0
BRDA:1443,219,1,0
BRDA:1448,220,0,0
BRDA:1448,220,1,0
BRDA:1461,221,0,0
BRDA:1461,221,1,0
BRDA:1466,222,0,0
BRDA:1466,222,1,0
BRDA:1488,223,0,0
BRDA:1488,223,1,0
BRDA:1502,224,0,0
BRDA:1502,224,1,0
BRDA:1523,225,0,0
BRDA:1523,225,1,40
BRDA:1523,226,0,40
BRDA:1523,226,1,0
BRDA:1523,226,2,0
BRDA:1527,227,0,0
BRDA:1527,227,1,0
BRDA:1534,228,0,0
BRDA:1534,228,1,40
BRDA:1559,229,0,0
BRDA:1559,229,1,40
BRDA:1559,230,0,40
BRDA:1559,230,1,40
BRDA:1559,230,2,0
BRDA:1567,231,0,0
BRDA:1567,231,1,40
BRDA:1567,232,0,40
BRDA:1567,232,1,0
BRDA:1582,233,0,40
BRDA:1582,233,1,0
BRDA:1586,234,0,40
BRDA:1586,234,1,0
BRDA:1586,234,2,40
BRDA:1599,235,0,1
BRDA:1599,235,1,0
BRDA:1602,236,0,48
BRDA:1602,236,1,44
BRDA:1608,237,0,44
BRDA:1608,237,1,0
BRDA:1617,238,0,1
BRDA:1617,238,1,0
BRDA:1624,239,0,1
BRDA:1624,239,1,0
BRDA:1624,239,2,0
BRDA:1624,239,3,0
BRDA:1628,240,0,1
BRDA:1628,240,1,0
BRDA:1628,241,0,1
BRDA:1628,241,1,1
BRDA:1628,241,2,0
BRDA:1632,242,0,81
BRDA:1632,242,1,0
BRDA:1646,243,0,1
BRDA:1646,243,1,0
BRDA:1650,244,0,1
BRDA:1650,244,1,0
BRDA:1661,245,0,0
BRDA:1661,245,1,0
BRDA:1661,246,0,0
BRDA:1661,246,1,0
BRDA:1672,247,0,40
BRDA:1672,247,1,0
BRDA:1673,248,0,40
BRDA:1673,248,1,0
BRDA:1674,249,0,40
BRDA:1674,249,1,0
BRDA:1674,250,0,40
BRDA:1674,250,1,0
BRDA:1677,251,0,40
BRDA:1677,251,1,40
BRDA:1696,252,0,1
BRDA:1696,252,1,0
BRDA:1708,253,0,1
BRDA:1708,253,1,0
BRDA:1718,254,0,0
BRDA:1718,254,1,657
BRDA:1718,255,0,657
BRDA:1718,255,1,657
BRDA:1722,256,0,0
BRDA:1722,256,1,0
BRDA:1729,257,0,0
BRDA:1729,257,1,0
BRDA:1737,258,0,0
BRDA:1737,258,1,1
BRDA:1746,259,0,3
BRDA:1746,259,1,0
BRDA:1767,260,0,0
BRDA:1767,260,1,40
BRDA:1768,261,0,0
BRDA:1768,261,1,0
BRDA:1769,262,0,0
BRDA:1769,262,1,40
BRDA:1769,263,0,40
BRDA:1769,263,1,40
BRDA:1770,264,0,0
BRDA:1770,264,1,0
BRDA:1771,265,0,0
BRDA:1771,265,1,40
BRDA:1775,266,0,0
BRDA:1775,266,1,40
BRDA:1775,267,0,40
BRDA:1775,267,1,40
BRDA:1784,268,0,40
BRDA:1784,268,1,0
BRDA:1786,269,0,0
BRDA:1786,269,1,40
BRDA:1786,270,0,40
BRDA:1786,270,1,0
BRDA:1793,271,0,40
BRDA:1793,271,1,0
BRDA:1793,272,0,40
BRDA:1793,272,1,0
BRDA:1793,272,2,0
BRDA:1800,273,0,0
BRDA:1800,273,1,0
BRDA:1801,274,0,0
BRDA:1801,274,1,0
BRDA:1804,275,0,0
BRDA:1804,275,1,0
BRDA:1804,276,0,0
BRDA:1804,276,1,0
BRDA:1804,276,2,0
BRDA:1809,277,0,0
BRDA:1809,277,1,0
BRDA:1809,278,0,0
BRDA:1809,278,1,0
BRDA:1812,279,0,0
BRDA:1812,279,1,0
BRDA:1812,280,0,0
BRDA:1812,280,1,0
BRDA:1819,281,0,0
BRDA:1819,281,1,0
BRDA:1819,282,0,0
BRDA:1819,282,1,0
BRDA:1821,283,0,0
BRDA:1821,283,1,0
BRDA:1824,284,0,0
BRDA:1824,284,1,0
BRDA:1837,285,0,0
BRDA:1837,285,1,1
BRDA:1850,286,0,0
BRDA:1850,286,1,0
BRDA:1867,287,0,1
BRDA:1867,287,1,0
BRDA:1896,288,0,0
BRDA:1896,288,1,1
BRDA:1897,289,0,0
BRDA:1897,289,1,0
BRDA:1904,290,0,0
BRDA:1904,290,1,1
BRDA:1909,291,0,0
BRDA:1909,291,1,1
BRDA:1909,292,0,1
BRDA:1909,292,1,0
BRDA:1909,292,2,0
BRDA:1917,293,0,1
BRDA:1917,293,1,0
BRDA:1919,294,0,1
BRDA:1919,294,1,1
BRDA:1919,294,2,1
BRDA:1920,295,0,1
BRDA:1920,295,1,1
BRDA:1920,295,2,1
BRDA:1921,296,0,0
BRDA:1921,296,1,1
BRDA:1921,297,0,1
BRDA:1921,297,1,1
BRDA:1921,298,0,0
BRDA:1921,298,1,0
BRDA:1923,299,0,1
BRDA:1923,299,1,0
BRDA:1924,300,0,1
BRDA:1924,300,1,0
BRDA:1925,301,0,1
BRDA:1925,301,1,0
BRDA:1933,302,0,1
BRDA:1933,302,1,1
BRDA:1933,302,2,1
BRDA:1933,302,3,1
BRF:640
BRH:330
end_of_record
TN:
SF:mathEditor/TextInput.js
FN:9,(anonymous_1)
FN:38,(anonymous_2)
FN:76,(anonymous_3)
FN:111,(anonymous_4)
FN:116,(anonymous_5)
FN:124,(anonymous_6)
FN:134,(anonymous_7)
FN:136,(anonymous_8)
FN:140,(anonymous_9)
FN:145,(anonymous_10)
FN:154,(anonymous_11)
FN:157,(anonymous_12)
FN:160,(anonymous_13)
FN:168,(anonymous_14)
FN:172,(anonymous_15)
FN:176,(anonymous_16)
FN:181,(anonymous_17)
FN:192,(anonymous_18)
FN:194,(anonymous_19)
FN:199,(anonymous_20)
FNF:20
FNH:8
FNDA:1,(anonymous_1)
FNDA:1,(anonymous_2)
FNDA:5,(anonymous_3)
FNDA:0,(anonymous_4)
FNDA:1,(anonymous_5)
FNDA:0,(anonymous_6)
FNDA:0,(anonymous_7)
FNDA:0,(anonymous_8)
FNDA:0,(anonymous_9)
FNDA:0,(anonymous_10)
FNDA:4,(anonymous_11)
FNDA:0,(anonymous_12)
FNDA:0,(anonymous_13)
FNDA:0,(anonymous_14)
FNDA:0,(anonymous_15)
FNDA:0,(anonymous_16)
FNDA:4,(anonymous_17)
FNDA:4,(anonymous_18)
FNDA:4,(anonymous_19)
FNDA:0,(anonymous_20)
DA:1,1
DA:20,1
DA:51,1
DA:52,1
DA:54,1
DA:55,1
DA:67,1
DA:69,1
DA:70,1
DA:71,1
DA:72,1
DA:76,1
DA:77,5
DA:78,5
DA:79,0
DA:80,5
DA:81,0
DA:82,5
DA:83,0
DA:84,5
DA:85,0
DA:86,5
DA:87,0
DA:88,5
DA:89,0
DA:90,5
DA:92,5
DA:98,0
DA:99,0
DA:100,5
DA:101,0
DA:103,0
DA:104,5
DA:105,0
DA:106,0
DA:111,1
DA:112,0
DA:113,0
DA:116,1
DA:117,1
DA:118,1
DA:121,1
DA:123,0
DA:124,0
DA:125,0
DA:126,0
DA:128,0
DA:132,1
DA:133,0
DA:134,0
DA:135,0
DA:136,0
DA:137,0
DA:138,0
DA:140,0
DA:141,0
DA:142,0
DA:145,0
DA:146,0
DA:147,0
DA:152,1
DA:154,1
DA:155,4
DA:157,1
DA:158,0
DA:160,1
DA:161,0
DA:182,4
DA:184,4
DA:185,4
DA:187,4
DA:189,4
DA:193,4
DA:194,4
DA:195,4
DA:200,0
LF:76
LH:42
BRDA:52,1,0,0
BRDA:52,1,1,1
BRDA:78,2,0,0
BRDA:78,2,1,5
BRDA:80,3,0,0
BRDA:80,3,1,5
BRDA:82,4,0,0
BRDA:82,4,1,5
BRDA:84,5,0,0
BRDA:84,5,1,5
BRDA:86,6,0,0
BRDA:86,6,1,5
BRDA:88,7,0,0
BRDA:88,7,1,5
BRDA:90,8,0,0
BRDA:90,8,1,5
BRDA:90,9,0,5
BRDA:90,9,1,0
BRDA:92,10,0,0
BRDA:92,10,1,5
BRDA:92,11,0,5
BRDA:92,11,1,0
BRDA:100,12,0,0
BRDA:100,12,1,5
BRDA:104,13,0,0
BRDA:104,13,1,5
BRDA:121,14,0,0
BRDA:121,14,1,1
BRDA:132,15,0,0
BRDA:132,15,1,1
BRDA:182,16,0,0
BRDA:182,16,1,4
BRDA:185,17,0,0
BRDA:185,17,1,4
BRF:34
BRH:17
end_of_record
TN:
SF:mathEditor/tests/MockEditor.js
FN:2,(anonymous_1)
FN:8,(anonymous_2)
FN:12,(anonymous_3)
FN:16,(anonymous_4)
FNF:4
FNH:3
FNDA:1,(anonymous_1)
FNDA:4,(anonymous_2)
FNDA:1,(anonymous_3)
FNDA:0,(anonymous_4)
DA:1,1
DA:6,1
DA:9,4
LF:3
LH:3
BRF:0
BRH:0
end_of_record
TN:
SF:dojo/domReady.js
FN:1,(anonymous_1)
FN:10,domReady
FN:16,(anonymous_3)
FN:22,(anonymous_4)
FN:32,processQ
FN:55,(anonymous_6)
FN:65,(anonymous_7)
FN:67,(anonymous_8)
FN:71,(anonymous_9)
FN:74,(anonymous_10)
FN:81,(anonymous_11)
FN:102,(anonymous_12)
FN:108,(anonymous_13)
FNF:13
FNH:7
FNDA:1,(anonymous_1)
FNDA:2,domReady
FNDA:1,(anonymous_3)
FNDA:0,(anonymous_4)
FNDA:1,processQ
FNDA:1,(anonymous_6)
FNDA:3,(anonymous_7)
FNDA:3,(anonymous_8)
FNDA:0,(anonymous_9)
FNDA:0,(anonymous_10)
FNDA:0,(anonymous_11)
FNDA:0,(anonymous_12)
FNDA:0,(anonymous_13)
DA:1,1
DA:2,1
DA:10,1
DA:13,2
DA:14,2
DA:16,1
DA:17,1
DA:21,1
DA:22,1
DA:30,1
DA:32,1
DA:35,1
DA:36,1
DA:38,1
DA:39,5
DA:40,5
DA:42,0
DA:46,1
DA:50,1
DA:53,1
DA:54,1
DA:56,1
DA:57,1
DA:60,1
DA:62,1
DA:63,1
DA:66,3
DA:67,3
DA:70,1
DA:71,0
DA:72,0
DA:73,0
DA:74,0
DA:77,0
DA:78,0
DA:79,0
DA:81,0
DA:84,0
DA:85,0
DA:86,0
DA:93,1
DA:94,1
DA:96,1
DA:97,1
DA:98,0
DA:102,0
DA:103,0
DA:107,1
DA:108,0
DA:109,0
DA:110,0
DA:111,0
DA:112,0
DA:113,0
DA:114,0
DA:117,0
DA:119,0
DA:123,1
LF:58
LH:34
BRDA:14,1,0,0
BRDA:14,1,1,2
BRDA:30,2,0,0
BRDA:30,2,1,1
BRDA:35,3,0,0
BRDA:35,3,1,1
BRDA:53,4,0,1
BRDA:53,4,1,0
BRDA:56,5,0,1
BRDA:56,5,1,0
BRDA:57,6,0,0
BRDA:57,6,1,1
BRDA:57,7,0,1
BRDA:57,7,1,1
BRDA:57,7,2,1
BRDA:60,8,0,0
BRDA:60,8,1,1
BRDA:70,9,0,0
BRDA:70,9,1,1
BRDA:79,10,0,0
BRDA:79,10,1,0
BRDA:79,11,0,0
BRDA:79,11,1,0
BRDA:96,12,0,1
BRDA:96,12,1,0
BRDA:98,13,0,0
BRDA:98,13,1,0
BRDA:107,14,0,0
BRDA:107,14,1,1
BRDA:109,15,0,0
BRDA:109,15,1,0
BRDA:112,16,0,0
BRDA:112,16,1,0
BRF:33
BRH:13
end_of_record
TN:
SF:dojo/dom.js
FN:2,(anonymous_1)
FN:27,(anonymous_2)
FN:51,(anonymous_3)
FN:89,(anonymous_4)
FN:119,(anonymous_5)
FN:160,(anonymous_6)
FN:163,(anonymous_7)
FNF:7
FNH:3
FNDA:1,(anonymous_1)
FNDA:0,(anonymous_2)
FNDA:9,(anonymous_3)
FNDA:0,(anonymous_4)
FNDA:1,(anonymous_5)
FNDA:0,(anonymous_6)
FNDA:0,(anonymous_7)
DA:1,1
DA:8,1
DA:9,0
DA:10,0
DA:21,1
DA:26,1
DA:27,0
DA:28,0
DA:29,0
DA:31,0
DA:34,0
DA:35,0
DA:37,0
DA:38,0
DA:39,0
DA:42,0
DA:43,0
DA:44,0
DA:45,0
DA:51,1
DA:54,9
DA:89,1
DA:101,0
DA:102,0
DA:103,0
DA:104,0
DA:105,0
DA:106,0
DA:108,0
DA:111,0
DA:119,1
DA:121,1
DA:123,1
DA:124,1
DA:130,1
DA:131,4
DA:133,1
DA:138,0
DA:159,1
DA:160,1
DA:162,0
DA:164,0
DA:168,0
DA:171,0
DA:172,0
DA:173,0
DA:174,0
DA:177,0
DA:178,0
DA:179,0
DA:184,1
LF:51
LH:17
BRDA:8,1,0,0
BRDA:8,1,1,1
BRDA:26,2,0,0
BRDA:26,2,1,1
BRDA:28,3,0,0
BRDA:28,3,1,0
BRDA:31,4,0,0
BRDA:31,4,1,0
BRDA:31,5,0,0
BRDA:31,5,1,0
BRDA:34,6,0,0
BRDA:34,6,1,0
BRDA:34,7,0,0
BRDA:34,7,1,0
BRDA:34,7,2,0
BRDA:38,8,0,0
BRDA:38,8,1,0
BRDA:38,9,0,0
BRDA:38,9,1,0
BRDA:44,10,0,0
BRDA:44,10,1,0
BRDA:44,11,0,0
BRDA:44,11,1,0
BRDA:44,11,2,0
BRDA:44,11,3,0
BRDA:54,12,0,9
BRDA:54,12,1,0
BRDA:54,13,0,2
BRDA:54,13,1,7
BRDA:54,14,0,2
BRDA:54,14,1,2
BRDA:105,15,0,0
BRDA:105,15,1,0
BRDA:121,16,0,0
BRDA:121,16,1,1
BRDA:135,17,0,3
BRDA:135,17,1,3
BRDA:131,18,0,1
BRDA:131,18,1,3
BRDA:160,19,0,1
BRDA:160,19,1,0
BRDA:162,20,0,0
BRDA:162,20,1,0
BRDA:171,21,0,0
BRDA:171,21,1,0
BRF:45
BRH:13
end_of_record
TN:
SF:dojo/_base/event.js
FN:1,(anonymous_1)
FN:7,(anonymous_2)
FN:22,(anonymous_3)
FN:36,(anonymous_4)
FNF:4
FNH:1
FNDA:1,(anonymous_1)
FNDA:0,(anonymous_2)
FNDA:0,(anonymous_3)
FNDA:0,(anonymous_4)
DA:1,1
DA:5,1
DA:6,0
DA:7,0
DA:9,0
DA:10,0
DA:11,0
DA:13,0
DA:17,1
DA:30,0
DA:31,0
DA:33,0
DA:42,0
DA:43,0
DA:44,0
DA:46,0
DA:47,0
DA:48,0
DA:53,1
DA:54,1
DA:55,1
DA:58,1
LF:22
LH:7
BRDA:5,1,0,0
BRDA:5,1,1,1
BRDA:10,2,0,0
BRDA:10,2,1,0
BRDA:30,3,0,0
BRDA:30,3,1,0
BRDA:42,4,0,0
BRDA:42,4,1,0
BRDA:42,5,0,0
BRDA:42,5,1,0
BRDA:42,5,2,0
BRDA:46,6,0,0
BRDA:46,6,1,0
BRDA:53,7,0,1
BRDA:53,7,1,0
BRF:15
BRH:2
end_of_record
TN:
SF:dojo/dom-construct.js
FN:2,(anonymous_1)
FN:43,(anonymous_2)
FN:49,(anonymous_3)
FN:58,_insertBefore
FN:65,_insertAfter
FN:78,toDom
FN:136,place
FN:214,create
FN:289,_empty
FN:306,empty
FN:323,_destroy
FN:336,destroy
FNF:12
FNH:3
FNDA:1,(anonymous_1)
FNDA:0,(anonymous_2)
FNDA:0,(anonymous_3)
FNDA:0,_insertBefore
FNDA:0,_insertAfter
FNDA:0,toDom
FNDA:1,place
FNDA:1,create
FNDA:0,_empty
FNDA:0,empty
FNDA:0,_destroy
FNDA:0,destroy
DA:1,1
DA:11,1
DA:31,1
DA:32,12
DA:33,12
DA:34,12
DA:35,12
DA:41,1
DA:42,1
DA:43,0
DA:44,0
DA:45,0
DA:46,0
DA:47,0
DA:50,0
DA:54,0
DA:58,1
DA:59,0
DA:60,0
DA:61,0
DA:65,1
DA:68,0
DA:69,0
DA:70,0
DA:71,0
DA:73,0
DA:78,1
DA:92,0
DA:93,0
DA:94,0
DA:95,0
DA:96,0
DA:99,0
DA:100,0
DA:101,0
DA:106,0
DA:109,0
DA:113,0
DA:114,0
DA:115,0
DA:116,0
DA:117,0
DA:120,0
DA:124,0
DA:125,0
DA:129,0
DA:130,0
DA:131,0
DA:133,0
DA:136,1
DA:175,1
DA:176,1
DA:177,0
DA:179,1
DA:180,0
DA:181,0
DA:182,0
DA:184,0
DA:187,1
DA:189,0
DA:190,0
DA:192,0
DA:193,0
DA:195,0
DA:196,0
DA:198,0
DA:199,0
DA:200,0
DA:202,0
DA:203,0
DA:204,0
DA:208,1
DA:211,1
DA:214,1
DA:276,1
DA:277,1
DA:278,1
DA:279,1
DA:281,1
DA:282,1
DA:284,1
DA:285,1
DA:286,1
DA:289,1
DA:290,0
DA:291,0
DA:293,0
DA:294,0
DA:301,0
DA:302,0
DA:306,1
DA:319,0
DA:323,1
DA:325,0
DA:326,0
DA:328,0
DA:333,0
DA:336,1
DA:356,0
DA:357,0
DA:358,0
LF:101
LH:33
BRDA:32,1,0,12
BRDA:32,1,1,0
BRDA:34,2,0,1
BRDA:34,2,1,11
BRDA:42,3,0,0
BRDA:42,3,1,1
BRDA:46,4,0,0
BRDA:46,4,1,0
BRDA:60,5,0,0
BRDA:60,5,1,0
BRDA:69,6,0,0
BRDA:69,6,1,0
BRDA:70,7,0,0
BRDA:70,7,1,0
BRDA:92,8,0,0
BRDA:92,8,1,0
BRDA:94,9,0,0
BRDA:94,9,1,0
BRDA:99,10,0,0
BRDA:99,10,1,0
BRDA:100,11,0,0
BRDA:100,11,1,0
BRDA:100,12,0,0
BRDA:100,12,1,0
BRDA:110,13,0,0
BRDA:110,13,1,0
BRDA:113,14,0,0
BRDA:113,14,1,0
BRDA:113,15,0,0
BRDA:113,15,1,0
BRDA:124,16,0,0
BRDA:124,16,1,0
BRDA:176,17,0,0
BRDA:176,17,1,1
BRDA:177,18,0,0
BRDA:177,18,1,0
BRDA:179,19,0,0
BRDA:179,19,1,1
BRDA:181,20,0,0
BRDA:181,20,1,0
BRDA:181,21,0,0
BRDA:181,21,1,0
BRDA:184,22,0,0
BRDA:184,22,1,0
BRDA:187,23,0,0
BRDA:187,23,1,0
BRDA:187,23,2,0
BRDA:187,23,3,0
BRDA:187,23,4,0
BRDA:187,23,5,1
BRDA:202,24,0,0
BRDA:202,24,1,0
BRDA:277,25,0,1
BRDA:277,25,1,0
BRDA:281,26,0,1
BRDA:281,26,1,0
BRDA:284,27,0,1
BRDA:284,27,1,0
BRDA:285,28,0,1
BRDA:285,28,1,0
BRDA:290,29,0,0
BRDA:290,29,1,0
BRDA:325,30,0,0
BRDA:325,30,1,0
BRDA:328,31,0,0
BRDA:328,31,1,0
BRDA:333,32,0,0
BRDA:333,32,1,0
BRDA:333,33,0,0
BRDA:333,33,1,0
BRDA:333,33,2,0
BRDA:357,34,0,0
BRDA:357,34,1,0
BRF:73
BRH:11
end_of_record
TN:
SF:dojo/has.js
FN:1,(anonymous_1)
FN:18,(anonymous_2)
FN:34,(anonymous_3)
FN:50,(anonymous_4)
FN:114,(anonymous_5)
FN:121,(anonymous_6)
FN:129,(anonymous_7)
FN:154,(anonymous_8)
FNF:8
FNH:4
FNDA:1,(anonymous_1)
FNDA:0,(anonymous_2)
FNDA:0,(anonymous_3)
FNDA:0,(anonymous_4)
FNDA:0,(anonymous_5)
FNDA:4,(anonymous_6)
FNDA:9,(anonymous_7)
FNDA:3,(anonymous_8)
DA:1,1
DA:18,1
DA:19,1
DA:20,0
DA:34,0
DA:45,0
DA:48,0
DA:50,0
DA:85,0
DA:86,0
DA:92,0
DA:93,0
DA:94,0
DA:95,0
DA:98,1
DA:100,1
DA:101,1
DA:103,1
DA:109,1
DA:110,1
DA:111,1
DA:114,1
DA:117,0
DA:118,0
DA:121,1
DA:127,4
DA:130,9
DA:131,9
DA:133,1
DA:136,8
DA:137,4
DA:139,3
DA:142,1
DA:143,1
DA:147,4
DA:150,4
DA:151,4
DA:154,1
DA:165,3
DA:166,2
DA:168,1
DA:172,1
LF:42
LH:29
BRDA:18,1,0,1
BRDA:18,1,1,0
BRDA:19,2,0,0
BRDA:19,2,1,1
BRDA:23,3,0,0
BRDA:23,3,1,0
BRDA:23,3,2,0
BRDA:23,3,3,0
BRDA:23,3,4,0
BRDA:30,4,0,0
BRDA:30,4,1,0
BRDA:31,5,0,0
BRDA:31,5,1,0
BRDA:32,6,0,0
BRDA:32,6,1,0
BRDA:32,6,2,0
BRDA:45,7,0,0
BRDA:45,7,1,0
BRDA:85,8,0,0
BRDA:85,8,1,0
BRDA:85,8,2,0
BRDA:86,9,0,0
BRDA:86,9,1,0
BRDA:98,10,0,1
BRDA:98,10,1,0
BRDA:101,11,0,1
BRDA:101,11,1,1
BRDA:103,12,0,1
BRDA:103,12,1,0
BRDA:111,13,0,1
BRDA:111,13,1,0
BRDA:131,14,0,1
BRDA:131,14,1,8
BRDA:136,15,0,4
BRDA:136,15,1,4
BRDA:137,16,0,3
BRDA:137,16,1,1
BRDA:137,17,0,4
BRDA:137,17,1,4
BRDA:147,18,0,4
BRDA:147,18,1,1
BRDA:151,19,0,4
BRDA:151,19,1,2
BRDA:165,20,0,2
BRDA:165,20,1,1
BRF:45
BRH:21
end_of_record
TN:
SF:dojo/dom-class.js
FN:1,(anonymous_1)
FN:21,str2array
FN:40,(anonymous_3)
FN:110,containsClass
FN:125,addClass
FN:177,removeClass
FN:235,replaceClass
FN:277,toggleClass
FNF:8
FNH:3
FNDA:1,(anonymous_1)
FNDA:1,str2array
FNDA:0,(anonymous_3)
FNDA:0,containsClass
FNDA:1,addClass
FNDA:0,removeClass
FNDA:0,replaceClass
FNDA:0,toggleClass
DA:1,1
DA:5,1
DA:18,1
DA:21,1
DA:22,1
DA:23,1
DA:24,1
DA:25,1
DA:27,0
DA:28,0
DA:29,0
DA:31,0
DA:32,0
DA:34,0
DA:37,0
DA:38,0
DA:40,0
DA:105,1
DA:106,1
DA:122,0
DA:161,1
DA:162,1
DA:163,1
DA:164,1
DA:165,1
DA:166,1
DA:167,1
DA:168,1
DA:169,1
DA:172,1
DA:173,1
DA:220,0
DA:221,0
DA:222,0
DA:223,0
DA:224,0
DA:225,0
DA:226,0
DA:228,0
DA:230,0
DA:232,0
DA:268,0
DA:269,0
DA:270,0
DA:271,0
DA:272,0
DA:273,0
DA:311,0
DA:312,0
DA:313,0
DA:314,0
DA:315,0
DA:316,0
DA:319,0
DA:321,0
DA:325,1
LF:56
LH:22
BRDA:22,1,0,1
BRDA:22,1,1,0
BRDA:22,2,0,1
BRDA:22,2,1,0
BRDA:23,3,0,1
BRDA:23,3,1,0
BRDA:23,4,0,1
BRDA:23,4,1,1
BRDA:28,5,0,0
BRDA:28,5,1,0
BRDA:28,6,0,0
BRDA:28,6,1,0
BRDA:31,7,0,0
BRDA:31,7,1,0
BRDA:31,8,0,0
BRDA:31,8,1,0
BRDA:37,9,0,0
BRDA:37,9,1,0
BRDA:164,10,0,0
BRDA:164,10,1,1
BRDA:168,11,0,1
BRDA:168,11,1,0
BRDA:168,12,0,1
BRDA:168,12,1,1
BRDA:172,13,0,1
BRDA:172,13,1,0
BRDA:222,14,0,0
BRDA:222,14,1,0
BRDA:232,15,0,0
BRDA:232,15,1,0
BRDA:272,16,0,0
BRDA:272,16,1,0
BRDA:312,17,0,0
BRDA:312,17,1,0
BRDA:316,18,0,0
BRDA:316,18,1,0
BRDA:319,19,0,0
BRDA:319,19,1,0
BRF:38
BRH:10
end_of_record
TN:
SF:dojo/_base/lang.js
FN:1,(anonymous_1)
FN:5,(anonymous_2)
FN:20,(anonymous_3)
FN:41,(anonymous_4)
FN:57,(anonymous_5)
FN:99,(anonymous_6)
FN:161,(anonymous_7)
FN:194,(anonymous_8)
FN:211,(anonymous_9)
FN:240,(anonymous_10)
FN:248,(anonymous_11)
FN:257,(anonymous_12)
FN:265,(anonymous_13)
FN:275,(anonymous_14)
FN:296,(anonymous_15)
FN:303,(anonymous_16)
FN:318,(anonymous_17)
FN:321,(anonymous_18)
FN:331,(anonymous_19)
FN:373,(anonymous_20)
FN:375,(anonymous_21)
FN:378,(anonymous_22)
FN:380,TMP
FN:381,(anonymous_24)
FN:423,(anonymous_25)
FN:424,slow
FN:431,(anonymous_27)
FN:454,(anonymous_28)
FN:467,(anonymous_29)
FN:511,(anonymous_30)
FN:512,(anonymous_31)
FN:531,(anonymous_32)
FN:597,(anonymous_33)
FNF:33
FNH:18
FNDA:1,(anonymous_1)
FNDA:1,(anonymous_2)
FNDA:5,(anonymous_3)
FNDA:3,(anonymous_4)
FNDA:9,(anonymous_5)
FNDA:7,(anonymous_6)
FNDA:5,(anonymous_7)
FNDA:0,(anonymous_8)
FNDA:0,(anonymous_9)
FNDA:9,(anonymous_10)
FNDA:2,(anonymous_11)
FNDA:6,(anonymous_12)
FNDA:1,(anonymous_13)
FNDA:0,(anonymous_14)
FNDA:0,(anonymous_15)
FNDA:1,(anonymous_16)
FNDA:3,(anonymous_17)
FNDA:0,(anonymous_18)
FNDA:9,(anonymous_19)
FNDA:0,(anonymous_20)
FNDA:10,(anonymous_21)
FNDA:1,(anonymous_22)
FNDA:1,TMP
FNDA:1,(anonymous_24)
FNDA:0,(anonymous_25)
FNDA:0,slow
FNDA:0,(anonymous_27)
FNDA:0,(anonymous_28)
FNDA:0,(anonymous_29)
FNDA:0,(anonymous_30)
FNDA:0,(anonymous_31)
FNDA:0,(anonymous_32)
FNDA:0,(anonymous_33)
DA:1,1
DA:5,1
DA:7,1
DA:8,1
DA:10,0
DA:14,1
DA:21,5
DA:22,5
DA:23,5
DA:24,0
DA:26,5
DA:27,5
DA:28,5
DA:30,5
DA:33,5
DA:34,1
DA:36,5
DA:42,3
DA:48,1
DA:73,9
DA:74,9
DA:78,74
DA:79,74
DA:80,73
DA:84,9
DA:85,0
DA:86,0
DA:87,0
DA:88,0
DA:89,0
DA:90,0
DA:96,9
DA:154,7
DA:155,7
DA:156,7
DA:158,7
DA:190,5
DA:191,5
DA:208,0
DA:235,0
DA:245,9
DA:254,2
DA:262,6
DA:271,1
DA:288,0
DA:300,0
DA:312,1
DA:313,1
DA:315,1
DA:319,3
DA:320,3
DA:321,3
DA:323,0
DA:325,0
DA:327,0
DA:363,9
DA:364,3
DA:366,6
DA:367,0
DA:368,0
DA:370,6
DA:371,0
DA:372,0
DA:373,0
DA:375,10
DA:380,1
DA:381,1
DA:382,1
DA:383,1
DA:384,1
DA:385,1
DA:386,1
DA:388,1
DA:424,0
DA:425,0
DA:426,0
DA:427,0
DA:429,0
DA:431,0
DA:432,0
DA:463,0
DA:464,0
DA:473,0
DA:475,0
DA:477,0
DA:479,0
DA:481,0
DA:483,0
DA:485,0
DA:487,0
DA:489,0
DA:490,0
DA:492,0
DA:493,0
DA:494,0
DA:495,0
DA:504,0
DA:506,0
DA:511,0
DA:512,0
DA:596,0
DA:597,0
DA:601,1
DA:603,1
LF:104
LH:55
BRDA:15,1,0,0
BRDA:15,1,1,1
BRDA:22,2,0,5
BRDA:22,2,1,0
BRDA:23,3,0,0
BRDA:23,3,1,5
BRDA:28,4,0,5
BRDA:28,4,1,3
BRDA:30,5,0,5
BRDA:30,5,1,2
BRDA:30,6,0,1
BRDA:30,6,1,1
BRDA:30,7,0,1
BRDA:30,7,1,0
BRDA:33,8,0,6
BRDA:33,8,1,6
BRDA:34,9,0,0
BRDA:34,9,1,1
BRDA:34,10,0,1
BRDA:34,10,1,0
BRDA:42,11,0,3
BRDA:42,11,1,3
BRDA:42,12,0,3
BRDA:42,12,1,0
BRDA:79,13,0,73
BRDA:79,13,1,1
BRDA:79,14,0,74
BRDA:79,14,1,5
BRDA:79,14,2,4
BRDA:79,14,3,1
BRDA:80,15,0,0
BRDA:80,15,1,73
BRDA:84,16,0,0
BRDA:84,16,1,9
BRDA:85,17,0,0
BRDA:85,17,1,0
BRDA:89,18,0,0
BRDA:89,18,1,0
BRDA:89,19,0,0
BRDA:89,19,1,0
BRDA:89,19,2,0
BRDA:89,19,3,0
BRDA:90,20,0,0
BRDA:90,20,1,0
BRDA:154,21,0,0
BRDA:154,21,1,7
BRDA:191,22,0,5
BRDA:191,22,1,0
BRDA:191,23,0,5
BRDA:191,23,1,5
BRDA:245,24,0,9
BRDA:245,24,1,6
BRDA:254,25,0,2
BRDA:254,25,1,2
BRDA:254,25,2,2
BRDA:271,26,0,1
BRDA:271,26,1,1
BRDA:271,26,2,1
BRDA:271,26,3,1
BRDA:271,26,4,1
BRDA:288,27,0,0
BRDA:288,27,1,0
BRDA:288,27,2,0
BRDA:288,27,3,0
BRDA:288,27,4,0
BRDA:288,27,5,0
BRDA:288,27,6,0
BRDA:292,28,0,0
BRDA:292,28,1,0
BRDA:300,29,0,0
BRDA:300,29,1,0
BRDA:300,29,2,0
BRDA:325,30,0,0
BRDA:325,30,1,0
BRDA:325,31,0,0
BRDA:325,31,1,0
BRDA:327,32,0,0
BRDA:327,32,1,0
BRDA:327,33,0,0
BRDA:327,33,1,0
BRDA:363,34,0,3
BRDA:363,34,1,6
BRDA:366,35,0,0
BRDA:366,35,1,6
BRDA:370,36,0,0
BRDA:370,36,1,6
BRDA:371,37,0,0
BRDA:371,37,1,0
BRDA:372,38,0,0
BRDA:372,38,1,0
BRDA:373,39,0,0
BRDA:373,39,1,0
BRDA:375,40,0,0
BRDA:375,40,1,6
BRDA:375,41,0,10
BRDA:375,41,1,0
BRDA:385,42,0,1
BRDA:385,42,1,0
BRDA:422,43,0,0
BRDA:422,43,1,1
BRDA:425,44,0,0
BRDA:425,44,1,0
BRDA:432,45,0,0
BRDA:432,45,1,0
BRDA:473,46,0,0
BRDA:473,46,1,0
BRDA:473,47,0,0
BRDA:473,47,1,0
BRDA:473,47,2,0
BRDA:477,48,0,0
BRDA:477,48,1,0
BRDA:477,49,0,0
BRDA:477,49,1,0
BRDA:481,50,0,0
BRDA:481,50,1,0
BRDA:485,51,0,0
BRDA:485,51,1,0
BRDA:490,52,0,0
BRDA:490,52,1,0
BRDA:494,53,0,0
BRDA:494,53,1,0
BRDA:504,54,0,0
BRDA:504,54,1,0
BRDA:510,55,0,1
BRDA:510,55,1,0
BRDA:596,56,0,0
BRDA:596,56,1,0
BRDA:596,57,0,0
BRDA:596,57,1,0
BRDA:601,58,0,1
BRDA:601,58,1,1
BRF:131
BRH:50
end_of_record
TN:
SF:dojo/_base/declare.js
FN:1,(anonymous_1)
FN:8,err
FN:11,c3mro
FN:86,inherited
FN:194,getInherited
FN:201,inherited__debug
FN:210,isInstanceOf
FN:220,mixOwn
FN:238,safeMixin
FN:324,extend
FN:329,createSubclass
FN:334,chainedConstructor
FN:335,(anonymous_13)
FN:397,singleConstructor
FN:398,(anonymous_15)
FN:442,simpleConstructor
FN:443,(anonymous_17)
FN:471,chain
FN:472,(anonymous_19)
FN:491,forceNew
FN:503,applyNew
FN:512,declare
FNF:22
FNH:10
FNDA:1,(anonymous_1)
FNDA:0,err
FNDA:2,c3mro
FNDA:0,inherited
FNDA:0,getInherited
FNDA:0,inherited__debug
FNDA:0,isInstanceOf
FNDA:1,mixOwn
FNDA:5,safeMixin
FNDA:0,extend
FNDA:0,createSubclass
FNDA:2,chainedConstructor
FNDA:1,(anonymous_13)
FNDA:3,singleConstructor
FNDA:1,(anonymous_15)
FNDA:0,simpleConstructor
FNDA:0,(anonymous_17)
FNDA:0,chain
FNDA:0,(anonymous_19)
FNDA:3,forceNew
FNDA:0,applyNew
FNDA:5,declare
DA:1,1
DA:5,1
DA:8,1
DA:11,1
DA:12,2
DA:16,2
DA:17,3
DA:18,3
DA:19,0
DA:20,3
DA:21,0
DA:23,3
DA:24,3
DA:26,3
DA:27,5
DA:28,5
DA:29,0
DA:31,5
DA:32,5
DA:33,5
DA:34,5
DA:36,5
DA:37,5
DA:38,2
DA:39,2
DA:41,5
DA:43,3
DA:44,3
DA:48,2
DA:49,4
DA:50,4
DA:51,4
DA:53,4
DA:54,3
DA:55,3
DA:57,0
DA:58,0
DA:60,3
DA:61,3
DA:63,4
DA:65,4
DA:66,2
DA:67,2
DA:68,2
DA:73,2
DA:74,0
DA:78,2
DA:79,2
DA:83,2
DA:86,1
DA:87,0
DA:91,0
DA:92,0
DA:93,0
DA:94,0
DA:96,0
DA:98,0
DA:99,0
DA:100,0
DA:101,0
DA:104,0
DA:105,0
DA:107,0
DA:108,0
DA:110,0
DA:112,0
DA:113,0
DA:114,0
DA:115,0
DA:117,0
DA:118,0
DA:119,0
DA:122,0
DA:123,0
DA:124,0
DA:125,0
DA:126,0
DA:129,0
DA:133,0
DA:134,0
DA:135,0
DA:136,0
DA:137,0
DA:139,0
DA:140,0
DA:141,0
DA:142,0
DA:143,0
DA:144,0
DA:149,0
DA:152,0
DA:154,0
DA:155,0
DA:156,0
DA:158,0
DA:159,0
DA:160,0
DA:163,0
DA:164,0
DA:165,0
DA:166,0
DA:169,0
DA:173,0
DA:174,0
DA:175,0
DA:176,0
DA:177,0
DA:180,0
DA:184,0
DA:185,0
DA:188,0
DA:189,0
DA:194,1
DA:195,0
DA:196,0
DA:198,0
DA:201,1
DA:202,0
DA:203,0
DA:207,1
DA:210,1
DA:211,0
DA:212,0
DA:213,0
DA:214,0
DA:217,0
DA:220,1
DA:222,1
DA:223,8
DA:224,7
DA:227,1
DA:228,0
DA:229,0
DA:230,0
DA:231,0
DA:238,1
DA:296,5
DA:298,5
DA:299,78
DA:300,78
DA:301,77
DA:303,55
DA:305,77
DA:308,5
DA:309,0
DA:310,0
DA:311,0
DA:312,0
DA:313,0
DA:315,0
DA:317,0
DA:321,5
DA:324,1
DA:325,0
DA:326,0
DA:329,1
DA:330,0
DA:334,1
DA:335,2
DA:336,1
DA:339,1
DA:341,0
DA:347,1
DA:349,0
DA:351,0
DA:352,0
DA:354,0
DA:355,0
DA:356,0
DA:357,0
DA:358,0
DA:362,0
DA:363,0
DA:364,0
DA:365,0
DA:372,0
DA:373,0
DA:375,0
DA:379,1
DA:380,4
DA:381,4
DA:382,4
DA:383,4
DA:384,4
DA:388,1
DA:389,1
DA:390,1
DA:397,1
DA:398,3
DA:399,1
DA:401,1
DA:403,0
DA:409,1
DA:411,1
DA:413,1
DA:414,1
DA:415,0
DA:418,1
DA:419,1
DA:421,0
DA:430,1
DA:431,1
DA:434,1
DA:435,1
DA:436,0
DA:442,1
DA:443,0
DA:444,0
DA:446,0
DA:448,0
DA:455,0
DA:456,0
DA:457,0
DA:458,0
DA:459,0
DA:460,0
DA:464,0
DA:465,0
DA:466,0
DA:471,1
DA:472,0
DA:473,0
DA:474,0
DA:475,0
DA:476,0
DA:478,0
DA:479,0
DA:480,0
DA:481,0
DA:482,0
DA:491,1
DA:494,3
DA:495,3
DA:496,3
DA:497,3
DA:503,1
DA:506,0
DA:508,0
DA:509,0
DA:512,1
DA:729,5
DA:730,0
DA:731,0
DA:732,0
DA:734,5
DA:736,5
DA:739,5
DA:741,2
DA:742,2
DA:743,2
DA:744,2
DA:746,3
DA:747,3
DA:748,0
DA:749,0
DA:750,0
DA:752,0
DA:754,3
DA:755,0
DA:758,5
DA:759,2
DA:760,3
DA:761,3
DA:763,2
DA:766,1
DA:767,1
DA:769,1
DA:770,1
DA:771,1
DA:772,1
DA:775,3
DA:778,5
DA:780,5
DA:781,5
DA:782,1
DA:783,1
DA:787,5
DA:788,1
DA:789,1
DA:790,0
DA:793,5
DA:794,0
DA:798,5
DA:799,5
DA:803,5
DA:805,5
DA:806,5
DA:807,5
DA:808,5
DA:809,5
DA:812,5
DA:813,5
DA:814,5
DA:815,5
DA:818,5
DA:819,5
DA:820,5
DA:824,5
DA:825,0
DA:826,0
DA:827,0
DA:828,0
DA:835,5
DA:1085,1
DA:1086,1
DA:1088,1
LF:306
LH:154
BRDA:8,1,0,0
BRDA:8,1,1,0
BRDA:18,2,0,0
BRDA:18,2,1,3
BRDA:20,3,0,0
BRDA:20,3,1,3
BRDA:23,4,0,3
BRDA:23,4,1,0
BRDA:28,5,0,0
BRDA:28,5,1,5
BRDA:32,6,0,5
BRDA:32,6,1,0
BRDA:37,7,0,2
BRDA:37,7,1,3
BRDA:37,8,0,5
BRDA:37,8,1,2
BRDA:55,9,0,0
BRDA:55,9,1,3
BRDA:55,10,0,3
BRDA:55,10,1,3
BRDA:63,11,0,4
BRDA:63,11,1,0
BRDA:67,12,0,2
BRDA:67,12,1,0
BRDA:73,13,0,0
BRDA:73,13,1,2
BRDA:79,14,0,2
BRDA:79,14,1,0
BRDA:80,15,0,2
BRDA:80,15,1,0
BRDA:80,16,0,2
BRDA:80,16,1,2
BRDA:88,17,0,0
BRDA:88,17,1,0
BRDA:91,18,0,0
BRDA:91,18,1,0
BRDA:99,19,0,0
BRDA:99,19,1,0
BRDA:100,20,0,0
BRDA:100,20,1,0
BRDA:108,21,0,0
BRDA:108,21,1,0
BRDA:110,22,0,0
BRDA:110,22,1,0
BRDA:115,23,0,0
BRDA:115,23,1,0
BRDA:118,24,0,0
BRDA:118,24,1,0
BRDA:118,25,0,0
BRDA:118,25,1,0
BRDA:125,26,0,0
BRDA:125,26,1,0
BRDA:125,27,0,0
BRDA:125,27,1,0
BRDA:125,27,2,0
BRDA:125,27,3,0
BRDA:129,28,0,0
BRDA:129,28,1,0
BRDA:134,29,0,0
BRDA:134,29,1,0
BRDA:136,30,0,0
BRDA:136,30,1,0
BRDA:136,31,0,0
BRDA:136,31,1,0
BRDA:143,32,0,0
BRDA:143,32,1,0
BRDA:143,33,0,0
BRDA:143,33,1,0
BRDA:143,34,0,0
BRDA:143,34,1,0
BRDA:149,35,0,0
BRDA:149,35,1,0
BRDA:149,35,2,0
BRDA:152,36,0,0
BRDA:152,36,1,0
BRDA:156,37,0,0
BRDA:156,37,1,0
BRDA:156,38,0,0
BRDA:156,38,1,0
BRDA:159,39,0,0
BRDA:159,39,1,0
BRDA:159,40,0,0
BRDA:159,40,1,0
BRDA:165,41,0,0
BRDA:165,41,1,0
BRDA:165,42,0,0
BRDA:165,42,1,0
BRDA:169,43,0,0
BRDA:169,43,1,0
BRDA:175,44,0,0
BRDA:175,44,1,0
BRDA:176,45,0,0
BRDA:176,45,1,0
BRDA:180,46,0,0
BRDA:180,46,1,0
BRDA:188,47,0,0
BRDA:188,47,1,0
BRDA:189,48,0,0
BRDA:189,48,1,0
BRDA:189,49,0,0
BRDA:189,49,1,0
BRDA:195,50,0,0
BRDA:195,50,1,0
BRDA:203,51,0,0
BRDA:203,51,1,0
BRDA:203,52,0,0
BRDA:203,52,1,0
BRDA:203,52,2,0
BRDA:207,53,0,1
BRDA:207,53,1,0
BRDA:213,54,0,0
BRDA:213,54,1,0
BRDA:223,55,0,7
BRDA:223,55,1,1
BRDA:223,56,0,8
BRDA:223,56,1,7
BRDA:227,57,0,0
BRDA:227,57,1,1
BRDA:230,58,0,0
BRDA:230,58,1,0
BRDA:230,59,0,0
BRDA:230,59,1,0
BRDA:300,60,0,77
BRDA:300,60,1,1
BRDA:300,61,0,78
BRDA:300,61,1,0
BRDA:300,61,2,78
BRDA:301,62,0,55
BRDA:301,62,1,22
BRDA:308,63,0,0
BRDA:308,63,1,5
BRDA:312,64,0,0
BRDA:312,64,1,0
BRDA:312,65,0,0
BRDA:312,65,1,0
BRDA:312,65,2,0
BRDA:313,66,0,0
BRDA:313,66,1,0
BRDA:330,67,0,0
BRDA:330,67,1,0
BRDA:339,68,0,0
BRDA:339,68,1,1
BRDA:347,69,0,0
BRDA:347,69,1,1
BRDA:347,70,0,1
BRDA:347,70,1,1
BRDA:347,70,2,1
BRDA:347,70,3,1
BRDA:355,71,0,0
BRDA:355,71,1,0
BRDA:357,72,0,0
BRDA:357,72,1,0
BRDA:358,73,0,0
BRDA:358,73,1,0
BRDA:363,74,0,0
BRDA:363,74,1,0
BRDA:364,75,0,0
BRDA:364,75,1,0
BRDA:365,76,0,0
BRDA:365,76,1,0
BRDA:372,77,0,0
BRDA:372,77,1,0
BRDA:382,78,0,4
BRDA:382,78,1,0
BRDA:383,79,0,4
BRDA:383,79,1,0
BRDA:384,80,0,0
BRDA:384,80,1,4
BRDA:389,81,0,1
BRDA:389,81,1,0
BRDA:401,82,0,0
BRDA:401,82,1,1
BRDA:409,83,0,1
BRDA:409,83,1,0
BRDA:411,84,0,1
BRDA:411,84,1,0
BRDA:414,85,0,0
BRDA:414,85,1,1
BRDA:415,86,0,0
BRDA:415,86,1,0
BRDA:419,87,0,0
BRDA:419,87,1,1
BRDA:430,88,0,1
BRDA:430,88,1,0
BRDA:435,89,0,0
BRDA:435,89,1,1
BRDA:446,90,0,0
BRDA:446,90,1,0
BRDA:457,91,0,0
BRDA:457,91,1,0
BRDA:458,92,0,0
BRDA:458,92,1,0
BRDA:465,93,0,0
BRDA:465,93,1,0
BRDA:474,94,0,0
BRDA:474,94,1,0
BRDA:480,95,0,0
BRDA:480,95,1,0
BRDA:481,96,0,0
BRDA:481,96,1,0
BRDA:729,97,0,0
BRDA:729,97,1,5
BRDA:734,98,0,5
BRDA:734,98,1,0
BRDA:739,99,0,2
BRDA:739,99,1,3
BRDA:747,100,0,0
BRDA:747,100,1,3
BRDA:748,101,0,0
BRDA:748,101,1,0
BRDA:750,102,0,0
BRDA:750,102,1,0
BRDA:754,103,0,0
BRDA:754,103,1,3
BRDA:758,104,0,2
BRDA:758,104,1,3
BRDA:761,105,0,2
BRDA:761,105,1,1
BRDA:767,106,0,1
BRDA:767,106,1,0
BRDA:781,107,0,1
BRDA:781,107,1,4
BRDA:789,108,0,0
BRDA:789,108,1,1
BRDA:789,109,0,1
BRDA:789,109,1,1
BRDA:790,110,0,0
BRDA:790,110,1,0
BRDA:793,111,0,0
BRDA:793,111,1,5
BRDA:794,112,0,0
BRDA:794,112,1,0
BRDA:798,113,0,5
BRDA:798,113,1,0
BRDA:799,114,0,0
BRDA:799,114,1,5
BRDA:799,115,0,5
BRDA:799,115,1,0
BRDA:800,116,0,3
BRDA:800,116,1,2
BRDA:805,117,0,5
BRDA:805,117,1,2
BRDA:818,118,0,5
BRDA:818,118,1,0
BRDA:824,119,0,0
BRDA:824,119,1,5
BRDA:826,120,0,0
BRDA:826,120,1,0
BRDA:826,121,0,0
BRDA:826,121,1,0
BRDA:826,121,2,0
BRF:251
BRH:75
end_of_record
TN:
SF:dojo/sniff.js
FN:1,(anonymous_1)
FNF:1
FNH:1
FNDA:1,(anonymous_1)
DA:1,1
DA:13,1
DA:14,1
DA:19,1
DA:20,1
DA:21,1
DA:22,1
DA:23,1
DA:24,1
DA:25,1
DA:26,1
DA:27,1
DA:28,0
DA:29,0
DA:30,0
DA:31,0
DA:32,0
DA:34,1
DA:35,1
DA:37,1
DA:39,1
DA:41,1
DA:44,0
DA:48,1
DA:49,1
DA:51,1
DA:53,1
DA:57,1
DA:58,0
DA:66,0
DA:67,0
DA:68,0
DA:71,0
DA:75,1
DA:79,1
LF:35
LH:24
BRDA:13,1,0,1
BRDA:13,1,1,0
BRDA:20,2,0,1
BRDA:20,2,1,1
BRDA:21,3,0,0
BRDA:21,3,1,1
BRDA:22,4,0,1
BRDA:22,4,1,1
BRDA:23,5,0,1
BRDA:23,5,1,1
BRDA:24,6,0,0
BRDA:24,6,1,1
BRDA:24,7,0,1
BRDA:24,7,1,0
BRDA:27,8,0,0
BRDA:27,8,1,1
BRDA:29,9,0,0
BRDA:29,9,1,0
BRDA:34,10,0,1
BRDA:34,10,1,1
BRDA:35,11,0,1
BRDA:35,11,1,1
BRDA:35,11,2,0
BRDA:35,11,3,1
BRDA:39,12,0,1
BRDA:39,12,1,0
BRDA:41,13,0,0
BRDA:41,13,1,1
BRDA:44,14,0,0
BRDA:44,14,1,0
BRDA:44,15,0,0
BRDA:44,15,1,0
BRDA:48,16,0,1
BRDA:48,16,1,0
BRDA:48,17,0,1
BRDA:48,17,1,1
BRDA:48,17,2,1
BRDA:51,18,0,1
BRDA:51,18,1,0
BRDA:53,19,0,1
BRDA:53,19,1,1
BRDA:53,20,0,1
BRDA:53,20,1,1
BRDA:57,21,0,0
BRDA:57,21,1,1
BRDA:57,22,0,1
BRDA:57,22,1,0
BRDA:58,23,0,0
BRDA:58,23,1,0
BRDA:67,24,0,0
BRDA:67,24,1,0
BRDA:67,25,0,0
BRDA:67,25,1,0
BRDA:67,25,2,0
BRDA:75,26,0,1
BRDA:75,26,1,0
BRF:56
BRH:30
end_of_record
TN:
SF:dojo/keys.js
FN:1,(anonymous_1)
FNF:1
FNH:1
FNDA:1,(anonymous_1)
DA:1,1
DA:6,1
LF:2
LH:2
BRDA:18,1,0,0
BRDA:18,1,1,1
BRDA:75,2,0,0
BRDA:75,2,1,1
BRDA:75,3,0,1
BRDA:75,3,1,0
BRDA:75,4,0,0
BRDA:75,4,1,0
BRF:8
BRH:3
end_of_record
TN:
SF:dojo/_base/window.js
FN:1,(anonymous_1)
FN:35,(anonymous_2)
FN:47,(anonymous_3)
FN:58,(anonymous_4)
FN:81,(anonymous_5)
FNF:5
FNH:2
FNDA:1,(anonymous_1)
FNDA:1,(anonymous_2)
FNDA:0,(anonymous_3)
FNDA:0,(anonymous_4)
FNDA:0,(anonymous_5)
DA:1,1
DA:5,1
DA:43,1
DA:44,1
DA:54,0
DA:55,0
DA:72,0
DA:73,0
DA:74,0
DA:75,0
DA:77,0
DA:93,0
DA:97,0
DA:98,0
DA:101,0
DA:103,0
DA:104,0
DA:108,0
DA:109,0
DA:110,0
DA:111,0
DA:113,0
DA:117,0
DA:118,0
DA:121,0
DA:123,0
DA:124,0
DA:125,0
DA:130,1
DA:132,1
LF:30
LH:6
BRDA:21,1,0,1
BRDA:21,1,1,0
BRDA:43,2,0,1
BRDA:43,2,1,0
BRDA:44,3,0,1
BRDA:44,3,1,0
BRDA:103,4,0,0
BRDA:103,4,1,0
BRDA:104,5,0,0
BRDA:104,5,1,0
BRDA:104,6,0,0
BRDA:104,6,1,0
BRDA:108,7,0,0
BRDA:108,7,1,0
BRDA:110,8,0,0
BRDA:110,8,1,0
BRDA:110,9,0,0
BRDA:110,9,1,0
BRDA:110,9,2,0
BRDA:117,10,0,0
BRDA:117,10,1,0
BRDA:117,11,0,0
BRDA:117,11,1,0
BRDA:121,12,0,0
BRDA:121,12,1,0
BRDA:130,13,0,1
BRDA:130,13,1,1
BRF:27
BRH:5
end_of_record
TN:
SF:dojo/on.js
FN:1,(anonymous_1)
FN:9,(anonymous_2)
FN:15,(anonymous_3)
FN:56,(anonymous_4)
FN:63,(anonymous_5)
FN:68,(anonymous_6)
FN:71,(anonymous_7)
FN:76,(anonymous_8)
FN:81,(anonymous_9)
FN:89,(anonymous_10)
FN:105,(anonymous_11)
FN:115,addListener
FN:152,(anonymous_13)
FN:164,(anonymous_14)
FN:181,(anonymous_15)
FN:185,select
FN:201,(anonymous_17)
FN:210,syntheticPreventDefault
FN:214,syntheticStopPropagation
FN:218,(anonymous_20)
FN:289,(anonymous_21)
FN:293,(anonymous_22)
FN:294,(anonymous_23)
FN:304,(anonymous_24)
FN:326,(anonymous_25)
FN:383,(anonymous_26)
FN:386,(anonymous_27)
FN:389,(anonymous_28)
FN:391,(anonymous_29)
FN:397,(anonymous_30)
FN:406,(anonymous_31)
FN:434,(anonymous_32)
FN:439,(anonymous_33)
FN:442,(anonymous_34)
FN:464,(anonymous_35)
FN:466,(anonymous_36)
FN:467,(anonymous_37)
FN:494,(anonymous_38)
FN:497,(anonymous_39)
FNF:39
FNH:5
FNDA:1,(anonymous_1)
FNDA:1,(anonymous_2)
FNDA:6,(anonymous_3)
FNDA:0,(anonymous_4)
FNDA:0,(anonymous_5)
FNDA:0,(anonymous_6)
FNDA:0,(anonymous_7)
FNDA:0,(anonymous_8)
FNDA:0,(anonymous_9)
FNDA:9,(anonymous_10)
FNDA:0,(anonymous_11)
FNDA:6,addListener
FNDA:0,(anonymous_13)
FNDA:0,(anonymous_14)
FNDA:0,(anonymous_15)
FNDA:0,select
FNDA:0,(anonymous_17)
FNDA:0,syntheticPreventDefault
FNDA:0,syntheticStopPropagation
FNDA:0,(anonymous_20)
FNDA:0,(anonymous_21)
FNDA:0,(anonymous_22)
FNDA:0,(anonymous_23)
FNDA:0,(anonymous_24)
FNDA:0,(anonymous_25)
FNDA:0,(anonymous_26)
FNDA:0,(anonymous_27)
FNDA:0,(anonymous_28)
FNDA:0,(anonymous_29)
FNDA:0,(anonymous_30)
FNDA:0,(anonymous_31)
FNDA:0,(anonymous_32)
FNDA:0,(anonymous_33)
FNDA:0,(anonymous_34)
FNDA:0,(anonymous_35)
FNDA:0,(anonymous_36)
FNDA:0,(anonymous_37)
FNDA:0,(anonymous_38)
FNDA:0,(anonymous_39)
DA:1,1
DA:3,1
DA:4,1
DA:5,1
DA:6,1
DA:7,1
DA:8,1
DA:9,1
DA:12,1
DA:15,1
DA:47,6
DA:51,0
DA:54,6
DA:56,1
DA:62,0
DA:63,0
DA:64,0
DA:65,0
DA:68,0
DA:69,0
DA:71,0
DA:72,0
DA:74,0
DA:76,1
DA:81,0
DA:83,0
DA:85,0
DA:87,0
DA:89,1
DA:90,9
DA:93,0
DA:96,9
DA:98,0
DA:99,0
DA:100,0
DA:101,0
DA:102,0
DA:103,0
DA:105,0
DA:106,0
DA:107,0
DA:110,0
DA:112,9
DA:114,1
DA:115,1
DA:117,6
DA:119,6
DA:120,0
DA:121,0
DA:123,0
DA:126,6
DA:127,0
DA:129,0
DA:131,0
DA:134,0
DA:135,0
DA:136,0
DA:139,6
DA:141,0
DA:144,6
DA:147,6
DA:149,6
DA:151,6
DA:153,0
DA:157,0
DA:158,0
DA:159,0
DA:161,0
DA:164,1
DA:181,0
DA:183,0
DA:185,0
DA:187,0
DA:189,0
DA:190,0
DA:191,0
DA:194,0
DA:196,0
DA:198,0
DA:201,0
DA:203,0
DA:205,0
DA:210,1
DA:211,0
DA:212,0
DA:214,1
DA:215,0
DA:217,1
DA:266,0
DA:267,0
DA:268,0
DA:270,0
DA:271,0
DA:272,0
DA:274,0
DA:275,0
DA:276,0
DA:277,0
DA:278,0
DA:280,0
DA:282,0
DA:285,0
DA:287,1
DA:288,1
DA:289,0
DA:290,0
DA:291,0
DA:293,0
DA:294,0
DA:295,0
DA:296,0
DA:297,0
DA:302,1
DA:304,1
DA:305,0
DA:312,0
DA:313,0
DA:315,0
DA:316,0
DA:317,0
DA:320,0
DA:322,0
DA:326,0
DA:334,0
DA:335,0
DA:336,0
DA:338,0
DA:339,0
DA:340,0
DA:343,0
DA:349,0
DA:350,0
DA:351,0
DA:352,0
DA:353,0
DA:355,0
DA:356,0
DA:358,0
DA:359,0
DA:360,0
DA:362,0
DA:364,0
DA:365,0
DA:367,0
DA:368,0
DA:369,0
DA:370,0
DA:371,0
DA:372,0
DA:376,0
DA:377,0
DA:378,0
DA:381,0
DA:383,0
DA:384,0
DA:386,0
DA:387,0
DA:389,0
DA:391,0
DA:392,0
DA:393,0
DA:394,0
DA:396,0
DA:397,0
DA:398,0
DA:401,0
DA:403,0
DA:406,0
DA:407,0
DA:408,0
DA:413,0
DA:414,0
DA:416,0
DA:417,0
DA:418,0
DA:419,0
DA:420,0
DA:421,0
DA:422,0
DA:423,0
DA:424,0
DA:427,0
DA:428,0
DA:429,0
DA:431,0
DA:434,0
DA:435,0
DA:436,0
DA:439,0
DA:440,0
DA:442,0
DA:449,0
DA:450,0
DA:451,0
DA:454,0
DA:458,0
DA:459,0
DA:460,0
DA:463,1
DA:464,0
DA:465,0
DA:466,0
DA:467,0
DA:474,0
DA:475,0
DA:476,0
DA:477,0
DA:478,0
DA:480,0
DA:482,0
DA:484,0
DA:485,0
DA:486,0
DA:490,0
DA:491,0
DA:494,0
DA:495,0
DA:497,0
DA:498,0
DA:502,0
DA:503,0
DA:505,0
DA:506,0
DA:507,0
DA:508,0
DA:510,0
DA:511,0
DA:512,0
DA:515,0
DA:516,0
DA:517,0
DA:520,0
DA:521,0
DA:522,0
DA:523,0
DA:526,0
DA:530,1
LF:237
LH:38
BRDA:4,1,0,1
BRDA:4,1,1,0
BRDA:6,2,0,1
BRDA:6,2,1,1
BRDA:7,3,0,1
BRDA:7,3,1,0
BRDA:8,4,0,1
BRDA:8,4,1,1
BRDA:8,4,2,1
BRDA:47,5,0,0
BRDA:47,5,1,6
BRDA:47,6,0,6
BRDA:47,6,1,0
BRDA:47,6,2,0
BRDA:64,7,0,0
BRDA:64,7,1,0
BRDA:90,8,0,0
BRDA:90,8,1,9
BRDA:96,9,0,0
BRDA:96,9,1,9
BRDA:119,10,0,0
BRDA:119,10,1,6
BRDA:126,11,0,0
BRDA:126,11,1,6
BRDA:127,12,0,0
BRDA:127,12,1,0
BRDA:131,13,0,0
BRDA:131,13,1,0
BRDA:131,14,0,0
BRDA:131,14,1,0
BRDA:139,15,0,0
BRDA:139,15,1,6
BRDA:144,16,0,6
BRDA:144,16,1,0
BRDA:148,17,0,0
BRDA:148,17,1,6
BRDA:158,18,0,0
BRDA:158,18,1,0
BRDA:158,19,0,0
BRDA:158,19,1,0
BRDA:183,20,0,0
BRDA:183,20,1,0
BRDA:187,21,0,0
BRDA:187,21,1,0
BRDA:187,22,0,0
BRDA:187,22,1,0
BRDA:190,23,0,0
BRDA:190,23,1,0
BRDA:190,24,0,0
BRDA:190,24,1,0
BRDA:190,24,2,0
BRDA:190,24,3,0
BRDA:196,25,0,0
BRDA:196,25,1,0
BRDA:205,26,0,0
BRDA:205,26,1,0
BRDA:268,27,0,0
BRDA:268,27,1,0
BRDA:284,28,0,0
BRDA:284,28,1,0
BRDA:284,28,2,0
BRDA:282,29,0,0
BRDA:282,29,1,0
BRDA:285,30,0,0
BRDA:285,30,1,0
BRDA:285,30,2,0
BRDA:287,31,0,0
BRDA:287,31,1,1
BRDA:288,32,0,0
BRDA:288,32,1,1
BRDA:295,33,0,0
BRDA:295,33,1,0
BRDA:302,34,0,1
BRDA:302,34,1,0
BRDA:305,35,0,0
BRDA:305,35,1,0
BRDA:305,36,0,0
BRDA:305,36,1,0
BRDA:316,37,0,0
BRDA:316,37,1,0
BRDA:320,38,0,0
BRDA:320,38,1,0
BRDA:334,39,0,0
BRDA:334,39,1,0
BRDA:335,40,0,0
BRDA:335,40,1,0
BRDA:335,40,2,0
BRDA:335,41,0,0
BRDA:335,41,1,0
BRDA:335,41,2,0
BRDA:338,42,0,0
BRDA:338,42,1,0
BRDA:340,43,0,0
BRDA:340,43,1,0
BRDA:340,44,0,0
BRDA:340,44,1,0
BRDA:340,44,2,0
BRDA:349,45,0,0
BRDA:349,45,1,0
BRDA:351,46,0,0
BRDA:351,46,1,0
BRDA:352,47,0,0
BRDA:352,47,1,0
BRDA:355,48,0,0
BRDA:355,48,1,0
BRDA:358,49,0,0
BRDA:358,49,1,0
BRDA:362,50,0,0
BRDA:364,51,0,0
BRDA:364,51,1,0
BRDA:365,52,0,0
BRDA:365,52,1,0
BRDA:369,53,0,0
BRDA:369,53,1,0
BRDA:369,54,0,0
BRDA:369,54,1,0
BRDA:371,55,0,0
BRDA:371,55,1,0
BRDA:394,56,0,0
BRDA:394,56,1,0
BRDA:396,57,0,0
BRDA:396,57,1,0
BRDA:408,58,0,0
BRDA:408,58,1,0
BRDA:408,59,0,0
BRDA:408,59,1,0
BRDA:408,59,2,0
BRDA:408,60,0,0
BRDA:408,60,1,0
BRDA:408,61,0,0
BRDA:408,61,1,0
BRDA:408,61,2,0
BRDA:413,62,0,0
BRDA:413,62,1,0
BRDA:417,63,0,0
BRDA:417,63,1,0
BRDA:417,64,0,0
BRDA:417,64,1,0
BRDA:423,65,0,0
BRDA:423,65,1,0
BRDA:435,66,0,0
BRDA:435,66,1,0
BRDA:436,67,0,0
BRDA:436,67,1,0
BRDA:450,68,0,0
BRDA:450,68,1,0
BRDA:463,69,0,0
BRDA:463,69,1,1
BRDA:475,70,0,0
BRDA:475,70,1,0
BRDA:480,71,0,0
BRDA:480,71,1,0
BRDA:482,72,0,0
BRDA:482,72,1,0
BRDA:506,73,0,0
BRDA:506,73,1,0
BRDA:507,74,0,0
BRDA:507,74,1,0
BRDA:515,75,0,0
BRDA:515,75,1,0
BRF:160
BRH:20
end_of_record
TN:
SF:dojo/_base/kernel.js
FN:1,(anonymous_1)
FN:97,(anonymous_2)
FN:140,(anonymous_3)
FN:144,(anonymous_4)
FN:164,(anonymous_5)
FN:166,(anonymous_6)
FN:170,(anonymous_7)
FN:181,(anonymous_8)
FN:183,(anonymous_9)
FN:206,(anonymous_10)
FN:253,(anonymous_11)
FNF:11
FNH:1
FNDA:1,(anonymous_1)
FNDA:0,(anonymous_2)
FNDA:0,(anonymous_3)
FNDA:0,(anonymous_4)
FNDA:0,(anonymous_5)
FNDA:0,(anonymous_6)
FNDA:0,(anonymous_7)
FNDA:0,(anonymous_8)
FNDA:0,(anonymous_9)
FNDA:0,(anonymous_10)
FNDA:0,(anonymous_11)
DA:1,1
DA:7,1
DA:38,1
DA:55,1
DA:56,0
DA:58,0
DA:61,0
DA:66,1
DA:67,3
DA:68,3
DA:69,3
DA:70,3
DA:73,1
DA:78,1
DA:79,1
DA:80,1
DA:82,1
DA:83,1
DA:98,0
DA:99,0
DA:107,1
DA:110,1
DA:139,1
DA:140,0
DA:141,0
DA:144,1
DA:148,1
DA:152,1
DA:153,1
DA:155,1
DA:160,1
DA:161,1
DA:162,1
DA:163,16
DA:164,0
DA:165,0
DA:166,0
DA:167,0
DA:168,0
DA:169,0
DA:171,0
DA:177,1
DA:181,1
DA:182,1
DA:183,1
DA:200,0
DA:201,0
DA:202,0
DA:203,0
DA:206,1
DA:225,0
DA:226,0
DA:227,0
DA:231,1
DA:235,1
DA:238,1
DA:239,0
DA:240,0
DA:241,0
DA:242,0
DA:244,0
DA:248,1
DA:252,1
DA:253,1
DA:282,0
DA:288,0
DA:289,0
DA:290,0
DA:292,0
DA:296,1
DA:298,1
LF:71
LH:40
BRDA:49,1,0,1
BRDA:49,1,1,1
BRDA:56,2,0,0
BRDA:56,2,1,0
BRDA:69,3,0,3
BRDA:69,3,1,0
BRDA:79,4,0,1
BRDA:79,4,1,1
BRDA:96,5,0,1
BRDA:96,5,1,0
BRDA:139,6,0,0
BRDA:139,6,1,1
BRDA:152,7,0,1
BRDA:152,7,1,0
BRDA:153,8,0,1
BRDA:153,8,1,0
BRDA:163,9,0,0
BRDA:163,9,1,16
BRDA:166,10,0,0
BRDA:166,10,1,0
BRDA:182,11,0,1
BRDA:182,11,1,0
BRDA:201,12,0,0
BRDA:201,12,1,0
BRDA:202,13,0,0
BRDA:202,13,1,0
BRDA:226,14,0,0
BRDA:226,14,1,0
BRDA:235,15,0,1
BRDA:235,15,1,0
BRDA:238,16,0,0
BRDA:238,16,1,1
BRDA:252,17,0,1
BRDA:252,17,1,0
BRDA:289,18,0,0
BRDA:289,18,1,0
BRDA:290,19,0,0
BRDA:290,19,1,0
BRDA:290,20,0,0
BRDA:290,20,1,0
BRF:40
BRH:14
end_of_record
TN:
SF:dijit/_WidgetBase.js
FN:25,(anonymous_1)
FN:41,(anonymous_2)
FN:51,getAttrs
FN:59,nonEmptyAttrToDom
FN:64,(anonymous_5)
FN:209,(anonymous_6)
FN:288,(anonymous_7)
FN:325,(anonymous_8)
FN:337,(anonymous_9)
FN:432,(anonymous_10)
FN:461,(anonymous_11)
FN:477,(anonymous_12)
FN:487,(anonymous_13)
FN:505,(anonymous_14)
FN:513,(anonymous_15)
FN:524,(anonymous_16)
FN:539,(anonymous_17)
FN:549,(anonymous_18)
FN:566,(anonymous_19)
FN:584,destroy
FN:607,(anonymous_21)
FN:639,(anonymous_22)
FN:649,(anonymous_23)
FN:656,(anonymous_24)
FN:667,(anonymous_25)
FN:696,(anonymous_26)
FN:711,(anonymous_27)
FN:752,(anonymous_28)
FN:772,(anonymous_29)
FN:834,(anonymous_30)
FN:845,(anonymous_31)
FN:856,(anonymous_32)
FN:875,(anonymous_33)
FN:886,(anonymous_34)
FN:926,(anonymous_35)
FN:947,(anonymous_36)
FN:963,(anonymous_37)
FN:973,(anonymous_38)
FN:989,(anonymous_39)
FN:996,(anonymous_40)
FN:1023,(anonymous_41)
FN:1034,(anonymous_42)
FN:1059,(anonymous_43)
FN:1071,(anonymous_44)
FN:1079,(anonymous_45)
FN:1086,(anonymous_46)
FN:1146,(anonymous_47)
FN:1156,(anonymous_48)
FN:1168,(anonymous_49)
FNF:49
FNH:20
FNDA:1,(anonymous_1)
FNDA:0,(anonymous_2)
FNDA:1,getAttrs
FNDA:2,nonEmptyAttrToDom
FNDA:0,(anonymous_5)
FNDA:1,(anonymous_6)
FNDA:1,(anonymous_7)
FNDA:1,(anonymous_8)
FNDA:1,(anonymous_9)
FNDA:1,(anonymous_10)
FNDA:6,(anonymous_11)
FNDA:1,(anonymous_12)
FNDA:1,(anonymous_13)
FNDA:0,(anonymous_14)
FNDA:1,(anonymous_15)
FNDA:0,(anonymous_16)
FNDA:0,(anonymous_17)
FNDA:0,(anonymous_18)
FNDA:0,(anonymous_19)
FNDA:0,destroy
FNDA:0,(anonymous_21)
FNDA:0,(anonymous_22)
FNDA:0,(anonymous_23)
FNDA:0,(anonymous_24)
FNDA:1,(anonymous_25)
FNDA:1,(anonymous_26)
FNDA:1,(anonymous_27)
FNDA:0,(anonymous_28)
FNDA:3,(anonymous_29)
FNDA:3,(anonymous_30)
FNDA:3,(anonymous_31)
FNDA:3,(anonymous_32)
FNDA:6,(anonymous_33)
FNDA:0,(anonymous_34)
FNDA:0,(anonymous_35)
FNDA:0,(anonymous_36)
FNDA:0,(anonymous_37)
FNDA:0,(anonymous_38)
FNDA:0,(anonymous_39)
FNDA:0,(anonymous_40)
FNDA:0,(anonymous_41)
FNDA:0,(anonymous_42)
FNDA:0,(anonymous_43)
FNDA:0,(anonymous_44)
FNDA:0,(anonymous_45)
FNDA:0,(anonymous_46)
FNDA:0,(anonymous_47)
FNDA:0,(anonymous_48)
FNDA:0,(anonymous_49)
DA:1,1
DA:33,1
DA:36,1
DA:40,1
DA:41,0
DA:42,0
DA:43,0
DA:49,1
DA:51,1
DA:52,1
DA:53,1
DA:54,246
DA:56,1
DA:59,1
DA:64,2
DA:65,0
DA:66,0
DA:70,1
DA:211,1
DA:295,1
DA:296,1
DA:297,1
DA:302,1
DA:303,0
DA:307,1
DA:308,66
DA:309,4
DA:312,66
DA:313,6
DA:314,6
DA:315,6
DA:334,1
DA:361,1
DA:364,1
DA:367,1
DA:368,1
DA:371,1
DA:372,1
DA:376,1
DA:377,1
DA:378,1
DA:380,1
DA:384,1
DA:385,0
DA:386,0
DA:388,0
DA:393,1
DA:394,1
DA:396,1
DA:398,1
DA:400,1
DA:402,1
DA:405,1
DA:411,1
DA:412,1
DA:413,0
DA:414,0
DA:419,1
DA:421,1
DA:425,1
DA:426,0
DA:429,1
DA:455,1
DA:456,1
DA:457,1
DA:461,1
DA:462,6
DA:463,5
DA:464,5
DA:465,2
DA:472,1
DA:473,1
DA:494,1
DA:496,1
DA:502,1
DA:503,0
DA:504,0
DA:505,0
DA:506,0
DA:509,0
DA:535,0
DA:536,0
DA:538,0
DA:539,0
DA:540,0
DA:541,0
DA:542,0
DA:561,0
DA:562,0
DA:563,0
DA:581,0
DA:582,0
DA:584,0
DA:585,0
DA:586,0
DA:587,0
DA:588,0
DA:593,0
DA:594,0
DA:598,0
DA:599,0
DA:602,0
DA:603,0
DA:604,0
DA:617,0
DA:618,0
DA:619,0
DA:622,0
DA:623,0
DA:624,0
DA:626,0
DA:628,0
DA:631,0
DA:632,0
DA:633,0
DA:635,0
DA:649,0
DA:650,0
DA:651,0
DA:662,0
DA:678,1
DA:683,1
DA:684,0
DA:686,1
DA:687,0
DA:689,1
DA:693,1
DA:709,1
DA:711,1
DA:714,1
DA:715,1
DA:717,1
DA:719,1
DA:720,0
DA:726,1
DA:729,1
DA:732,1
DA:735,0
DA:737,1
DA:739,0
DA:740,0
DA:741,0
DA:743,0
DA:744,0
DA:746,0
DA:747,0
DA:768,0
DA:769,0
DA:798,3
DA:799,0
DA:800,0
DA:802,0
DA:804,3
DA:806,3
DA:808,2
DA:818,1
DA:825,1
DA:826,1
DA:828,1
DA:830,3
DA:841,3
DA:842,3
DA:843,0
DA:845,3
DA:846,3
DA:848,3
DA:860,3
DA:861,3
DA:862,3
DA:863,0
DA:864,0
DA:866,0
DA:883,6
DA:901,0
DA:902,0
DA:903,0
DA:905,0
DA:906,0
DA:908,0
DA:909,0
DA:911,0
DA:913,0
DA:914,0
DA:915,0
DA:919,0
DA:920,0
DA:923,0
DA:938,0
DA:939,0
DA:940,0
DA:944,0
DA:951,0
DA:952,0
DA:953,0
DA:954,0
DA:955,0
DA:956,0
DA:960,0
DA:970,0
DA:986,0
DA:993,0
DA:1020,0
DA:1031,0
DA:1056,0
DA:1068,0
DA:1076,0
DA:1083,0
DA:1124,0
DA:1125,0
DA:1127,0
DA:1132,0
DA:1135,0
DA:1139,0
DA:1140,0
DA:1143,0
DA:1155,0
DA:1157,0
DA:1158,0
DA:1160,0
DA:1161,0
DA:1162,0
DA:1167,0
DA:1169,0
DA:1170,0
DA:1171,0
DA:1173,0
DA:1179,1
DA:1180,0
DA:1183,1
LF:229
LH:98
BRDA:40,1,0,0
BRDA:40,1,1,1
BRDA:65,2,0,0
BRDA:65,2,1,0
BRDA:267,3,0,1
BRDA:267,3,1,1
BRDA:296,4,0,1
BRDA:296,4,1,0
BRDA:308,5,0,4
BRDA:308,5,1,62
BRDA:312,6,0,6
BRDA:312,6,1,60
BRDA:314,7,0,6
BRDA:314,7,1,0
BRDA:314,8,0,6
BRDA:314,8,1,6
BRDA:371,9,0,1
BRDA:371,9,1,0
BRDA:371,10,0,1
BRDA:371,10,1,1
BRDA:376,11,0,1
BRDA:376,11,1,0
BRDA:384,12,0,0
BRDA:384,12,1,1
BRDA:386,13,0,0
BRDA:386,13,1,0
BRDA:393,14,0,1
BRDA:393,14,1,1
BRDA:393,15,0,1
BRDA:393,15,1,0
BRDA:402,16,0,1
BRDA:402,16,1,0
BRDA:412,17,0,0
BRDA:412,17,1,1
BRDA:412,18,0,1
BRDA:412,18,1,1
BRDA:412,18,2,1
BRDA:425,19,0,0
BRDA:425,19,1,1
BRDA:456,20,0,1
BRDA:456,20,1,0
BRDA:462,21,0,5
BRDA:462,21,1,1
BRDA:464,22,0,2
BRDA:464,22,1,3
BRDA:494,23,0,1
BRDA:494,23,1,0
BRDA:496,24,0,1
BRDA:496,24,1,0
BRDA:502,25,0,0
BRDA:502,25,1,1
BRDA:504,26,0,0
BRDA:504,26,1,0
BRDA:535,27,0,0
BRDA:535,27,1,0
BRDA:540,28,0,0
BRDA:540,28,1,0
BRDA:540,29,0,0
BRDA:540,29,1,0
BRDA:540,29,2,0
BRDA:585,30,0,0
BRDA:585,30,1,0
BRDA:587,31,0,0
BRDA:587,31,1,0
BRDA:598,32,0,0
BRDA:598,32,1,0
BRDA:617,33,0,0
BRDA:617,33,1,0
BRDA:622,34,0,0
BRDA:622,34,1,0
BRDA:623,35,0,0
BRDA:623,35,1,0
BRDA:631,36,0,0
BRDA:631,36,1,0
BRDA:632,37,0,0
BRDA:632,37,1,0
BRDA:650,38,0,0
BRDA:650,38,1,0
BRDA:683,39,0,0
BRDA:683,39,1,1
BRDA:686,40,0,0
BRDA:686,40,1,1
BRDA:709,41,0,1
BRDA:709,41,1,0
BRDA:711,42,0,0
BRDA:711,42,1,1
BRDA:714,43,0,1
BRDA:714,43,1,1
BRDA:714,43,2,0
BRDA:715,44,0,1
BRDA:715,44,1,1
BRDA:717,45,0,1
BRDA:717,45,1,0
BRDA:717,45,2,0
BRDA:717,45,3,0
BRDA:719,46,0,0
BRDA:719,46,1,1
BRDA:726,47,0,0
BRDA:726,47,1,1
BRDA:727,48,0,0
BRDA:727,48,1,1
BRDA:729,49,0,1
BRDA:729,49,1,0
BRDA:769,50,0,0
BRDA:769,50,1,0
BRDA:798,51,0,0
BRDA:798,51,1,3
BRDA:806,52,0,2
BRDA:806,52,1,1
BRDA:818,53,0,0
BRDA:818,53,1,1
BRDA:818,54,0,1
BRDA:818,54,1,0
BRDA:819,55,0,1
BRDA:819,55,1,1
BRDA:820,56,0,1
BRDA:820,56,1,1
BRDA:820,56,2,1
BRDA:821,57,0,0
BRDA:821,57,1,1
BRDA:822,58,0,1
BRDA:822,58,1,0
BRDA:823,59,0,0
BRDA:823,59,1,0
BRDA:823,60,0,0
BRDA:823,60,1,0
BRDA:823,60,2,0
BRDA:823,60,3,0
BRDA:825,61,0,1
BRDA:825,61,1,0
BRDA:830,62,0,3
BRDA:830,62,1,3
BRDA:842,63,0,0
BRDA:842,63,1,3
BRDA:862,64,0,0
BRDA:862,64,1,3
BRDA:862,65,0,3
BRDA:862,65,1,0
BRDA:863,66,0,0
BRDA:863,66,1,0
BRDA:901,67,0,0
BRDA:901,67,1,0
BRDA:902,68,0,0
BRDA:902,68,1,0
BRDA:905,69,0,0
BRDA:905,69,1,0
BRDA:908,70,0,0
BRDA:908,70,1,0
BRDA:914,71,0,0
BRDA:914,71,1,0
BRDA:915,72,0,0
BRDA:915,72,1,0
BRDA:919,73,0,0
BRDA:919,73,1,0
BRDA:919,74,0,0
BRDA:919,74,1,0
BRDA:939,75,0,0
BRDA:939,75,1,0
BRDA:952,76,0,0
BRDA:952,76,1,0
BRDA:955,77,0,0
BRDA:955,77,1,0
BRDA:960,78,0,0
BRDA:960,78,1,0
BRDA:970,79,0,0
BRDA:970,79,1,0
BRDA:986,80,0,0
BRDA:986,80,1,0
BRDA:1076,81,0,0
BRDA:1076,81,1,0
BRDA:1083,82,0,0
BRDA:1083,82,1,0
BRDA:1124,83,0,0
BRDA:1124,83,1,0
BRDA:1125,84,0,0
BRDA:1125,84,1,0
BRDA:1125,85,0,0
BRDA:1125,85,1,0
BRDA:1125,85,2,0
BRDA:1125,85,3,0
BRDA:1132,86,0,0
BRDA:1132,86,1,0
BRDA:1133,87,0,0
BRDA:1133,87,1,0
BRDA:1133,88,0,0
BRDA:1133,88,1,0
BRDA:1133,89,0,0
BRDA:1133,89,1,0
BRDA:1139,90,0,0
BRDA:1139,90,1,0
BRDA:1139,91,0,0
BRDA:1139,91,1,0
BRDA:1139,92,0,0
BRDA:1139,92,1,0
BRDA:1157,93,0,0
BRDA:1157,93,1,0
BRDA:1161,94,0,0
BRDA:1161,94,1,0
BRDA:1165,95,0,0
BRDA:1165,95,1,0
BRDA:1169,96,0,0
BRDA:1169,96,1,0
BRDA:1179,97,0,0
BRDA:1179,97,1,1
BRF:204
BRH:65
end_of_record
TN:
SF:dojo/dom-attr.js
FN:2,(anonymous_1)
FN:35,_hasAttr
FN:45,hasAttr
FN:61,getAttr
FN:100,setAttr
FN:189,removeAttr
FN:200,getNodeProp
FNF:7
FNH:2
FNDA:1,(anonymous_1)
FNDA:0,_hasAttr
FNDA:0,hasAttr
FNDA:0,getAttr
FNDA:3,setAttr
FNDA:0,removeAttr
FNDA:0,getNodeProp
DA:1,1
DA:20,1
DA:35,1
DA:36,0
DA:37,0
DA:45,1
DA:57,0
DA:58,0
DA:61,1
DA:80,0
DA:81,0
DA:86,0
DA:88,0
DA:90,0
DA:92,0
DA:96,0
DA:97,0
DA:100,1
DA:165,3
DA:166,3
DA:168,1
DA:169,1
DA:171,1
DA:173,2
DA:176,2
DA:178,1
DA:179,1
DA:181,1
DA:182,0
DA:185,1
DA:186,1
DA:189,1
DA:197,0
DA:200,1
DA:210,0
DA:211,0
DA:212,0
DA:214,0
DA:217,0
DA:218,0
LF:40
LH:20
BRDA:36,1,0,0
BRDA:36,1,1,0
BRDA:37,2,0,0
BRDA:37,2,1,0
BRDA:58,3,0,0
BRDA:58,3,1,0
BRDA:58,4,0,0
BRDA:58,4,1,0
BRDA:58,5,0,0
BRDA:58,5,1,0
BRDA:82,6,0,0
BRDA:82,6,1,0
BRDA:86,7,0,0
BRDA:86,7,1,0
BRDA:86,8,0,0
BRDA:86,8,1,0
BRDA:90,9,0,0
BRDA:90,9,1,0
BRDA:90,10,0,0
BRDA:90,10,1,0
BRDA:90,10,2,0
BRDA:96,11,0,0
BRDA:96,11,1,0
BRDA:97,12,0,0
BRDA:97,12,1,0
BRDA:166,13,0,1
BRDA:166,13,1,2
BRDA:174,14,0,2
BRDA:174,14,1,2
BRDA:176,15,0,1
BRDA:176,15,1,1
BRDA:176,16,0,2
BRDA:176,16,1,1
BRDA:181,17,0,0
BRDA:181,17,1,1
BRDA:181,18,0,1
BRDA:181,18,1,1
BRDA:181,18,2,1
BRDA:185,19,0,1
BRDA:185,19,1,1
BRDA:197,20,0,0
BRDA:197,20,1,0
BRDA:211,21,0,0
BRDA:211,21,1,0
BRDA:212,22,0,0
BRDA:212,22,1,0
BRDA:212,23,0,0
BRDA:212,23,1,0
BRDA:217,24,0,0
BRDA:217,24,1,0
BRDA:218,25,0,0
BRDA:218,25,1,0
BRF:52
BRH:14
end_of_record
TN:
SF:dojo/dom-geometry.js
FN:2,(anonymous_1)
FN:35,getPadExtents
FN:65,getBorderExtents
FN:95,getPadBorderExtents
FN:130,getMarginExtents
FN:172,getMarginBox
FN:220,getContentBox
FN:271,setBox
FN:304,isButtonTag
FN:311,usesBorderBox
FN:325,setContentSize
FN:357,setMarginBox
FN:409,isBodyLtr
FN:420,docScroll
FN:435,getIeDocumentElementOffset
FN:479,fixIeBiDiScrollLeft
FN:509,(anonymous_17)
FN:555,getMarginSize
FN:577,(anonymous_19)
FNF:19
FNH:1
FNDA:1,(anonymous_1)
FNDA:0,getPadExtents
FNDA:0,getBorderExtents
FNDA:0,getPadBorderExtents
FNDA:0,getMarginExtents
FNDA:0,getMarginBox
FNDA:0,getContentBox
FNDA:0,setBox
FNDA:0,isButtonTag
FNDA:0,usesBorderBox
FNDA:0,setContentSize
FNDA:0,setMarginBox
FNDA:0,isBodyLtr
FNDA:0,docScroll
FNDA:0,getIeDocumentElementOffset
FNDA:0,fixIeBiDiScrollLeft
FNDA:0,(anonymous_17)
FNDA:0,getMarginSize
FNDA:0,(anonymous_19)
DA:1,1
DA:7,1
DA:19,1
DA:30,1
DA:32,0
DA:35,1
DA:57,0
DA:58,0
DA:60,0
DA:63,1
DA:65,1
DA:86,0
DA:87,0
DA:92,0
DA:95,1
DA:116,0
DA:117,0
DA:120,0
DA:130,1
DA:151,0
DA:152,0
DA:154,0
DA:172,1
DA:185,0
DA:186,0
DA:188,0
DA:194,0
DA:195,0
DA:196,0
DA:197,0
DA:201,0
DA:202,0
DA:203,0
DA:204,0
DA:205,0
DA:209,0
DA:211,0
DA:212,0
DA:213,0
DA:214,0
DA:217,0
DA:220,1
DA:236,0
DA:237,0
DA:239,0
DA:240,0
DA:241,0
DA:243,0
DA:244,0
DA:247,0
DA:248,0
DA:249,0
DA:251,0
DA:271,1
DA:288,0
DA:289,0
DA:290,0
DA:291,0
DA:293,0
DA:294,0
DA:296,0
DA:297,0
DA:299,0
DA:300,0
DA:304,1
DA:307,0
DA:311,1
DA:322,0
DA:325,1
DA:341,0
DA:342,0
DA:343,0
DA:344,0
DA:345,0
DA:346,0
DA:348,0
DA:349,0
DA:352,0
DA:355,1
DA:357,1
DA:375,0
DA:376,0
DA:382,0
DA:386,0
DA:387,0
DA:388,0
DA:389,0
DA:391,0
DA:392,0
DA:396,0
DA:397,0
DA:399,0
DA:400,0
DA:402,0
DA:409,1
DA:416,0
DA:417,0
DA:420,1
DA:427,0
DA:428,0
DA:429,0
DA:434,1
DA:435,0
DA:456,0
DA:457,0
DA:459,0
DA:460,0
DA:462,0
DA:463,0
DA:464,0
DA:466,0
DA:471,0
DA:479,1
DA:495,0
DA:496,0
DA:497,0
DA:498,0
DA:501,0
DA:502,0
DA:504,0
DA:506,0
DA:509,1
DA:527,0
DA:528,0
DA:530,0
DA:532,0
DA:534,0
DA:537,0
DA:538,0
DA:544,0
DA:545,0
DA:546,0
DA:547,0
DA:550,0
DA:555,1
DA:568,0
DA:569,0
DA:570,0
DA:571,0
DA:577,1
DA:582,0
DA:583,0
DA:584,0
DA:586,0
DA:591,0
DA:592,0
DA:595,0
DA:596,0
DA:597,0
DA:598,0
DA:604,1
LF:151
LH:25
BRDA:30,1,0,0
BRDA:30,1,1,1
BRDA:32,2,0,0
BRDA:32,2,1,0
BRDA:58,3,0,0
BRDA:58,3,1,0
BRDA:87,4,0,0
BRDA:87,4,1,0
BRDA:88,5,0,0
BRDA:88,5,1,0
BRDA:89,6,0,0
BRDA:89,6,1,0
BRDA:90,7,0,0
BRDA:90,7,1,0
BRDA:91,8,0,0
BRDA:91,8,1,0
BRDA:117,9,0,0
BRDA:117,9,1,0
BRDA:152,10,0,0
BRDA:152,10,1,0
BRDA:186,11,0,0
BRDA:186,11,1,0
BRDA:188,12,0,0
BRDA:188,12,1,0
BRDA:195,13,0,0
BRDA:195,13,1,0
BRDA:195,14,0,0
BRDA:195,14,1,0
BRDA:201,15,0,0
BRDA:201,15,1,0
BRDA:201,16,0,0
BRDA:201,16,1,0
BRDA:203,17,0,0
BRDA:203,17,1,0
BRDA:204,18,0,0
BRDA:204,18,1,0
BRDA:205,19,0,0
BRDA:205,19,1,0
BRDA:209,20,0,0
BRDA:209,20,1,0
BRDA:209,21,0,0
BRDA:209,21,1,0
BRDA:209,21,2,0
BRDA:211,22,0,0
BRDA:211,22,1,0
BRDA:213,23,0,0
BRDA:213,23,1,0
BRDA:214,24,0,0
BRDA:214,24,1,0
BRDA:237,25,0,0
BRDA:237,25,1,0
BRDA:239,26,0,0
BRDA:239,26,1,0
BRDA:247,27,0,0
BRDA:247,27,1,0
BRDA:288,28,0,0
BRDA:288,28,1,0
BRDA:290,29,0,0
BRDA:290,29,1,0
BRDA:293,30,0,0
BRDA:293,30,1,0
BRDA:296,31,0,0
BRDA:296,31,1,0
BRDA:299,32,0,0
BRDA:299,32,1,0
BRDA:307,33,0,0
BRDA:307,33,1,0
BRDA:307,33,2,0
BRDA:308,34,0,0
BRDA:308,34,1,0
BRDA:322,35,0,0
BRDA:322,35,1,0
BRDA:322,35,2,0
BRDA:343,36,0,0
BRDA:343,36,1,0
BRDA:345,37,0,0
BRDA:345,37,1,0
BRDA:348,38,0,0
BRDA:348,38,1,0
BRDA:376,39,0,0
BRDA:376,39,1,0
BRDA:380,40,0,0
BRDA:380,40,1,0
BRDA:382,41,0,0
BRDA:382,41,1,0
BRDA:386,42,0,0
BRDA:386,42,1,0
BRDA:388,43,0,0
BRDA:388,43,1,0
BRDA:388,44,0,0
BRDA:388,44,1,0
BRDA:391,45,0,0
BRDA:391,45,1,0
BRDA:391,46,0,0
BRDA:391,46,1,0
BRDA:396,47,0,0
BRDA:396,47,1,0
BRDA:399,48,0,0
BRDA:399,48,1,0
BRDA:416,49,0,0
BRDA:416,49,1,0
BRDA:417,50,0,0
BRDA:417,50,1,0
BRDA:417,50,2,0
BRDA:427,51,0,0
BRDA:427,51,1,0
BRDA:428,52,0,0
BRDA:428,52,1,0
BRDA:429,53,0,0
BRDA:429,53,1,0
BRDA:430,54,0,0
BRDA:430,54,1,0
BRDA:430,55,0,0
BRDA:430,55,1,0
BRDA:431,56,0,0
BRDA:431,56,1,0
BRDA:431,57,0,0
BRDA:431,57,1,0
BRDA:434,58,0,0
BRDA:434,58,1,1
BRDA:456,59,0,0
BRDA:456,59,1,0
BRDA:459,60,0,0
BRDA:459,60,1,0
BRDA:462,61,0,0
BRDA:462,61,1,0
BRDA:467,62,0,0
BRDA:467,62,1,0
BRDA:468,63,0,0
BRDA:468,63,1,0
BRDA:495,64,0,0
BRDA:495,64,1,0
BRDA:497,65,0,0
BRDA:497,65,1,0
BRDA:497,66,0,0
BRDA:497,66,1,0
BRDA:499,67,0,0
BRDA:499,67,1,0
BRDA:501,68,0,0
BRDA:501,68,1,0
BRDA:501,69,0,0
BRDA:501,69,1,0
BRDA:501,69,2,0
BRDA:501,69,3,0
BRDA:504,70,0,0
BRDA:504,70,1,0
BRDA:504,71,0,0
BRDA:504,71,1,0
BRDA:532,72,0,0
BRDA:532,72,1,0
BRDA:537,73,0,0
BRDA:537,73,1,0
BRDA:538,74,0,0
BRDA:538,74,1,0
BRDA:544,75,0,0
BRDA:544,75,1,0
BRDA:569,76,0,0
BRDA:569,76,1,0
BRDA:582,77,0,0
BRDA:582,77,1,0
BRDA:586,78,0,0
BRDA:586,78,1,0
BRDA:592,79,0,0
BRDA:592,79,1,0
BRDA:592,79,2,0
BRDA:595,80,0,0
BRDA:595,80,1,0
BRDA:597,81,0,0
BRDA:597,81,1,0
BRDA:598,82,0,0
BRDA:598,82,1,0
BRF:171
BRH:2
end_of_record
TN:
SF:dojo/_base/array.js
FN:1,(anonymous_1)
FN:8,buildFn
FN:15,everyOrSome
FN:17,(anonymous_4)
FN:42,index
FN:47,(anonymous_6)
FN:183,(anonymous_7)
FN:256,(anonymous_8)
FN:295,(anonymous_9)
FN:341,(anonymous_10)
FNF:10
FNH:4
FNDA:1,(anonymous_1)
FNDA:0,buildFn
FNDA:2,everyOrSome
FNDA:0,(anonymous_4)
FNDA:2,index
FNDA:0,(anonymous_6)
FNDA:2,(anonymous_7)
FNDA:0,(anonymous_8)
FNDA:0,(anonymous_9)
FNDA:0,(anonymous_10)
DA:1,1
DA:6,1
DA:8,1
DA:9,0
DA:15,1
DA:16,2
DA:17,2
DA:18,0
DA:19,0
DA:20,0
DA:21,0
DA:22,0
DA:23,0
DA:24,0
DA:25,0
DA:29,0
DA:30,0
DA:31,0
DA:32,0
DA:36,0
DA:42,1
DA:43,2
DA:44,2
DA:45,1
DA:47,2
DA:48,0
DA:50,0
DA:52,0
DA:53,0
DA:54,0
DA:56,0
DA:57,0
DA:58,0
DA:59,0
DA:62,0
DA:65,0
DA:66,0
DA:67,0
DA:68,0
DA:71,0
DA:75,1
DA:242,2
DA:243,2
DA:244,2
DA:245,2
DA:246,2
DA:247,7
DA:250,0
DA:251,0
DA:280,0
DA:281,0
DA:282,0
DA:283,0
DA:284,0
DA:285,0
DA:288,0
DA:289,0
DA:292,0
DA:320,0
DA:321,0
DA:322,0
DA:323,0
DA:324,0
DA:325,0
DA:326,0
DA:327,0
DA:331,0
DA:332,0
DA:333,0
DA:334,0
DA:338,0
DA:342,0
DA:347,1
DA:349,1
LF:74
LH:20
BRDA:18,1,0,0
BRDA:18,1,1,0
BRDA:18,1,2,0
BRDA:19,2,0,0
BRDA:19,2,1,0
BRDA:19,3,0,0
BRDA:19,3,1,0
BRDA:20,4,0,0
BRDA:20,4,1,0
BRDA:20,5,0,0
BRDA:20,5,1,0
BRDA:21,6,0,0
BRDA:21,6,1,0
BRDA:24,7,0,0
BRDA:24,7,1,0
BRDA:31,8,0,0
BRDA:31,8,1,0
BRDA:44,9,0,1
BRDA:44,9,1,1
BRDA:48,10,0,0
BRDA:48,10,1,0
BRDA:48,11,0,0
BRDA:48,11,1,0
BRDA:52,12,0,0
BRDA:52,12,1,0
BRDA:52,12,2,0
BRDA:52,13,0,0
BRDA:52,13,1,0
BRDA:53,14,0,0
BRDA:53,14,1,0
BRDA:54,15,0,0
BRDA:54,15,1,0
BRDA:56,16,0,0
BRDA:56,16,1,0
BRDA:58,17,0,0
BRDA:58,17,1,0
BRDA:62,18,0,0
BRDA:62,18,1,0
BRDA:65,19,0,0
BRDA:65,19,1,0
BRDA:65,20,0,0
BRDA:65,20,1,0
BRDA:67,21,0,0
BRDA:67,21,1,0
BRDA:242,22,0,2
BRDA:242,22,1,2
BRDA:242,22,2,0
BRDA:243,23,0,0
BRDA:243,23,1,2
BRDA:243,24,0,2
BRDA:243,24,1,2
BRDA:244,25,0,0
BRDA:244,25,1,2
BRDA:244,26,0,0
BRDA:244,26,1,0
BRDA:245,27,0,2
BRDA:245,27,1,0
BRDA:280,28,0,0
BRDA:280,28,1,0
BRDA:280,28,2,0
BRDA:280,29,0,0
BRDA:280,29,1,0
BRDA:281,30,0,0
BRDA:281,30,1,0
BRDA:281,31,0,0
BRDA:281,31,1,0
BRDA:282,32,0,0
BRDA:282,32,1,0
BRDA:282,33,0,0
BRDA:282,33,1,0
BRDA:283,34,0,0
BRDA:283,34,1,0
BRDA:320,35,0,0
BRDA:320,35,1,0
BRDA:320,35,2,0
BRDA:321,36,0,0
BRDA:321,36,1,0
BRDA:321,37,0,0
BRDA:321,37,1,0
BRDA:322,38,0,0
BRDA:322,38,1,0
BRDA:322,39,0,0
BRDA:322,39,1,0
BRDA:323,40,0,0
BRDA:323,40,1,0
BRDA:326,41,0,0
BRDA:326,41,1,0
BRDA:333,42,0,0
BRDA:333,42,1,0
BRDA:347,43,0,1
BRDA:347,43,1,1
BRF:91
BRH:11
end_of_record
TN:
SF:dojo/aspect.js
FN:1,(anonymous_1)
FN:8,advise
FN:13,(anonymous_3)
FN:17,(anonymous_4)
FN:22,(anonymous_5)
FN:31,(anonymous_6)
FN:76,aspect
FN:77,(anonymous_8)
FN:81,(anonymous_9)
FN:109,(anonymous_10)
FNF:10
FNH:4
FNDA:1,(anonymous_1)
FNDA:3,advise
FNDA:0,(anonymous_3)
FNDA:0,(anonymous_4)
FNDA:0,(anonymous_5)
FNDA:0,(anonymous_6)
FNDA:3,aspect
FNDA:3,(anonymous_8)
FNDA:0,(anonymous_9)
FNDA:0,(anonymous_10)
DA:1,1
DA:6,1
DA:7,1
DA:8,1
DA:9,3
DA:10,3
DA:11,3
DA:12,3
DA:13,0
DA:14,0
DA:16,0
DA:18,0
DA:19,0
DA:23,0
DA:30,3
DA:32,0
DA:33,0
DA:34,0
DA:35,0
DA:36,0
DA:38,0
DA:39,0
DA:41,0
DA:43,0
DA:44,0
DA:49,0
DA:57,3
DA:58,0
DA:61,0
DA:62,0
DA:63,0
DA:64,0
DA:66,0
DA:67,0
DA:68,0
DA:72,3
DA:74,3
DA:76,1
DA:77,3
DA:78,3
DA:79,3
DA:81,3
DA:82,0
DA:84,0
DA:85,0
DA:86,0
DA:87,0
DA:88,0
DA:91,0
DA:92,0
DA:95,0
DA:96,0
DA:97,0
DA:98,0
DA:100,0
DA:102,0
DA:104,0
DA:106,0
DA:108,3
DA:109,0
DA:110,0
DA:113,3
DA:115,3
DA:116,3
DA:117,3
DA:123,1
DA:149,1
DA:170,1
DA:202,1
LF:69
LH:26
BRDA:12,1,0,0
BRDA:12,1,1,3
BRDA:18,2,0,0
BRDA:18,2,1,0
BRDA:23,3,0,0
BRDA:23,3,1,0
BRDA:32,4,0,0
BRDA:32,4,1,0
BRDA:35,5,0,0
BRDA:35,5,1,0
BRDA:35,6,0,0
BRDA:35,6,1,0
BRDA:38,7,0,0
BRDA:38,7,1,0
BRDA:43,8,0,0
BRDA:43,8,1,0
BRDA:57,9,0,0
BRDA:57,9,1,3
BRDA:57,10,0,3
BRDA:57,10,1,0
BRDA:58,11,0,0
BRDA:58,11,1,0
BRDA:61,12,0,0
BRDA:61,12,1,0
BRDA:64,13,0,0
BRDA:64,13,1,0
BRDA:79,14,0,3
BRDA:79,14,1,0
BRDA:79,15,0,3
BRDA:79,15,1,0
BRDA:87,16,0,0
BRDA:87,16,1,0
BRDA:91,17,0,0
BRDA:91,17,1,0
BRDA:96,18,0,0
BRDA:96,18,1,0
BRDA:97,19,0,0
BRDA:97,19,1,0
BRDA:100,20,0,0
BRDA:100,20,1,0
BRDA:108,21,0,0
BRDA:108,21,1,3
BRDA:115,22,0,3
BRDA:115,22,1,0
BRF:44
BRH:7
end_of_record
TN:
SF:dojo/_base/config.js
FN:1,(anonymous_1)
FN:172,(anonymous_2)
FNF:2
FNH:1
FNDA:1,(anonymous_1)
FNDA:0,(anonymous_2)
DA:1,1
DA:164,1
DA:165,1
DA:167,1
DA:168,1
DA:169,7
DA:172,0
DA:173,0
DA:174,0
DA:177,0
DA:182,0
DA:183,0
DA:186,1
DA:188,1
DA:191,1
LF:15
LH:9
BRDA:165,1,0,1
BRDA:165,1,1,0
BRDA:174,2,0,0
BRDA:174,2,1,0
BRDA:177,3,0,0
BRDA:177,3,1,0
BRDA:181,4,0,0
BRDA:181,4,1,0
BRDA:181,4,2,0
BRDA:186,5,0,1
BRDA:186,5,1,0
BRDA:188,6,0,1
BRDA:188,6,1,0
BRF:13
BRH:3
end_of_record
TN:
SF:dojo/_base/connect.js
FN:1,(anonymous_1)
FN:5,(anonymous_2)
FN:14,connect_
FN:63,(anonymous_4)
FN:69,(anonymous_5)
FN:70,(anonymous_6)
FN:73,setKeyChar
FN:80,(anonymous_8)
FN:89,(anonymous_9)
FN:90,(anonymous_10)
FN:118,(anonymous_11)
FN:125,(anonymous_12)
FN:133,(anonymous_13)
FN:134,(anonymous_14)
FN:150,(anonymous_15)
FN:151,(anonymous_16)
FN:171,(anonymous_17)
FN:281,(anonymous_18)
FN:294,(anonymous_19)
FN:312,(anonymous_20)
FN:326,(anonymous_21)
FN:342,(anonymous_22)
FN:346,(anonymous_23)
FNF:23
FNH:2
FNDA:1,(anonymous_1)
FNDA:1,(anonymous_2)
FNDA:0,connect_
FNDA:0,(anonymous_4)
FNDA:0,(anonymous_5)
FNDA:0,(anonymous_6)
FNDA:0,setKeyChar
FNDA:0,(anonymous_8)
FNDA:0,(anonymous_9)
FNDA:0,(anonymous_10)
FNDA:0,(anonymous_11)
FNDA:0,(anonymous_12)
FNDA:0,(anonymous_13)
FNDA:0,(anonymous_14)
FNDA:0,(anonymous_15)
FNDA:0,(anonymous_16)
FNDA:0,(anonymous_17)
FNDA:0,(anonymous_18)
FNDA:0,(anonymous_19)
FNDA:0,(anonymous_20)
FNDA:0,(anonymous_21)
FNDA:0,(anonymous_22)
FNDA:0,(anonymous_23)
DA:1,1
DA:5,1
DA:6,1
DA:7,1
DA:8,1
DA:9,1
DA:11,1
DA:14,1
DA:15,0
DA:16,0
DA:19,0
DA:21,0
DA:22,0
DA:24,0
DA:25,0
DA:27,0
DA:28,0
DA:31,0
DA:32,0
DA:34,0
DA:35,0
DA:37,0
DA:38,0
DA:41,0
DA:44,1
DA:60,1
DA:63,1
DA:64,0
DA:65,0
DA:69,0
DA:70,0
DA:71,0
DA:73,1
DA:74,0
DA:75,0
DA:77,1
DA:78,1
DA:80,1
DA:81,0
DA:84,0
DA:86,0
DA:89,1
DA:90,0
DA:92,0
DA:95,0
DA:97,0
DA:98,0
DA:99,0
DA:100,0
DA:101,0
DA:102,0
DA:103,0
DA:104,0
DA:105,0
DA:107,0
DA:111,0
DA:112,0
DA:113,0
DA:114,0
DA:118,0
DA:119,0
DA:120,0
DA:121,0
DA:122,0
DA:124,0
DA:126,0
DA:127,0
DA:132,0
DA:133,0
DA:134,0
DA:135,0
DA:136,0
DA:137,0
DA:141,0
DA:142,0
DA:144,0
DA:146,0
DA:150,0
DA:151,0
DA:152,0
DA:153,0
DA:159,1
DA:270,0
DA:272,0
DA:274,0
DA:275,0
DA:277,0
DA:278,0
DA:289,0
DA:290,0
DA:309,0
DA:323,0
DA:342,0
DA:343,0
DA:351,0
DA:355,1
DA:369,1
DA:370,1
LF:98
LH:20
BRDA:9,1,0,1
BRDA:9,1,1,0
BRDA:11,2,0,1
BRDA:11,2,1,1
BRDA:16,3,0,0
BRDA:16,3,1,0
BRDA:16,4,0,0
BRDA:16,4,1,0
BRDA:16,5,0,0
BRDA:16,5,1,0
BRDA:19,6,0,0
BRDA:19,6,1,0
BRDA:21,7,0,0
BRDA:21,7,1,0
BRDA:21,8,0,0
BRDA:21,8,1,0
BRDA:24,9,0,0
BRDA:24,9,1,0
BRDA:27,10,0,0
BRDA:27,10,1,0
BRDA:28,11,0,0
BRDA:28,11,1,0
BRDA:28,11,2,0
BRDA:60,12,0,0
BRDA:60,12,1,1
BRDA:74,13,0,0
BRDA:74,13,1,0
BRDA:75,14,0,0
BRDA:75,14,1,0
BRDA:78,15,0,1
BRDA:78,15,1,0
BRDA:95,16,0,0
BRDA:95,16,1,0
BRDA:95,16,2,0
BRDA:95,16,3,0
BRDA:95,16,4,0
BRDA:95,16,5,0
BRDA:95,16,6,0
BRDA:95,16,7,0
BRDA:95,16,8,0
BRDA:95,16,9,0
BRDA:95,16,10,0
BRDA:95,16,11,0
BRDA:95,16,12,0
BRDA:97,17,0,0
BRDA:97,17,1,0
BRDA:97,18,0,0
BRDA:97,18,1,0
BRDA:98,19,0,0
BRDA:98,19,1,0
BRDA:99,20,0,0
BRDA:99,20,1,0
BRDA:100,21,0,0
BRDA:100,21,1,0
BRDA:100,22,0,0
BRDA:100,22,1,0
BRDA:102,23,0,0
BRDA:102,23,1,0
BRDA:102,24,0,0
BRDA:102,24,1,0
BRDA:104,25,0,0
BRDA:104,25,1,0
BRDA:104,26,0,0
BRDA:104,26,1,0
BRDA:104,26,2,0
BRDA:107,27,0,0
BRDA:107,27,1,0
BRDA:113,28,0,0
BRDA:113,28,1,0
BRDA:120,29,0,0
BRDA:120,29,1,0
BRDA:132,30,0,0
BRDA:132,30,1,0
BRDA:136,31,0,0
BRDA:136,31,1,0
BRDA:141,32,0,0
BRDA:141,32,1,0
BRDA:141,33,0,0
BRDA:141,33,1,0
BRDA:142,34,0,0
BRDA:142,34,1,0
BRDA:142,35,0,0
BRDA:142,35,1,0
BRDA:142,35,2,0
BRDA:142,35,3,0
BRDA:272,36,0,0
BRDA:272,36,1,0
BRDA:275,37,0,0
BRDA:275,37,1,0
BRDA:275,38,0,0
BRDA:275,38,1,0
BRDA:289,39,0,0
BRDA:289,39,1,0
BRDA:343,40,0,0
BRDA:343,40,1,0
BRDA:369,41,0,1
BRDA:369,41,1,1
BRF:97
BRH:7
end_of_record
TN:
SF:dojo/topic.js
FN:1,(anonymous_1)
FN:16,(anonymous_2)
FN:28,(anonymous_3)
FNF:3
FNH:1
FNDA:1,(anonymous_1)
FNDA:0,(anonymous_2)
FNDA:0,(anonymous_3)
DA:1,1
DA:6,1
DA:7,1
DA:25,0
DA:35,0
LF:5
LH:3
BRF:0
BRH:0
end_of_record
TN:
SF:dojo/ready.js
FN:1,(anonymous_1)
FN:17,(anonymous_2)
FN:23,(anonymous_3)
FN:69,(anonymous_4)
FN:120,(anonymous_5)
FN:138,(anonymous_6)
FNF:6
FNH:3
FNDA:1,(anonymous_1)
FNDA:1,(anonymous_2)
FNDA:3,(anonymous_3)
FNDA:0,(anonymous_4)
FNDA:0,(anonymous_5)
FNDA:0,(anonymous_6)
DA:1,1
DA:7,1
DA:18,1
DA:19,1
DA:20,1
DA:34,3
DA:35,0
DA:37,3
DA:44,3
DA:45,0
DA:46,0
DA:47,0
DA:50,0
DA:51,0
DA:52,0
DA:54,0
DA:59,3
DA:64,1
DA:65,1
DA:66,1
DA:69,1
DA:110,0
DA:111,0
DA:112,0
DA:113,0
DA:114,0
DA:116,0
DA:118,0
DA:121,0
DA:123,0
DA:124,0
DA:125,0
DA:126,0
DA:129,1
DA:130,1
DA:131,1
DA:132,1
DA:133,0
DA:137,1
DA:138,0
DA:139,0
DA:140,0
DA:141,0
DA:146,1
DA:147,1
DA:149,0
DA:152,1
LF:47
LH:21
BRDA:34,1,0,0
BRDA:34,1,1,3
BRDA:44,2,0,3
BRDA:44,2,1,2
BRDA:44,2,2,2
BRDA:44,2,3,2
BRDA:44,2,4,2
BRDA:44,3,0,2
BRDA:44,3,1,0
BRDA:51,4,0,0
BRDA:51,4,1,0
BRDA:64,5,0,1
BRDA:64,5,1,1
BRDA:65,6,0,1
BRDA:65,6,1,0
BRDA:111,7,0,0
BRDA:111,7,1,0
BRDA:118,8,0,0
BRDA:118,8,1,0
BRDA:124,9,0,0
BRDA:124,9,1,0
BRDA:130,10,0,1
BRDA:130,10,1,0
BRDA:132,11,0,0
BRDA:132,11,1,1
BRDA:133,12,0,0
BRDA:133,12,1,0
BRDA:137,13,0,0
BRDA:137,13,1,1
BRDA:137,14,0,1
BRDA:137,14,1,1
BRDA:137,14,2,0
BRDA:139,15,0,0
BRDA:139,15,1,0
BRDA:146,16,0,1
BRDA:146,16,1,0
BRF:36
BRH:16
end_of_record
TN:
SF:dijit/Destroyable.js
FN:5,(anonymous_1)
FN:18,(anonymous_2)
FN:24,(anonymous_3)
FN:34,(anonymous_4)
FN:44,(anonymous_5)
FN:49,(anonymous_6)
FNF:6
FNH:1
FNDA:1,(anonymous_1)
FNDA:0,(anonymous_2)
FNDA:0,(anonymous_3)
FNDA:0,(anonymous_4)
FNDA:0,(anonymous_5)
FNDA:0,(anonymous_6)
DA:1,1
DA:10,1
DA:21,0
DA:34,0
DA:35,0
DA:44,0
DA:45,0
DA:49,0
DA:50,0
DA:51,0
DA:55,0
LF:11
LH:2
BRDA:36,1,0,0
BRDA:36,1,1,0
BRDA:37,2,0,0
BRDA:37,2,1,0
BRF:4
BRH:0
end_of_record
TN:
SF:dojo/dom-style.js
FN:1,(anonymous_1)
FN:28,(anonymous_2)
FN:41,(anonymous_3)
FN:47,(anonymous_4)
FN:88,(anonymous_5)
FN:94,(anonymous_6)
FN:133,(anonymous_7)
FN:142,(anonymous_8)
FN:149,(anonymous_9)
FN:154,(anonymous_10)
FN:187,(anonymous_11)
FN:195,_toStyleValue
FN:221,getStyle
FN:254,setStyle
FNF:14
FNH:3
FNDA:1,(anonymous_1)
FNDA:0,(anonymous_2)
FNDA:0,(anonymous_3)
FNDA:1,(anonymous_4)
FNDA:0,(anonymous_5)
FNDA:0,(anonymous_6)
FNDA:0,(anonymous_7)
FNDA:0,(anonymous_8)
FNDA:0,(anonymous_9)
FNDA:0,(anonymous_10)
FNDA:0,(anonymous_11)
FNDA:0,_toStyleValue
FNDA:0,getStyle
FNDA:2,setStyle
DA:1,1
DA:23,1
DA:27,1
DA:28,0
DA:29,0
DA:30,0
DA:31,0
DA:32,0
DA:33,0
DA:34,0
DA:35,0
DA:38,0
DA:40,1
DA:41,0
DA:44,0
DA:47,1
DA:48,1
DA:52,1
DA:86,1
DA:87,1
DA:88,1
DA:91,0
DA:94,0
DA:95,0
DA:97,0
DA:100,0
DA:101,0
DA:103,0
DA:104,0
DA:109,0
DA:110,0
DA:112,0
DA:114,0
DA:115,0
DA:116,0
DA:119,1
DA:132,1
DA:133,1
DA:134,0
DA:135,0
DA:137,0
DA:141,1
DA:143,0
DA:144,0
DA:146,0
DA:150,0
DA:153,1
DA:155,0
DA:156,0
DA:162,0
DA:163,0
DA:164,0
DA:165,0
DA:169,0
DA:170,0
DA:171,0
DA:173,0
DA:175,0
DA:178,0
DA:179,0
DA:180,0
DA:181,0
DA:185,0
DA:188,0
DA:191,1
DA:194,1
DA:195,1
DA:197,0
DA:198,0
DA:199,0
DA:200,0
DA:201,0
DA:203,0
DA:204,0
DA:205,0
DA:207,0
DA:211,0
DA:212,0
DA:214,0
DA:217,1
DA:221,1
DA:245,0
DA:246,0
DA:247,0
DA:249,0
DA:250,0
DA:251,0
DA:254,1
DA:300,2
DA:301,2
DA:302,2
DA:303,1
DA:305,1
DA:306,1
DA:308,1
DA:311,1
LF:96
LH:29
BRDA:27,1,0,0
BRDA:27,1,1,1
BRDA:30,2,0,0
BRDA:30,2,1,0
BRDA:33,3,0,0
BRDA:33,3,1,0
BRDA:33,4,0,0
BRDA:33,4,1,0
BRDA:38,5,0,0
BRDA:38,5,1,0
BRDA:40,6,0,0
BRDA:40,6,1,1
BRDA:40,7,0,1
BRDA:40,7,1,0
BRDA:40,7,2,0
BRDA:44,8,0,0
BRDA:44,8,1,0
BRDA:44,9,0,0
BRDA:44,9,1,0
BRDA:48,10,0,1
BRDA:48,10,1,0
BRDA:87,11,0,1
BRDA:87,11,1,0
BRDA:91,12,0,0
BRDA:91,12,1,0
BRDA:95,13,0,0
BRDA:95,13,1,0
BRDA:97,14,0,0
BRDA:97,14,1,0
BRDA:100,15,0,0
BRDA:100,15,1,0
BRDA:100,16,0,0
BRDA:100,16,1,0
BRDA:137,17,0,0
BRDA:137,17,1,0
BRDA:142,18,0,0
BRDA:142,18,1,1
BRDA:142,19,0,1
BRDA:142,19,1,1
BRDA:142,19,2,0
BRDA:154,20,0,0
BRDA:154,20,1,1
BRDA:154,21,0,1
BRDA:154,21,1,1
BRDA:154,21,2,0
BRDA:155,22,0,0
BRDA:155,22,1,0
BRDA:162,23,0,0
BRDA:162,23,1,0
BRDA:164,24,0,0
BRDA:164,24,1,0
BRDA:170,25,0,0
BRDA:170,25,1,0
BRDA:178,26,0,0
BRDA:178,26,1,0
BRDA:180,27,0,0
BRDA:180,27,1,0
BRDA:198,28,0,0
BRDA:198,28,1,0
BRDA:199,29,0,0
BRDA:199,29,1,0
BRDA:200,30,0,0
BRDA:200,30,1,0
BRDA:201,31,0,0
BRDA:201,31,1,0
BRDA:203,32,0,0
BRDA:203,32,1,0
BRDA:204,33,0,0
BRDA:204,33,1,0
BRDA:204,33,2,0
BRDA:211,34,0,0
BRDA:211,34,1,0
BRDA:214,35,0,0
BRDA:214,35,1,0
BRDA:246,36,0,0
BRDA:246,36,1,0
BRDA:246,37,0,0
BRDA:246,37,1,0
BRDA:249,38,0,0
BRDA:249,38,1,0
BRDA:249,39,0,0
BRDA:249,39,1,0
BRDA:251,40,0,0
BRDA:251,40,1,0
BRDA:251,41,0,0
BRDA:251,41,1,0
BRDA:301,42,0,0
BRDA:301,42,1,2
BRDA:301,43,0,0
BRDA:301,43,1,0
BRDA:302,44,0,1
BRDA:302,44,1,1
BRDA:303,45,0,0
BRDA:303,45,1,1
BRF:94
BRH:15
end_of_record
TN:
SF:dojo/Stateful.js
FN:1,(anonymous_1)
FN:29,(anonymous_2)
FN:44,(anonymous_3)
FN:49,(anonymous_4)
FN:56,(anonymous_5)
FN:74,(anonymous_6)
FN:124,(anonymous_7)
FN:130,(anonymous_8)
FN:152,(anonymous_9)
FN:172,(anonymous_10)
FN:173,(anonymous_11)
FN:202,(anonymous_12)
FNF:12
FNH:1
FNDA:1,(anonymous_1)
FNDA:0,(anonymous_2)
FNDA:0,(anonymous_3)
FNDA:0,(anonymous_4)
FNDA:0,(anonymous_5)
FNDA:0,(anonymous_6)
FNDA:0,(anonymous_7)
FNDA:0,(anonymous_8)
FNDA:0,(anonymous_9)
FNDA:0,(anonymous_10)
FNDA:0,(anonymous_11)
FNDA:0,(anonymous_12)
DA:1,1
DA:5,1
DA:36,0
DA:37,0
DA:38,0
DA:46,0
DA:54,0
DA:72,0
DA:101,0
DA:102,0
DA:103,0
DA:104,0
DA:107,0
DA:110,0
DA:114,0
DA:116,0
DA:119,0
DA:121,0
DA:122,0
DA:124,0
DA:125,0
DA:128,0
DA:145,0
DA:146,0
DA:147,0
DA:148,0
DA:150,0
DA:169,0
DA:170,0
DA:171,0
DA:172,0
DA:173,0
DA:174,0
DA:175,0
DA:176,0
DA:177,0
DA:181,0
DA:182,0
DA:183,0
DA:187,0
DA:188,0
DA:189,0
DA:192,0
DA:194,0
DA:195,0
DA:196,0
DA:198,0
DA:201,0
DA:202,0
DA:203,0
DA:204,0
DA:205,0
DA:208,0
LF:53
LH:2
BRDA:37,1,0,0
BRDA:37,1,1,0
BRDA:46,2,0,0
BRDA:46,2,1,0
BRDA:54,3,0,0
BRDA:54,3,1,0
BRDA:101,4,0,0
BRDA:101,4,1,0
BRDA:103,5,0,0
BRDA:103,5,1,0
BRDA:103,6,0,0
BRDA:103,6,1,0
BRDA:114,7,0,0
BRDA:114,7,1,0
BRDA:121,8,0,0
BRDA:121,8,1,0
BRDA:147,9,0,0
BRDA:147,9,1,0
BRDA:170,10,0,0
BRDA:170,10,1,0
BRDA:174,11,0,0
BRDA:174,11,1,0
BRDA:182,12,0,0
BRDA:182,12,1,0
BRDA:187,13,0,0
BRDA:187,13,1,0
BRDA:187,14,0,0
BRDA:187,14,1,0
BRDA:195,15,0,0
BRDA:195,15,1,0
BRDA:204,16,0,0
BRDA:204,16,1,0
BRF:32
BRH:0
end_of_record
TN:
SF:dijit/registry.js
FN:6,(anonymous_1)
FN:21,(anonymous_2)
FN:33,(anonymous_3)
FN:43,(anonymous_4)
FN:50,(anonymous_5)
FN:56,(anonymous_6)
FN:71,(anonymous_7)
FN:84,(anonymous_8)
FN:95,getChildrenHelper
FN:115,(anonymous_10)
FN:125,(anonymous_11)
FN:138,(anonymous_12)
FNF:12
FNH:2
FNDA:1,(anonymous_1)
FNDA:1,(anonymous_2)
FNDA:0,(anonymous_3)
FNDA:0,(anonymous_4)
FNDA:0,(anonymous_5)
FNDA:0,(anonymous_6)
FNDA:0,(anonymous_7)
FNDA:0,(anonymous_8)
FNDA:0,getChildrenHelper
FNDA:0,(anonymous_10)
FNDA:0,(anonymous_11)
FNDA:0,(anonymous_12)
DA:1,1
DA:11,1
DA:13,1
DA:26,1
DA:27,0
DA:29,1
DA:30,1
DA:37,0
DA:38,0
DA:39,0
DA:47,0
DA:53,0
DA:64,0
DA:65,0
DA:66,0
DA:68,0
DA:75,0
DA:76,0
DA:77,0
DA:81,0
DA:93,0
DA:95,0
DA:96,0
DA:97,0
DA:98,0
DA:99,0
DA:100,0
DA:101,0
DA:102,0
DA:104,0
DA:105,0
DA:111,0
DA:112,0
DA:120,0
DA:121,0
DA:122,0
DA:125,0
DA:128,0
DA:129,0
DA:130,0
DA:131,0
DA:132,0
DA:142,0
DA:143,0
DA:144,0
DA:145,0
DA:147,0
DA:149,0
DA:157,1
DA:159,1
LF:50
LH:8
BRDA:26,1,0,0
BRDA:26,1,1,1
BRDA:37,2,0,0
BRDA:37,2,1,0
BRDA:47,3,0,0
BRDA:47,3,1,0
BRDA:78,4,0,0
BRDA:78,4,1,0
BRDA:81,5,0,0
BRDA:81,5,1,0
BRDA:97,6,0,0
BRDA:97,6,1,0
BRDA:99,7,0,0
BRDA:99,7,1,0
BRDA:101,8,0,0
BRDA:101,8,1,0
BRDA:104,9,0,0
BRDA:104,9,1,0
BRDA:128,10,0,0
BRDA:128,10,1,0
BRDA:129,11,0,0
BRDA:129,11,1,0
BRDA:131,12,0,0
BRDA:131,12,1,0
BRDA:143,13,0,0
BRDA:143,13,1,0
BRDA:144,14,0,0
BRDA:144,14,1,0
BRF:28
BRH:1
end_of_record
TN:
SF:dojo/dom-prop.js
FN:2,(anonymous_1)
FN:30,getProp
FN:54,setProp
FNF:3
FNH:1
FNDA:1,(anonymous_1)
FNDA:0,getProp
FNDA:0,setProp
DA:1,1
DA:15,1
DA:17,1
DA:30,1
DA:49,0
DA:50,0
DA:51,0
DA:54,1
DA:121,0
DA:122,0
DA:123,0
DA:125,0
DA:126,0
DA:128,0
DA:130,0
DA:131,0
DA:133,0
DA:134,0
DA:136,0
DA:139,0
DA:141,0
DA:142,0
DA:144,0
DA:146,0
DA:148,0
DA:151,0
DA:152,0
DA:153,0
DA:154,0
DA:156,0
DA:157,0
DA:159,0
DA:160,0
DA:162,0
DA:164,0
DA:165,0
DA:169,0
DA:171,0
DA:173,0
DA:175,0
DA:177,0
DA:178,0
LF:42
LH:5
BRDA:50,1,0,0
BRDA:50,1,1,0
BRDA:123,2,0,0
BRDA:123,2,1,0
BRDA:123,3,0,0
BRDA:123,3,1,0
BRDA:130,4,0,0
BRDA:130,4,1,0
BRDA:131,5,0,0
BRDA:131,5,1,0
BRDA:131,6,0,0
BRDA:131,6,1,0
BRDA:136,7,0,0
BRDA:136,7,1,0
BRDA:139,8,0,0
BRDA:139,8,1,0
BRDA:139,9,0,0
BRDA:139,9,1,0
BRDA:148,10,0,0
BRDA:148,10,1,0
BRDA:152,11,0,0
BRDA:152,11,1,0
BRDA:156,12,0,0
BRDA:156,12,1,0
BRDA:160,13,0,0
BRDA:160,13,1,0
BRDA:169,14,0,0
BRDA:169,14,1,0
BRF:28
BRH:0
end_of_record
TN:
SF:dojo/Evented.js
FN:1,(anonymous_1)
FN:7,Evented
FN:23,(anonymous_3)
FN:24,(anonymous_4)
FN:28,(anonymous_5)
FNF:5
FNH:4
FNDA:1,(anonymous_1)
FNDA:2,Evented
FNDA:3,(anonymous_3)
FNDA:3,(anonymous_4)
FNDA:0,(anonymous_5)
DA:1,1
DA:5,1
DA:6,1
DA:7,1
DA:22,1
DA:24,3
DA:25,3
DA:29,0
DA:30,0
DA:31,0
DA:34,1
LF:11
LH:8
BRF:0
BRH:0
end_of_record
TN:
SF:dojo/mouse.js
FN:1,(anonymous_1)
FN:17,(anonymous_2)
FN:18,(anonymous_3)
FN:19,(anonymous_4)
FN:20,(anonymous_5)
FN:28,(anonymous_6)
FN:29,(anonymous_7)
FN:30,(anonymous_8)
FN:31,(anonymous_9)
FN:81,eventHandler
FN:83,(anonymous_11)
FN:84,(anonymous_12)
FN:93,(anonymous_13)
FN:94,(anonymous_14)
FN:109,(anonymous_15)
FN:110,(anonymous_16)
FNF:16
FNH:2
FNDA:1,(anonymous_1)
FNDA:0,(anonymous_2)
FNDA:0,(anonymous_3)
FNDA:0,(anonymous_4)
FNDA:0,(anonymous_5)
FNDA:0,(anonymous_6)
FNDA:0,(anonymous_7)
FNDA:0,(anonymous_8)
FNDA:0,(anonymous_9)
FNDA:2,eventHandler
FNDA:0,(anonymous_11)
FNDA:0,(anonymous_12)
FNDA:0,(anonymous_13)
FNDA:0,(anonymous_14)
FNDA:0,(anonymous_15)
FNDA:0,(anonymous_16)
DA:1,1
DA:6,1
DA:7,1
DA:8,1
DA:10,1
DA:11,1
DA:12,0
DA:17,0
DA:18,0
DA:19,0
DA:20,0
DA:23,1
DA:28,0
DA:29,0
DA:30,0
DA:31,0
DA:34,1
DA:81,1
DA:83,2
DA:84,0
DA:85,0
DA:86,0
DA:88,0
DA:89,0
DA:93,2
DA:94,0
DA:96,0
DA:97,0
DA:98,0
DA:99,0
DA:103,2
DA:105,1
DA:106,1
DA:107,1
DA:109,0
DA:110,0
DA:111,0
DA:112,0
DA:116,1
LF:39
LH:16
BRDA:6,1,0,1
BRDA:6,1,1,1
BRDA:7,2,0,1
BRDA:7,2,1,1
BRDA:8,3,0,1
BRDA:8,3,1,1
BRDA:11,4,0,0
BRDA:11,4,1,1
BRDA:11,5,0,1
BRDA:11,5,1,0
BRDA:11,5,2,1
BRDA:85,6,0,0
BRDA:85,6,1,0
BRDA:88,7,0,0
BRDA:88,7,1,0
BRDA:98,8,0,0
BRDA:98,8,1,0
BRDA:98,9,0,0
BRDA:98,9,1,0
BRDA:98,10,0,0
BRDA:98,10,1,0
BRDA:98,10,2,0
BRDA:106,11,0,1
BRDA:106,11,1,0
BRF:24
BRH:10
end_of_record
TN:
SF:dojo/_base/sniff.js
FN:1,(anonymous_1)
FNF:1
FNH:1
FNDA:1,(anonymous_1)
DA:1,1
DA:13,1
DA:14,0
DA:18,1
DA:20,1
DA:92,1
LF:6
LH:5
BRDA:13,1,0,0
BRDA:13,1,1,1
BRF:2
BRH:1
end_of_record
TN:
SF:dijit/main.js
FN:3,(anonymous_1)
FNF:1
FNH:1
FNDA:1,(anonymous_1)
DA:1,1
DA:15,1
LF:2
LH:2
BRF:0
BRH:0
end_of_record
TN:
SF:dojo/when.js
FN:4,(anonymous_1)
FN:10,when
FNF:2
FNH:1
FNDA:1,(anonymous_1)
FNDA:0,when
DA:1,1
DA:5,1
DA:10,1
DA:35,0
DA:36,0
DA:38,0
DA:39,0
DA:40,0
DA:42,0
DA:44,0
DA:45,0
DA:46,0
DA:47,0
DA:50,0
DA:51,0
DA:53,0
LF:16
LH:3
BRDA:35,1,0,0
BRDA:35,1,1,0
BRDA:36,2,0,0
BRDA:36,2,1,0
BRDA:38,3,0,0
BRDA:38,3,1,0
BRDA:39,4,0,0
BRDA:39,4,1,0
BRDA:40,5,0,0
BRDA:40,5,1,0
BRDA:44,6,0,0
BRDA:44,6,1,0
BRDA:50,7,0,0
BRDA:50,7,1,0
BRDA:50,8,0,0
BRDA:50,8,1,0
BRDA:50,8,2,0
BRF:17
BRH:0
end_of_record
TN:
SF:dojo/promise/Promise.js
FN:3,(anonymous_1)
FN:9,throwAbstract
FN:13,Promise
FN:20,(anonymous_4)
FN:42,(anonymous_5)
FN:63,(anonymous_6)
FN:71,(anonymous_7)
FN:79,(anonymous_8)
FN:87,(anonymous_9)
FN:95,(anonymous_10)
FN:107,(anonymous_11)
FN:118,(anonymous_12)
FN:122,(anonymous_13)
FN:126,(anonymous_14)
FNF:14
FNH:1
FNDA:1,(anonymous_1)
FNDA:0,throwAbstract
FNDA:0,Promise
FNDA:0,(anonymous_4)
FNDA:0,(anonymous_5)
FNDA:0,(anonymous_6)
FNDA:0,(anonymous_7)
FNDA:0,(anonymous_8)
FNDA:0,(anonymous_9)
FNDA:0,(anonymous_10)
FNDA:0,(anonymous_11)
FNDA:0,(anonymous_12)
FNDA:0,(anonymous_13)
FNDA:0,(anonymous_14)
DA:1,1
DA:4,1
DA:9,1
DA:10,0
DA:13,1
DA:39,0
DA:60,0
DA:68,0
DA:76,0
DA:84,0
DA:92,0
DA:104,0
DA:115,0
DA:119,0
DA:123,0
DA:130,0
LF:16
LH:4
BRF:0
BRH:0
end_of_record
TN:
SF:dojo/Deferred.js
FN:7,(anonymous_1)
FN:18,(anonymous_2)
FN:20,(anonymous_3)
FN:32,(anonymous_4)
FN:68,(anonymous_5)
FN:69,(anonymous_6)
FN:74,(anonymous_7)
FN:90,(anonymous_8)
FN:119,(anonymous_9)
FN:127,(anonymous_10)
FN:135,(anonymous_11)
FN:143,(anonymous_12)
FN:151,(anonymous_13)
FN:176,(anonymous_14)
FN:202,(anonymous_15)
FN:229,(anonymous_16)
FN:252,(anonymous_17)
FN:265,(anonymous_18)
FN:308,(anonymous_19)
FNF:19
FNH:1
FNDA:1,(anonymous_1)
FNDA:0,(anonymous_2)
FNDA:0,(anonymous_3)
FNDA:0,(anonymous_4)
FNDA:0,(anonymous_5)
FNDA:0,(anonymous_6)
FNDA:0,(anonymous_7)
FNDA:0,(anonymous_8)
FNDA:0,(anonymous_9)
FNDA:0,(anonymous_10)
FNDA:0,(anonymous_11)
FNDA:0,(anonymous_12)
FNDA:0,(anonymous_13)
FNDA:0,(anonymous_14)
FNDA:0,(anonymous_15)
FNDA:0,(anonymous_16)
FNDA:0,(anonymous_17)
FNDA:0,(anonymous_18)
FNDA:0,(anonymous_19)
DA:1,1
DA:8,1
DA:13,1
DA:16,1
DA:18,1
DA:20,1
DA:21,0
DA:22,0
DA:23,0
DA:27,0
DA:28,0
DA:32,1
DA:33,0
DA:34,0
DA:35,0
DA:36,0
DA:37,0
DA:38,0
DA:39,0
DA:40,0
DA:43,0
DA:44,0
DA:45,0
DA:50,0
DA:52,0
DA:55,0
DA:58,0
DA:61,0
DA:62,0
DA:63,0
DA:68,1
DA:69,0
DA:70,0
DA:74,1
DA:75,0
DA:76,0
DA:78,0
DA:79,0
DA:81,0
DA:82,0
DA:84,0
DA:85,0
DA:90,1
DA:107,0
DA:109,0
DA:110,0
DA:111,0
DA:112,0
DA:114,0
DA:115,0
DA:116,0
DA:119,0
DA:124,0
DA:127,0
DA:132,0
DA:135,0
DA:140,0
DA:143,0
DA:148,0
DA:151,0
DA:166,0
DA:167,0
DA:168,0
DA:169,0
DA:170,0
DA:172,0
DA:176,0
DA:189,0
DA:192,0
DA:193,0
DA:194,0
DA:195,0
DA:196,0
DA:198,0
DA:202,0
DA:215,0
DA:216,0
DA:217,0
DA:219,0
DA:220,0
DA:221,0
DA:222,0
DA:223,0
DA:225,0
DA:229,0
DA:248,0
DA:251,0
DA:252,0
DA:255,0
DA:257,0
DA:258,0
DA:260,0
DA:262,0
DA:265,0
DA:283,0
DA:285,0
DA:286,0
DA:287,0
DA:289,0
DA:290,0
DA:292,0
DA:293,0
DA:295,0
DA:296,0
DA:297,0
DA:298,0
DA:300,0
DA:301,0
DA:305,0
DA:308,1
DA:312,0
DA:315,1
DA:316,1
DA:319,1
LF:114
LH:14
BRDA:18,1,0,1
BRDA:18,1,1,0
BRDA:21,2,0,0
BRDA:21,2,1,0
BRDA:22,3,0,0
BRDA:22,3,1,0
BRDA:22,4,0,0
BRDA:22,4,1,0
BRDA:22,4,2,0
BRDA:35,5,0,0
BRDA:35,5,1,0
BRDA:38,6,0,0
BRDA:38,6,1,0
BRDA:39,7,0,0
BRDA:39,7,1,0
BRDA:43,8,0,0
BRDA:43,8,1,0
BRDA:43,9,0,0
BRDA:43,9,1,0
BRDA:61,10,0,0
BRDA:61,10,1,0
BRDA:62,11,0,0
BRDA:62,11,1,0
BRDA:62,12,0,0
BRDA:62,12,1,0
BRDA:75,13,0,0
BRDA:75,13,1,0
BRDA:76,14,0,0
BRDA:76,14,1,0
BRDA:76,14,2,0
BRDA:114,15,0,0
BRDA:114,15,1,0
BRDA:114,16,0,0
BRDA:114,16,1,0
BRDA:166,17,0,0
BRDA:166,17,1,0
BRDA:169,18,0,0
BRDA:169,18,1,0
BRDA:189,19,0,0
BRDA:189,19,1,0
BRDA:195,20,0,0
BRDA:195,20,1,0
BRDA:215,21,0,0
BRDA:215,21,1,0
BRDA:216,22,0,0
BRDA:216,22,1,0
BRDA:216,23,0,0
BRDA:216,23,1,0
BRDA:222,24,0,0
BRDA:222,24,1,0
BRDA:255,25,0,0
BRDA:255,25,1,0
BRDA:257,26,0,0
BRDA:257,26,1,0
BRDA:257,27,0,0
BRDA:257,27,1,0
BRDA:283,28,0,0
BRDA:283,28,1,0
BRDA:285,29,0,0
BRDA:285,29,1,0
BRDA:287,30,0,0
BRDA:287,30,1,0
BRDA:290,31,0,0
BRDA:290,31,1,0
BRDA:292,32,0,0
BRDA:292,32,1,0
BRDA:297,33,0,0
BRDA:297,33,1,0
BRDA:297,34,0,0
BRDA:297,34,1,0
BRDA:300,35,0,0
BRDA:300,35,1,0
BRDA:315,36,0,1
BRDA:315,36,1,0
BRF:74
BRH:2
end_of_record
TN:
SF:dojo/errors/CancelError.js
FN:1,(anonymous_1)
FNF:1
FNH:1
FNDA:1,(anonymous_1)
DA:1,1
DA:12,1
LF:2
LH:2
BRF:0
BRH:0
end_of_record
TN:
SF:dojo/promise/instrumentation.js
FN:6,(anonymous_1)
FN:7,logError
FN:21,reportRejections
FN:30,trackUnhandledRejections
FN:32,(anonymous_5)
FN:38,(anonymous_6)
FN:52,logRejected
FN:55,(anonymous_8)
FN:70,(anonymous_9)
FNF:9
FNH:2
FNDA:1,(anonymous_1)
FNDA:0,logError
FNDA:0,reportRejections
FNDA:0,trackUnhandledRejections
FNDA:0,(anonymous_5)
FNDA:0,(anonymous_6)
FNDA:0,logRejected
FNDA:0,(anonymous_8)
FNDA:1,(anonymous_9)
DA:1,1
DA:7,1
DA:8,0
DA:9,0
DA:10,0
DA:12,0
DA:13,0
DA:15,0
DA:16,0
DA:18,0
DA:21,1
DA:22,0
DA:23,0
DA:27,1
DA:28,1
DA:29,1
DA:30,1
DA:31,0
DA:32,0
DA:33,0
DA:34,0
DA:35,0
DA:38,0
DA:39,0
DA:47,0
DA:48,0
DA:52,1
DA:53,0
DA:54,0
DA:55,0
DA:56,0
DA:57,0
DA:58,0
DA:60,0
DA:63,0
DA:64,0
DA:66,0
DA:70,1
DA:84,1
DA:85,1
DA:86,1
DA:87,1
DA:88,1
DA:90,1
DA:91,1
DA:92,1
DA:93,1
DA:95,1
DA:96,0
DA:97,1
DA:98,1
DA:99,1
DA:101,0
LF:53
LH:22
BRDA:9,1,0,0
BRDA:9,1,1,0
BRDA:9,2,0,0
BRDA:9,2,1,0
BRDA:12,3,0,0
BRDA:12,3,1,0
BRDA:12,4,0,0
BRDA:12,4,1,0
BRDA:15,5,0,0
BRDA:15,5,1,0
BRDA:15,6,0,0
BRDA:15,6,1,0
BRDA:22,7,0,0
BRDA:22,7,1,0
BRDA:31,8,0,0
BRDA:31,8,1,0
BRDA:33,9,0,0
BRDA:33,9,1,0
BRDA:38,10,0,0
BRDA:38,10,1,0
BRDA:47,11,0,0
BRDA:47,11,1,0
BRDA:56,12,0,0
BRDA:56,12,1,0
BRDA:63,13,0,0
BRDA:63,13,1,0
BRDA:85,14,0,1
BRDA:85,14,1,0
BRDA:91,15,0,1
BRDA:91,15,1,0
BRDA:95,16,0,0
BRDA:95,16,1,1
BRDA:97,17,0,1
BRDA:97,17,1,0
BRDA:97,18,0,1
BRDA:97,18,1,0
BRDA:97,18,2,0
BRDA:99,19,0,1
BRDA:99,19,1,1
BRF:39
BRH:7
end_of_record
TN:
SF:dojo/errors/create.js
FN:1,(anonymous_1)
FN:2,(anonymous_2)
FN:5,(anonymous_3)
FNF:3
FNH:2
FNDA:1,(anonymous_1)
FNDA:1,(anonymous_2)
FNDA:0,(anonymous_3)
DA:1,1
DA:2,1
DA:3,1
DA:5,1
DA:6,0
DA:7,0
DA:8,0
DA:13,0
DA:17,0
DA:18,0
DA:19,0
DA:24,0
DA:26,0
DA:28,0
DA:30,0
DA:31,0
DA:35,1
DA:36,1
DA:37,1
DA:39,1
LF:20
LH:8
BRDA:3,1,0,1
BRDA:3,1,1,1
BRDA:6,2,0,0
BRDA:6,2,1,0
BRDA:7,3,0,0
BRDA:7,3,1,0
BRDA:18,4,0,0
BRDA:18,4,1,0
BRDA:30,5,0,0
BRDA:30,5,1,0
BRF:10
BRH:2
end_of_record
TN:
SF:dojo/promise/tracer.js
FN:5,(anonymous_1)
FN:38,emitAsync
FN:39,(anonymous_3)
FN:44,(anonymous_4)
FN:58,(anonymous_5)
FN:59,(anonymous_6)
FN:60,(anonymous_7)
FN:65,(anonymous_8)
FN:78,(anonymous_9)
FNF:9
FNH:1
FNDA:1,(anonymous_1)
FNDA:0,emitAsync
FNDA:0,(anonymous_3)
FNDA:0,(anonymous_4)
FNDA:0,(anonymous_5)
FNDA:0,(anonymous_6)
FNDA:0,(anonymous_7)
FNDA:0,(anonymous_8)
FNDA:0,(anonymous_9)
DA:1,1
DA:6,1
DA:34,1
DA:35,1
DA:36,1
DA:38,1
DA:39,0
DA:40,0
DA:44,1
DA:56,0
DA:57,0
DA:58,0
DA:59,0
DA:60,0
DA:62,0
DA:65,1
DA:77,0
DA:78,0
DA:79,0
DA:81,0
DA:84,1
LF:21
LH:9
BRF:0
BRH:0
end_of_record
