TN:
SF:mathEditor/tests/intern.js
FNF:0
FNH:0
DA:4,2
LF:1
LH:1
BRF:0
BRH:0
end_of_record
TN:
SF:dojo/dojo.js
FN:1,(anonymous_1)
FN:66,(anonymous_2)
FN:69,(anonymous_3)
FN:78,(anonymous_4)
FN:82,(anonymous_5)
FN:86,(anonymous_6)
FN:90,(anonymous_7)
FN:98,(anonymous_8)
FN:105,(anonymous_9)
FN:111,(anonymous_10)
FN:119,(anonymous_11)
FN:134,(anonymous_12)
FN:140,(anonymous_13)
FN:209,(anonymous_14)
FN:235,(anonymous_15)
FN:245,(anonymous_16)
FN:267,(anonymous_17)
FN:285,(anonymous_18)
FN:292,(anonymous_19)
FN:318,(anonymous_20)
FN:327,(anonymous_21)
FN:331,(anonymous_22)
FN:335,(anonymous_23)
FN:340,(anonymous_24)
FN:452,(anonymous_25)
FN:472,(anonymous_26)
FN:473,(anonymous_27)
FN:476,(anonymous_28)
FN:489,(anonymous_29)
FN:493,(anonymous_30)
FN:494,(anonymous_31)
FN:501,(anonymous_32)
FN:533,(anonymous_33)
FN:583,(anonymous_34)
FN:598,(anonymous_35)
FN:725,(anonymous_36)
FN:727,(anonymous_37)
FN:730,(anonymous_38)
FN:733,(anonymous_39)
FN:734,(anonymous_40)
FN:749,(anonymous_41)
FN:798,(anonymous_42)
FN:811,(anonymous_43)
FN:817,(anonymous_44)
FN:822,(anonymous_45)
FN:825,(anonymous_46)
FN:829,(anonymous_47)
FN:834,(anonymous_48)
FN:864,(anonymous_49)
FN:873,(anonymous_50)
FN:887,(anonymous_51)
FN:891,(anonymous_52)
FN:903,(anonymous_53)
FN:919,(anonymous_54)
FN:928,(anonymous_55)
FN:970,(anonymous_56)
FN:1007,(anonymous_57)
FN:1011,(anonymous_58)
FN:1012,(anonymous_59)
FN:1017,(anonymous_60)
FN:1028,(anonymous_61)
FN:1062,(anonymous_62)
FN:1066,(anonymous_63)
FN:1084,(anonymous_64)
FN:1092,(anonymous_65)
FN:1114,(anonymous_66)
FN:1122,(anonymous_67)
FN:1129,(anonymous_68)
FN:1148,(anonymous_69)
FN:1162,(anonymous_70)
FN:1166,(anonymous_71)
FN:1188,(anonymous_72)
FN:1244,(anonymous_73)
FN:1256,(anonymous_74)
FN:1262,(anonymous_75)
FN:1283,(anonymous_76)
FN:1297,(anonymous_77)
FN:1302,(anonymous_78)
FN:1313,(anonymous_79)
FN:1343,(anonymous_80)
FN:1369,(anonymous_81)
FN:1406,(anonymous_82)
FN:1447,(anonymous_83)
FN:1479,(anonymous_84)
FN:1480,(anonymous_85)
FN:1520,(anonymous_86)
FN:1545,(anonymous_87)
FN:1548,(anonymous_88)
FN:1575,(anonymous_89)
FN:1590,(anonymous_90)
FN:1601,(anonymous_91)
FN:1606,(anonymous_92)
FN:1609,(anonymous_93)
FN:1629,(anonymous_94)
FN:1634,(anonymous_95)
FN:1639,(anonymous_96)
FN:1644,(anonymous_97)
FN:1666,(anonymous_98)
FN:1671,(anonymous_99)
FN:1681,(anonymous_100)
FN:1697,(anonymous_101)
FN:1709,(anonymous_102)
FN:1736,(anonymous_103)
FN:1745,(anonymous_104)
FN:1752,(anonymous_105)
FN:1778,(anonymous_106)
FN:1847,(anonymous_107)
FN:1918,(anonymous_108)
FN:1931,(anonymous_109)
FNF:109
FNH:74
FNDA:2,(anonymous_1)
FNDA:103,(anonymous_2)
FNDA:271,(anonymous_3)
FNDA:2766,(anonymous_4)
FNDA:92,(anonymous_5)
FNDA:20,(anonymous_6)
FNDA:638,(anonymous_7)
FNDA:168,(anonymous_8)
FNDA:0,(anonymous_9)
FNDA:6,(anonymous_10)
FNDA:2,(anonymous_11)
FNDA:2600,(anonymous_12)
FNDA:107,(anonymous_13)
FNDA:0,(anonymous_14)
FNDA:0,(anonymous_15)
FNDA:92,(anonymous_16)
FNDA:0,(anonymous_17)
FNDA:0,(anonymous_18)
FNDA:0,(anonymous_19)
FNDA:2,(anonymous_20)
FNDA:14,(anonymous_21)
FNDA:8,(anonymous_22)
FNDA:6,(anonymous_23)
FNDA:0,(anonymous_24)
FNDA:80,(anonymous_25)
FNDA:0,(anonymous_26)
FNDA:0,(anonymous_27)
FNDA:24,(anonymous_28)
FNDA:0,(anonymous_29)
FNDA:12,(anonymous_30)
FNDA:0,(anonymous_31)
FNDA:14,(anonymous_32)
FNDA:12,(anonymous_33)
FNDA:0,(anonymous_34)
FNDA:0,(anonymous_35)
FNDA:86,(anonymous_36)
FNDA:86,(anonymous_37)
FNDA:0,(anonymous_38)
FNDA:0,(anonymous_39)
FNDA:0,(anonymous_40)
FNDA:6,(anonymous_41)
FNDA:6,(anonymous_42)
FNDA:40,(anonymous_43)
FNDA:4,(anonymous_44)
FNDA:2,(anonymous_45)
FNDA:0,(anonymous_46)
FNDA:0,(anonymous_47)
FNDA:0,(anonymous_48)
FNDA:88,(anonymous_49)
FNDA:91,(anonymous_50)
FNDA:180,(anonymous_51)
FNDA:396,(anonymous_52)
FNDA:406,(anonymous_53)
FNDA:92,(anonymous_54)
FNDA:320,(anonymous_55)
FNDA:0,(anonymous_56)
FNDA:320,(anonymous_57)
FNDA:10,(anonymous_58)
FNDA:4,(anonymous_59)
FNDA:322,(anonymous_60)
FNDA:0,(anonymous_61)
FNDA:6,(anonymous_62)
FNDA:2,(anonymous_63)
FNDA:6,(anonymous_64)
FNDA:86,(anonymous_65)
FNDA:4,(anonymous_66)
FNDA:3,(anonymous_67)
FNDA:3,(anonymous_68)
FNDA:80,(anonymous_69)
FNDA:94,(anonymous_70)
FNDA:0,(anonymous_71)
FNDA:1764,(anonymous_72)
FNDA:176,(anonymous_73)
FNDA:94,(anonymous_74)
FNDA:84,(anonymous_75)
FNDA:0,(anonymous_76)
FNDA:82,(anonymous_77)
FNDA:11,(anonymous_78)
FNDA:8,(anonymous_79)
FNDA:0,(anonymous_80)
FNDA:315,(anonymous_81)
FNDA:80,(anonymous_82)
FNDA:0,(anonymous_83)
FNDA:0,(anonymous_84)
FNDA:0,(anonymous_85)
FNDA:80,(anonymous_86)
FNDA:0,(anonymous_87)
FNDA:0,(anonymous_88)
FNDA:80,(anonymous_89)
FNDA:80,(anonymous_90)
FNDA:92,(anonymous_91)
FNDA:88,(anonymous_92)
FNDA:0,(anonymous_93)
FNDA:162,(anonymous_94)
FNDA:162,(anonymous_95)
FNDA:0,(anonymous_96)
FNDA:2,(anonymous_97)
FNDA:80,(anonymous_98)
FNDA:80,(anonymous_99)
FNDA:0,(anonymous_100)
FNDA:0,(anonymous_101)
FNDA:1360,(anonymous_102)
FNDA:2,(anonymous_103)
FNDA:6,(anonymous_104)
FNDA:80,(anonymous_105)
FNDA:0,(anonymous_106)
FNDA:0,(anonymous_107)
FNDA:6,(anonymous_108)
FNDA:2,(anonymous_109)
DA:1,2
DA:66,2
DA:70,271
DA:71,259
DA:73,12
DA:79,2766
DA:83,92
DA:87,20
DA:91,638
DA:92,516
DA:93,430
DA:99,168
DA:100,954
DA:102,168
DA:106,0
DA:113,6
DA:124,2
DA:135,2600
DA:140,2
DA:141,107
DA:142,107
DA:145,2
DA:148,2
DA:150,0
DA:152,0
DA:155,2
DA:158,2
DA:160,0
DA:161,0
DA:162,0
DA:163,0
DA:164,0
DA:167,0
DA:168,0
DA:173,2
DA:174,0
DA:183,2
DA:189,2
DA:191,2
DA:192,2
DA:193,2
DA:194,2
DA:195,2
DA:198,2
DA:206,2
DA:207,2
DA:209,2
DA:212,0
DA:213,0
DA:214,0
DA:215,0
DA:218,0
DA:235,0
DA:240,2
DA:243,2
DA:245,2
DA:246,92
DA:248,0
DA:250,92
DA:252,0
DA:257,92
DA:258,92
DA:263,2
DA:264,2
DA:265,2
DA:266,2
DA:267,2
DA:268,0
DA:272,0
DA:273,0
DA:274,0
DA:275,0
DA:277,0
DA:285,0
DA:286,0
DA:289,2
DA:291,2
DA:292,2
DA:293,0
DA:294,0
DA:295,0
DA:296,0
DA:297,0
DA:298,0
DA:301,0
DA:303,0
DA:307,0
DA:313,2
DA:317,2
DA:319,2
DA:325,2
DA:328,14
DA:331,14
DA:332,8
DA:337,6
DA:338,6
DA:339,6
DA:341,0
DA:342,0
DA:343,0
DA:344,0
DA:354,2
DA:451,2
DA:452,2
DA:453,80
DA:454,80
DA:455,0
DA:456,0
DA:457,0
DA:458,0
DA:459,0
DA:460,0
DA:461,0
DA:462,0
DA:463,0
DA:466,80
DA:467,0
DA:469,80
DA:473,0
DA:481,24
DA:482,24
DA:483,0
DA:489,24
DA:490,24
DA:494,12
DA:496,0
DA:503,14
DA:504,14
DA:506,0
DA:507,0
DA:509,14
DA:510,14
DA:513,14
DA:514,0
DA:517,14
DA:518,0
DA:522,14
DA:534,12
DA:535,22
DA:536,2
DA:538,22
DA:539,0
DA:541,22
DA:542,2
DA:544,22
DA:551,4
DA:552,4
DA:553,4
DA:555,22
DA:557,20
DA:558,20
DA:563,12
DA:564,0
DA:567,12
DA:568,2
DA:573,12
DA:574,0
DA:578,12
DA:582,12
DA:583,0
DA:584,0
DA:585,0
DA:586,0
DA:588,0
DA:589,0
DA:597,12
DA:598,12
DA:599,0
DA:600,0
DA:601,0
DA:606,12
DA:609,12
DA:611,12
DA:612,6
DA:614,6
DA:615,0
DA:616,0
DA:621,12
DA:622,0
DA:623,0
DA:624,0
DA:625,0
DA:629,12
DA:636,2
DA:642,2
DA:645,2
DA:646,2
DA:647,2
DA:649,2
DA:650,2
DA:653,2
DA:657,2
DA:658,2
DA:661,2
DA:665,2
DA:666,0
DA:667,0
DA:673,2
DA:675,2
DA:676,2
DA:677,0
DA:678,0
DA:684,2
DA:685,2
DA:688,2
DA:689,0
DA:690,0
DA:691,0
DA:693,0
DA:694,0
DA:697,2
DA:698,2
DA:702,0
DA:703,0
DA:704,0
DA:705,0
DA:706,0
DA:707,0
DA:708,0
DA:709,0
DA:712,0
DA:716,2
DA:717,0
DA:718,0
DA:725,2
DA:727,86
DA:728,86
DA:729,86
DA:730,0
DA:731,0
DA:732,0
DA:733,0
DA:734,0
DA:736,0
DA:737,0
DA:739,0
DA:740,0
DA:741,0
DA:742,0
DA:750,6
DA:751,6
DA:753,0
DA:754,0
DA:755,0
DA:757,0
DA:759,6
DA:761,0
DA:764,0
DA:765,0
DA:767,6
DA:769,6
DA:770,0
DA:772,6
DA:775,6
DA:776,12
DA:777,12
DA:781,6
DA:788,6
DA:791,6
DA:797,6
DA:798,6
DA:799,6
DA:801,6
DA:803,4
DA:805,6
DA:808,6
DA:812,40
DA:813,2
DA:815,38
DA:816,38
DA:817,14
DA:818,4
DA:820,14
DA:821,14
DA:822,14
DA:823,2
DA:825,14
DA:826,0
DA:828,14
DA:829,0
DA:830,0
DA:833,14
DA:834,14
DA:835,0
DA:837,0
DA:838,0
DA:839,0
DA:840,0
DA:841,0
DA:844,0
DA:849,38
DA:865,88
DA:866,88
DA:867,88
DA:868,80
DA:870,88
DA:874,91
DA:875,91
DA:876,91
DA:877,80
DA:879,91
DA:880,4
DA:881,4
DA:888,180
DA:893,396
DA:894,396
DA:895,0
DA:896,0
DA:900,396
DA:904,406
DA:906,406
DA:907,406
DA:908,1814
DA:909,1814
DA:910,268
DA:911,268
DA:912,1546
DA:913,1312
DA:916,406
DA:920,92
DA:921,92
DA:922,92
DA:924,0
DA:931,320
DA:932,320
DA:933,320
DA:934,320
DA:939,0
DA:942,320
DA:943,320
DA:944,0
DA:949,320
DA:950,310
DA:952,320
DA:953,320
DA:955,320
DA:956,0
DA:959,320
DA:960,320
DA:961,320
DA:962,294
DA:964,26
DA:968,320
DA:970,320
DA:971,0
DA:972,0
DA:973,0
DA:976,320
DA:977,0
DA:980,320
DA:981,320
DA:982,234
DA:989,86
DA:990,86
DA:991,0
DA:992,86
DA:993,80
DA:994,6
DA:995,6
DA:997,0
DA:1000,86
DA:1001,86
DA:1003,86
DA:1004,86
DA:1008,320
DA:1012,10
DA:1019,322
DA:1020,322
DA:1021,322
DA:1023,10
DA:1025,10
DA:1026,0
DA:1027,0
DA:1028,0
DA:1029,0
DA:1032,0
DA:1033,0
DA:1036,0
DA:1042,10
DA:1044,1
DA:1048,10
DA:1049,7
DA:1050,7
DA:1052,3
DA:1053,3
DA:1055,10
DA:1057,312
DA:1059,322
DA:1063,6
DA:1067,2
DA:1069,2
DA:1085,6
DA:1093,86
DA:1094,86
DA:1096,86
DA:1097,86
DA:1098,0
DA:1099,0
DA:1101,0
DA:1104,86
DA:1106,86
DA:1107,86
DA:1115,4
DA:1116,4
DA:1117,4
DA:1118,4
DA:1119,4
DA:1128,3
DA:1129,3
DA:1131,3
DA:1134,3
DA:1136,3
DA:1141,3
DA:1142,3
DA:1143,3
DA:1145,3
DA:1148,3
DA:1149,80
DA:1150,150
DA:1151,150
DA:1152,3
DA:1156,3
DA:1157,73
DA:1159,3
DA:1163,94
DA:1164,94
DA:1165,94
DA:1166,94
DA:1167,94
DA:1169,3
DA:1170,3
DA:1173,94
DA:1174,115
DA:1175,7
DA:1177,108
DA:1181,94
DA:1182,6
DA:1190,1764
DA:1191,10
DA:1192,10
DA:1197,1754
DA:1198,645
DA:1199,137
DA:1201,508
DA:1207,508
DA:1208,508
DA:1209,508
DA:1218,508
DA:1219,508
DA:1220,1704
DA:1224,1704
DA:1225,422
DA:1226,422
DA:1227,422
DA:1228,422
DA:1230,1282
DA:1232,86
DA:1233,86
DA:1234,86
DA:1238,1195
DA:1245,176
DA:1246,176
DA:1247,176
DA:1249,176
DA:1251,176
DA:1252,2
DA:1259,94
DA:1260,10
DA:1262,84
DA:1263,84
DA:1264,84
DA:1265,140
DA:1266,140
DA:1267,140
DA:1268,140
DA:1271,19
DA:1272,19
DA:1275,121
DA:1282,2
DA:1283,0
DA:1286,0
DA:1287,0
DA:1288,0
DA:1292,2
DA:1293,2
DA:1294,2
DA:1297,2
DA:1298,82
DA:1299,82
DA:1306,11
DA:1308,11
DA:1310,0
DA:1313,11
DA:1314,8
DA:1315,8
DA:1316,8
DA:1317,8
DA:1320,11
DA:1321,8
DA:1322,3
DA:1323,0
DA:1329,3
DA:1330,3
DA:1331,3
DA:1345,0
DA:1346,0
DA:1348,0
DA:1349,0
DA:1350,0
DA:1351,0
DA:1352,0
DA:1354,0
DA:1357,0
DA:1360,0
DA:1361,0
DA:1363,0
DA:1366,0
DA:1375,315
DA:1377,315
DA:1378,227
DA:1380,88
DA:1382,88
DA:1383,0
DA:1384,0
DA:1389,0
DA:1390,0
DA:1391,0
DA:1392,0
DA:1394,0
DA:1395,0
DA:1396,0
DA:1400,88
DA:1401,8
DA:1402,8
DA:1406,80
DA:1407,80
DA:1408,80
DA:1413,0
DA:1414,0
DA:1415,0
DA:1417,0
DA:1418,0
DA:1419,0
DA:1422,80
DA:1426,0
DA:1428,80
DA:1431,80
DA:1432,80
DA:1433,0
DA:1434,0
DA:1435,0
DA:1436,0
DA:1438,80
DA:1439,0
DA:1441,0
DA:1443,0
DA:1447,0
DA:1448,0
DA:1453,0
DA:1454,0
DA:1455,0
DA:1458,0
DA:1461,0
DA:1462,0
DA:1463,0
DA:1466,0
DA:1475,0
DA:1477,0
DA:1479,0
DA:1480,0
DA:1483,0
DA:1485,0
DA:1487,0
DA:1488,0
DA:1489,0
DA:1490,0
DA:1494,0
DA:1495,0
DA:1496,0
DA:1501,0
DA:1502,0
DA:1503,0
DA:1504,0
DA:1506,0
DA:1509,0
DA:1511,0
DA:1514,80
DA:1515,80
DA:1516,80
DA:1517,80
DA:1521,80
DA:1523,80
DA:1527,0
DA:1528,0
DA:1529,0
DA:1530,0
DA:1533,80
DA:1534,80
DA:1535,0
DA:1536,0
DA:1538,80
DA:1546,0
DA:1549,0
DA:1555,80
DA:1556,300
DA:1559,80
DA:1561,0
DA:1562,0
DA:1563,0
DA:1565,80
DA:1567,80
DA:1568,0
DA:1569,0
DA:1572,80
DA:1578,80
DA:1580,80
DA:1581,80
DA:1582,80
DA:1586,80
DA:1587,80
DA:1589,80
DA:1590,80
DA:1591,80
DA:1596,2
DA:1599,2
DA:1601,2
DA:1602,92
DA:1603,92
DA:1606,2
DA:1607,88
DA:1608,88
DA:1609,88
DA:1610,0
DA:1611,0
DA:1617,2
DA:1624,2
DA:1628,2
DA:1629,2
DA:1632,162
DA:1633,162
DA:1634,162
DA:1635,162
DA:1638,0
DA:1639,0
DA:1640,0
DA:1645,2
DA:1646,2
DA:1647,2
DA:1650,2
DA:1657,2
DA:1660,2
DA:1661,0
DA:1662,0
DA:1666,2
DA:1670,80
DA:1672,80
DA:1673,80
DA:1674,80
DA:1675,80
DA:1676,80
DA:1677,80
DA:1682,0
DA:1683,0
DA:1684,0
DA:1687,80
DA:1688,80
DA:1689,80
DA:1690,80
DA:1691,80
DA:1696,2
DA:1697,2
DA:1698,0
DA:1699,0
DA:1700,0
DA:1705,0
DA:1708,2
DA:1709,2
DA:1718,1360
DA:1719,0
DA:1720,0
DA:1721,0
DA:1722,0
DA:1723,0
DA:1725,0
DA:1728,0
DA:1729,0
DA:1730,0
DA:1733,2
DA:1737,2
DA:1738,0
DA:1740,2
DA:1744,2
DA:1745,2
DA:1746,6
DA:1749,0
DA:1752,2
DA:1763,80
DA:1767,80
DA:1768,0
DA:1769,80
DA:1770,0
DA:1771,80
DA:1772,0
DA:1775,80
DA:1776,0
DA:1779,0
DA:1783,80
DA:1784,80
DA:1786,80
DA:1792,0
DA:1793,80
DA:1796,80
DA:1800,0
DA:1801,0
DA:1802,0
DA:1803,0
DA:1804,0
DA:1805,0
DA:1806,0
DA:1809,0
DA:1810,0
DA:1811,0
DA:1812,0
DA:1813,0
DA:1815,0
DA:1819,0
DA:1820,0
DA:1821,0
DA:1822,0
DA:1824,0
DA:1825,0
DA:1826,0
DA:1828,0
DA:1830,0
DA:1833,2
DA:1837,2
DA:1838,0
DA:1844,2
DA:1847,2
DA:1848,0
DA:1849,0
DA:1850,0
DA:1851,0
DA:1852,0
DA:1854,0
DA:1860,2
DA:1867,2
DA:1868,2
DA:1896,2
DA:1897,0
DA:1898,0
DA:1900,0
DA:1902,2
DA:1903,2
DA:1904,2
DA:1905,0
DA:1909,2
DA:1910,0
DA:1912,0
DA:1913,0
DA:1917,2
DA:1918,6
DA:1919,2
DA:1921,2
DA:1923,2
DA:1924,2
DA:1925,2
DA:1933,2
LF:768
LH:470
BRDA:91,1,0,516
BRDA:91,1,1,122
BRDA:132,2,0,2
BRDA:132,2,1,2
BRDA:135,3,0,8
BRDA:135,3,1,2592
BRDA:141,4,0,107
BRDA:141,4,1,2
BRDA:141,4,2,107
BRDA:142,5,0,107
BRDA:142,5,1,0
BRDA:145,6,0,0
BRDA:145,6,1,2
BRDA:145,7,0,2
BRDA:145,7,1,0
BRDA:147,8,0,2
BRDA:147,8,1,0
BRDA:147,8,2,0
BRDA:147,8,3,0
BRDA:148,9,0,0
BRDA:148,9,1,2
BRDA:155,10,0,0
BRDA:155,10,1,2
BRDA:155,11,0,2
BRDA:155,11,1,0
BRDA:157,12,0,2
BRDA:157,12,1,0
BRDA:157,12,2,0
BRDA:158,13,0,0
BRDA:158,13,1,2
BRDA:162,14,0,0
BRDA:162,14,1,0
BRDA:189,15,0,2
BRDA:189,15,1,0
BRDA:206,16,0,2
BRDA:206,16,1,0
BRDA:212,17,0,0
BRDA:212,17,1,0
BRDA:240,18,0,2
BRDA:240,18,1,0
BRDA:246,19,0,0
BRDA:246,19,1,92
BRDA:250,20,0,0
BRDA:250,20,1,92
BRDA:258,21,0,92
BRDA:258,21,1,0
BRDA:258,21,2,0
BRDA:258,21,3,0
BRDA:264,22,0,2
BRDA:264,22,1,2
BRDA:264,22,2,0
BRDA:266,23,0,2
BRDA:266,23,1,0
BRDA:266,24,0,2
BRDA:266,24,1,2
BRDA:275,25,0,0
BRDA:275,25,1,0
BRDA:296,26,0,0
BRDA:296,26,1,0
BRDA:296,27,0,0
BRDA:296,27,1,0
BRDA:296,27,2,0
BRDA:297,28,0,0
BRDA:297,28,1,0
BRDA:331,29,0,14
BRDA:331,29,1,8
BRDA:332,30,0,8
BRDA:332,30,1,0
BRDA:337,31,0,6
BRDA:337,31,1,6
BRDA:342,32,0,0
BRDA:342,32,1,0
BRDA:451,33,0,2
BRDA:451,33,1,0
BRDA:457,34,0,0
BRDA:457,34,1,0
BRDA:459,35,0,0
BRDA:459,35,1,0
BRDA:461,36,0,0
BRDA:461,36,1,0
BRDA:466,37,0,0
BRDA:466,37,1,80
BRDA:496,38,0,0
BRDA:496,38,1,0
BRDA:504,39,0,0
BRDA:504,39,1,14
BRDA:510,40,0,14
BRDA:510,40,1,0
BRDA:513,41,0,0
BRDA:513,41,1,14
BRDA:517,42,0,0
BRDA:517,42,1,14
BRDA:535,43,0,2
BRDA:535,43,1,20
BRDA:536,44,0,2
BRDA:536,44,1,0
BRDA:538,45,0,0
BRDA:538,45,1,22
BRDA:539,46,0,0
BRDA:539,46,1,0
BRDA:539,47,0,0
BRDA:539,47,1,0
BRDA:541,48,0,2
BRDA:541,48,1,20
BRDA:541,49,0,22
BRDA:541,49,1,20
BRDA:544,50,0,4
BRDA:544,50,1,18
BRDA:544,51,0,22
BRDA:544,51,1,22
BRDA:552,52,0,0
BRDA:552,52,1,4
BRDA:552,53,0,4
BRDA:552,53,1,0
BRDA:552,54,0,2
BRDA:552,54,1,2
BRDA:555,55,0,20
BRDA:555,55,1,2
BRDA:558,56,0,20
BRDA:558,56,1,20
BRDA:563,57,0,0
BRDA:563,57,1,12
BRDA:567,58,0,2
BRDA:567,58,1,10
BRDA:585,59,0,0
BRDA:585,59,1,0
BRDA:600,60,0,0
BRDA:600,60,1,0
BRDA:611,61,0,6
BRDA:611,61,1,6
BRDA:616,62,0,0
BRDA:616,62,1,0
BRDA:621,63,0,0
BRDA:621,63,1,12
BRDA:624,64,0,0
BRDA:624,64,1,0
BRDA:636,65,0,2
BRDA:636,65,1,0
BRDA:636,66,0,2
BRDA:636,66,1,2
BRDA:647,67,0,2
BRDA:647,67,1,0
BRDA:647,68,0,2
BRDA:647,68,1,2
BRDA:649,69,0,2
BRDA:649,69,1,0
BRDA:650,70,0,2
BRDA:650,70,1,2
BRDA:657,71,0,2
BRDA:657,71,1,0
BRDA:657,72,0,2
BRDA:657,72,1,0
BRDA:665,73,0,0
BRDA:665,73,1,2
BRDA:666,74,0,0
BRDA:666,74,1,0
BRDA:667,75,0,0
BRDA:667,75,1,0
BRDA:673,76,0,2
BRDA:673,76,1,0
BRDA:676,77,0,0
BRDA:676,77,1,2
BRDA:676,78,0,2
BRDA:676,78,1,0
BRDA:678,79,0,0
BRDA:678,79,1,0
BRDA:688,80,0,0
BRDA:688,80,1,2
BRDA:690,81,0,0
BRDA:690,81,1,0
BRDA:716,82,0,0
BRDA:716,82,1,2
BRDA:717,83,0,0
BRDA:717,83,1,0
BRDA:729,84,0,0
BRDA:729,84,1,86
BRDA:729,85,0,86
BRDA:729,85,1,0
BRDA:729,85,2,0
BRDA:751,86,0,0
BRDA:751,86,1,6
BRDA:754,87,0,0
BRDA:754,87,1,0
BRDA:754,88,0,0
BRDA:754,88,1,0
BRDA:759,89,0,0
BRDA:759,89,1,6
BRDA:767,90,0,6
BRDA:767,90,1,0
BRDA:769,91,0,0
BRDA:769,91,1,6
BRDA:770,92,0,0
BRDA:770,92,1,0
BRDA:784,93,0,6
BRDA:784,93,1,0
BRDA:785,94,0,4
BRDA:785,94,1,2
BRDA:797,95,0,6
BRDA:797,95,1,4
BRDA:801,96,0,4
BRDA:801,96,1,2
BRDA:812,97,0,2
BRDA:812,97,1,38
BRDA:816,98,0,14
BRDA:816,98,1,24
BRDA:828,99,0,0
BRDA:828,99,1,14
BRDA:833,100,0,14
BRDA:833,100,1,0
BRDA:837,101,0,0
BRDA:837,101,1,0
BRDA:837,102,0,0
BRDA:837,102,1,0
BRDA:838,103,0,0
BRDA:838,103,1,0
BRDA:839,104,0,0
BRDA:839,104,1,0
BRDA:844,105,0,0
BRDA:844,105,1,0
BRDA:844,105,2,0
BRDA:867,106,0,80
BRDA:867,106,1,8
BRDA:868,107,0,80
BRDA:868,107,1,4
BRDA:876,108,0,80
BRDA:876,108,1,11
BRDA:879,109,0,4
BRDA:879,109,1,87
BRDA:881,110,0,4
BRDA:881,110,1,4
BRDA:881,110,2,0
BRDA:888,111,0,180
BRDA:888,111,1,180
BRDA:888,111,2,8
BRDA:888,111,3,6
BRDA:893,112,0,396
BRDA:893,112,1,0
BRDA:895,113,0,0
BRDA:895,113,1,0
BRDA:909,114,0,268
BRDA:909,114,1,1546
BRDA:909,115,0,1814
BRDA:909,115,1,268
BRDA:909,115,2,268
BRDA:912,116,0,1312
BRDA:912,116,1,234
BRDA:920,117,0,92
BRDA:920,117,1,0
BRDA:922,118,0,92
BRDA:922,118,1,92
BRDA:922,118,2,80
BRDA:934,119,0,0
BRDA:934,119,1,320
BRDA:934,120,0,320
BRDA:934,120,1,320
BRDA:934,120,2,208
BRDA:942,121,0,208
BRDA:942,121,1,112
BRDA:943,122,0,0
BRDA:943,122,1,320
BRDA:949,123,0,310
BRDA:949,123,1,10
BRDA:952,124,0,320
BRDA:952,124,1,320
BRDA:953,125,0,320
BRDA:953,125,1,0
BRDA:955,126,0,0
BRDA:955,126,1,320
BRDA:960,127,0,318
BRDA:960,127,1,2
BRDA:961,128,0,294
BRDA:961,128,1,26
BRDA:962,129,0,294
BRDA:962,129,1,0
BRDA:972,130,0,0
BRDA:972,130,1,0
BRDA:972,131,0,0
BRDA:972,131,1,0
BRDA:973,132,0,0
BRDA:973,132,1,0
BRDA:976,133,0,0
BRDA:976,133,1,320
BRDA:981,134,0,234
BRDA:981,134,1,86
BRDA:982,135,0,0
BRDA:982,135,1,234
BRDA:990,136,0,0
BRDA:990,136,1,86
BRDA:992,137,0,80
BRDA:992,137,1,6
BRDA:994,138,0,6
BRDA:994,138,1,0
BRDA:1000,139,0,86
BRDA:1000,139,1,0
BRDA:1012,140,0,8
BRDA:1012,140,1,2
BRDA:1021,141,0,10
BRDA:1021,141,1,312
BRDA:1025,142,0,0
BRDA:1025,142,1,10
BRDA:1025,143,0,10
BRDA:1025,143,1,10
BRDA:1025,143,2,0
BRDA:1027,144,0,0
BRDA:1027,144,1,0
BRDA:1027,145,0,0
BRDA:1027,145,1,0
BRDA:1032,146,0,0
BRDA:1032,146,1,0
BRDA:1042,147,0,1
BRDA:1042,147,1,9
BRDA:1042,148,0,10
BRDA:1042,148,1,7
BRDA:1048,149,0,7
BRDA:1048,149,1,3
BRDA:1050,150,0,0
BRDA:1050,150,1,7
BRDA:1059,151,0,322
BRDA:1059,151,1,88
BRDA:1059,151,2,88
BRDA:1069,152,0,0
BRDA:1069,152,1,2
BRDA:1096,153,0,86
BRDA:1096,153,1,86
BRDA:1097,154,0,0
BRDA:1097,154,1,86
BRDA:1099,155,0,0
BRDA:1099,155,1,0
BRDA:1104,156,0,86
BRDA:1104,156,1,0
BRDA:1106,157,0,6
BRDA:1106,157,1,80
BRDA:1106,158,0,86
BRDA:1106,158,1,12
BRDA:1107,159,0,86
BRDA:1107,159,1,86
BRDA:1132,160,0,0
BRDA:1132,160,1,3
BRDA:1134,161,0,3
BRDA:1134,161,1,0
BRDA:1151,162,0,3
BRDA:1151,162,1,147
BRDA:1166,163,0,94
BRDA:1166,163,1,94
BRDA:1167,164,0,3
BRDA:1167,164,1,91
BRDA:1174,165,0,7
BRDA:1174,165,1,108
BRDA:1181,166,0,6
BRDA:1181,166,1,88
BRDA:1190,167,0,10
BRDA:1190,167,1,1754
BRDA:1192,168,0,0
BRDA:1192,168,1,10
BRDA:1192,169,0,10
BRDA:1192,169,1,10
BRDA:1192,170,0,10
BRDA:1192,170,1,10
BRDA:1197,171,0,645
BRDA:1197,171,1,1109
BRDA:1198,172,0,137
BRDA:1198,172,1,508
BRDA:1202,173,0,508
BRDA:1202,173,1,0
BRDA:1207,174,0,508
BRDA:1207,174,1,0
BRDA:1220,175,0,30
BRDA:1220,175,1,1674
BRDA:1221,176,0,52
BRDA:1221,176,1,1622
BRDA:1222,177,0,4
BRDA:1222,177,1,1618
BRDA:1224,178,0,422
BRDA:1224,178,1,1282
BRDA:1227,179,0,422
BRDA:1227,179,1,422
BRDA:1234,180,0,86
BRDA:1234,180,1,86
BRDA:1251,181,0,2
BRDA:1251,181,1,174
BRDA:1259,182,0,10
BRDA:1259,182,1,84
BRDA:1268,183,0,19
BRDA:1268,183,1,121
BRDA:1282,184,0,0
BRDA:1282,184,1,2
BRDA:1292,185,0,2
BRDA:1292,185,1,0
BRDA:1293,186,0,2
BRDA:1293,186,1,0
BRDA:1299,187,0,0
BRDA:1299,187,1,82
BRDA:1299,188,0,0
BRDA:1299,188,1,0
BRDA:1308,189,0,0
BRDA:1308,189,1,11
BRDA:1308,190,0,11
BRDA:1308,190,1,8
BRDA:1320,191,0,8
BRDA:1320,191,1,3
BRDA:1322,192,0,0
BRDA:1322,192,1,3
BRDA:1345,193,0,0
BRDA:1345,193,1,0
BRDA:1349,194,0,0
BRDA:1349,194,1,0
BRDA:1351,195,0,0
BRDA:1351,195,1,0
BRDA:1354,196,0,0
BRDA:1354,196,1,0
BRDA:1360,197,0,0
BRDA:1360,197,1,0
BRDA:1363,198,0,0
BRDA:1363,198,1,0
BRDA:1377,199,0,227
BRDA:1377,199,1,88
BRDA:1377,200,0,315
BRDA:1377,200,1,200
BRDA:1377,200,2,88
BRDA:1377,200,3,88
BRDA:1377,200,4,80
BRDA:1377,200,5,76
BRDA:1377,200,6,80
BRDA:1382,201,0,0
BRDA:1382,201,1,88
BRDA:1384,202,0,0
BRDA:1384,202,1,0
BRDA:1384,203,0,0
BRDA:1384,203,1,0
BRDA:1391,204,0,0
BRDA:1391,204,1,0
BRDA:1394,205,0,0
BRDA:1394,205,1,0
BRDA:1400,206,0,8
BRDA:1400,206,1,80
BRDA:1408,207,0,0
BRDA:1408,207,1,80
BRDA:1413,208,0,0
BRDA:1413,208,1,0
BRDA:1422,209,0,0
BRDA:1422,209,1,80
BRDA:1422,210,0,80
BRDA:1422,210,1,80
BRDA:1426,211,0,0
BRDA:1426,211,1,0
BRDA:1431,212,0,80
BRDA:1431,212,1,80
BRDA:1432,213,0,0
BRDA:1432,213,1,80
BRDA:1438,214,0,0
BRDA:1438,214,1,80
BRDA:1438,215,0,80
BRDA:1438,215,1,80
BRDA:1439,216,0,0
BRDA:1439,216,1,0
BRDA:1441,217,0,0
BRDA:1441,217,1,0
BRDA:1443,218,0,0
BRDA:1443,218,1,0
BRDA:1443,219,0,0
BRDA:1443,219,1,0
BRDA:1448,220,0,0
BRDA:1448,220,1,0
BRDA:1461,221,0,0
BRDA:1461,221,1,0
BRDA:1466,222,0,0
BRDA:1466,222,1,0
BRDA:1488,223,0,0
BRDA:1488,223,1,0
BRDA:1502,224,0,0
BRDA:1502,224,1,0
BRDA:1523,225,0,0
BRDA:1523,225,1,80
BRDA:1523,226,0,80
BRDA:1523,226,1,0
BRDA:1523,226,2,0
BRDA:1527,227,0,0
BRDA:1527,227,1,0
BRDA:1534,228,0,0
BRDA:1534,228,1,80
BRDA:1559,229,0,0
BRDA:1559,229,1,80
BRDA:1559,230,0,80
BRDA:1559,230,1,80
BRDA:1559,230,2,0
BRDA:1567,231,0,0
BRDA:1567,231,1,80
BRDA:1567,232,0,80
BRDA:1567,232,1,0
BRDA:1582,233,0,80
BRDA:1582,233,1,0
BRDA:1586,234,0,80
BRDA:1586,234,1,0
BRDA:1586,234,2,80
BRDA:1599,235,0,2
BRDA:1599,235,1,0
BRDA:1602,236,0,92
BRDA:1602,236,1,88
BRDA:1608,237,0,88
BRDA:1608,237,1,0
BRDA:1617,238,0,2
BRDA:1617,238,1,0
BRDA:1624,239,0,2
BRDA:1624,239,1,0
BRDA:1624,239,2,0
BRDA:1624,239,3,0
BRDA:1628,240,0,2
BRDA:1628,240,1,0
BRDA:1628,241,0,2
BRDA:1628,241,1,2
BRDA:1628,241,2,0
BRDA:1632,242,0,162
BRDA:1632,242,1,0
BRDA:1646,243,0,2
BRDA:1646,243,1,0
BRDA:1650,244,0,2
BRDA:1650,244,1,0
BRDA:1661,245,0,0
BRDA:1661,245,1,0
BRDA:1661,246,0,0
BRDA:1661,246,1,0
BRDA:1672,247,0,80
BRDA:1672,247,1,0
BRDA:1673,248,0,80
BRDA:1673,248,1,0
BRDA:1674,249,0,80
BRDA:1674,249,1,0
BRDA:1674,250,0,80
BRDA:1674,250,1,0
BRDA:1677,251,0,80
BRDA:1677,251,1,80
BRDA:1696,252,0,2
BRDA:1696,252,1,0
BRDA:1708,253,0,2
BRDA:1708,253,1,0
BRDA:1718,254,0,0
BRDA:1718,254,1,1360
BRDA:1718,255,0,1360
BRDA:1718,255,1,1360
BRDA:1722,256,0,0
BRDA:1722,256,1,0
BRDA:1729,257,0,0
BRDA:1729,257,1,0
BRDA:1737,258,0,0
BRDA:1737,258,1,2
BRDA:1746,259,0,6
BRDA:1746,259,1,0
BRDA:1767,260,0,0
BRDA:1767,260,1,80
BRDA:1768,261,0,0
BRDA:1768,261,1,0
BRDA:1769,262,0,0
BRDA:1769,262,1,80
BRDA:1769,263,0,80
BRDA:1769,263,1,80
BRDA:1770,264,0,0
BRDA:1770,264,1,0
BRDA:1771,265,0,0
BRDA:1771,265,1,80
BRDA:1775,266,0,0
BRDA:1775,266,1,80
BRDA:1775,267,0,80
BRDA:1775,267,1,80
BRDA:1784,268,0,80
BRDA:1784,268,1,0
BRDA:1786,269,0,0
BRDA:1786,269,1,80
BRDA:1786,270,0,80
BRDA:1786,270,1,0
BRDA:1793,271,0,80
BRDA:1793,271,1,0
BRDA:1793,272,0,80
BRDA:1793,272,1,0
BRDA:1793,272,2,0
BRDA:1800,273,0,0
BRDA:1800,273,1,0
BRDA:1801,274,0,0
BRDA:1801,274,1,0
BRDA:1804,275,0,0
BRDA:1804,275,1,0
BRDA:1804,276,0,0
BRDA:1804,276,1,0
BRDA:1804,276,2,0
BRDA:1809,277,0,0
BRDA:1809,277,1,0
BRDA:1809,278,0,0
BRDA:1809,278,1,0
BRDA:1812,279,0,0
BRDA:1812,279,1,0
BRDA:1812,280,0,0
BRDA:1812,280,1,0
BRDA:1819,281,0,0
BRDA:1819,281,1,0
BRDA:1819,282,0,0
BRDA:1819,282,1,0
BRDA:1821,283,0,0
BRDA:1821,283,1,0
BRDA:1824,284,0,0
BRDA:1824,284,1,0
BRDA:1837,285,0,0
BRDA:1837,285,1,2
BRDA:1850,286,0,0
BRDA:1850,286,1,0
BRDA:1867,287,0,2
BRDA:1867,287,1,0
BRDA:1896,288,0,0
BRDA:1896,288,1,2
BRDA:1897,289,0,0
BRDA:1897,289,1,0
BRDA:1904,290,0,0
BRDA:1904,290,1,2
BRDA:1909,291,0,0
BRDA:1909,291,1,2
BRDA:1909,292,0,2
BRDA:1909,292,1,0
BRDA:1909,292,2,0
BRDA:1917,293,0,2
BRDA:1917,293,1,0
BRDA:1919,294,0,2
BRDA:1919,294,1,2
BRDA:1919,294,2,2
BRDA:1920,295,0,2
BRDA:1920,295,1,2
BRDA:1920,295,2,2
BRDA:1921,296,0,0
BRDA:1921,296,1,2
BRDA:1921,297,0,2
BRDA:1921,297,1,2
BRDA:1921,298,0,0
BRDA:1921,298,1,0
BRDA:1923,299,0,2
BRDA:1923,299,1,0
BRDA:1924,300,0,2
BRDA:1924,300,1,0
BRDA:1925,301,0,2
BRDA:1925,301,1,0
BRDA:1933,302,0,2
BRDA:1933,302,1,2
BRDA:1933,302,2,2
BRDA:1933,302,3,2
BRF:640
BRH:330
end_of_record
TN:
SF:dojo/dom.js
FN:2,(anonymous_1)
FN:27,(anonymous_2)
FN:51,(anonymous_3)
FN:89,(anonymous_4)
FN:119,(anonymous_5)
FN:160,(anonymous_6)
FN:163,(anonymous_7)
FNF:7
FNH:3
FNDA:2,(anonymous_1)
FNDA:0,(anonymous_2)
FNDA:18,(anonymous_3)
FNDA:0,(anonymous_4)
FNDA:2,(anonymous_5)
FNDA:0,(anonymous_6)
FNDA:0,(anonymous_7)
DA:1,2
DA:8,2
DA:9,0
DA:10,0
DA:21,2
DA:26,2
DA:27,0
DA:28,0
DA:29,0
DA:31,0
DA:34,0
DA:35,0
DA:37,0
DA:38,0
DA:39,0
DA:42,0
DA:43,0
DA:44,0
DA:45,0
DA:51,2
DA:54,18
DA:89,2
DA:101,0
DA:102,0
DA:103,0
DA:104,0
DA:105,0
DA:106,0
DA:108,0
DA:111,0
DA:119,2
DA:121,2
DA:123,2
DA:124,2
DA:130,2
DA:131,5
DA:133,2
DA:138,0
DA:159,2
DA:160,2
DA:162,0
DA:164,0
DA:168,0
DA:171,0
DA:172,0
DA:173,0
DA:174,0
DA:177,0
DA:178,0
DA:179,0
DA:184,2
LF:51
LH:17
BRDA:8,1,0,0
BRDA:8,1,1,2
BRDA:26,2,0,0
BRDA:26,2,1,2
BRDA:28,3,0,0
BRDA:28,3,1,0
BRDA:31,4,0,0
BRDA:31,4,1,0
BRDA:31,5,0,0
BRDA:31,5,1,0
BRDA:34,6,0,0
BRDA:34,6,1,0
BRDA:34,7,0,0
BRDA:34,7,1,0
BRDA:34,7,2,0
BRDA:38,8,0,0
BRDA:38,8,1,0
BRDA:38,9,0,0
BRDA:38,9,1,0
BRDA:44,10,0,0
BRDA:44,10,1,0
BRDA:44,11,0,0
BRDA:44,11,1,0
BRDA:44,11,2,0
BRDA:44,11,3,0
BRDA:54,12,0,18
BRDA:54,12,1,0
BRDA:54,13,0,4
BRDA:54,13,1,14
BRDA:54,14,0,4
BRDA:54,14,1,4
BRDA:105,15,0,0
BRDA:105,15,1,0
BRDA:121,16,0,0
BRDA:121,16,1,2
BRDA:135,17,0,3
BRDA:135,17,1,3
BRDA:131,18,0,2
BRDA:131,18,1,3
BRDA:160,19,0,2
BRDA:160,19,1,0
BRDA:162,20,0,0
BRDA:162,20,1,0
BRDA:171,21,0,0
BRDA:171,21,1,0
BRF:45
BRH:13
end_of_record
TN:
SF:mathEditor/TextInput.js
FN:9,(anonymous_1)
FN:38,(anonymous_2)
FN:76,(anonymous_3)
FN:111,(anonymous_4)
FN:116,(anonymous_5)
FN:124,(anonymous_6)
FN:134,(anonymous_7)
FN:136,(anonymous_8)
FN:140,(anonymous_9)
FN:145,(anonymous_10)
FN:154,(anonymous_11)
FN:157,(anonymous_12)
FN:160,(anonymous_13)
FN:168,(anonymous_14)
FN:172,(anonymous_15)
FN:176,(anonymous_16)
FN:181,(anonymous_17)
FN:192,(anonymous_18)
FN:194,(anonymous_19)
FN:199,(anonymous_20)
FNF:20
FNH:9
FNDA:2,(anonymous_1)
FNDA:2,(anonymous_2)
FNDA:10,(anonymous_3)
FNDA:0,(anonymous_4)
FNDA:2,(anonymous_5)
FNDA:4,(anonymous_6)
FNDA:0,(anonymous_7)
FNDA:0,(anonymous_8)
FNDA:0,(anonymous_9)
FNDA:0,(anonymous_10)
FNDA:4,(anonymous_11)
FNDA:0,(anonymous_12)
FNDA:0,(anonymous_13)
FNDA:0,(anonymous_14)
FNDA:0,(anonymous_15)
FNDA:0,(anonymous_16)
FNDA:4,(anonymous_17)
FNDA:4,(anonymous_18)
FNDA:4,(anonymous_19)
FNDA:0,(anonymous_20)
DA:1,2
DA:20,2
DA:51,2
DA:52,2
DA:54,2
DA:55,2
DA:67,2
DA:69,2
DA:70,2
DA:71,2
DA:72,2
DA:76,2
DA:77,10
DA:78,10
DA:79,0
DA:80,10
DA:81,0
DA:82,10
DA:83,0
DA:84,10
DA:85,0
DA:86,10
DA:87,0
DA:88,10
DA:89,0
DA:90,10
DA:92,10
DA:98,0
DA:99,0
DA:100,10
DA:101,0
DA:103,0
DA:104,10
DA:105,0
DA:106,0
DA:111,2
DA:112,0
DA:113,0
DA:116,2
DA:117,2
DA:118,2
DA:121,2
DA:123,1
DA:124,1
DA:125,4
DA:126,4
DA:128,1
DA:132,1
DA:133,0
DA:134,0
DA:135,0
DA:136,0
DA:137,0
DA:138,0
DA:140,0
DA:141,0
DA:142,0
DA:145,0
DA:146,0
DA:147,0
DA:152,1
DA:154,1
DA:155,4
DA:157,1
DA:158,0
DA:160,1
DA:161,0
DA:182,4
DA:184,4
DA:185,4
DA:187,4
DA:189,4
DA:193,4
DA:194,4
DA:195,4
DA:200,0
LF:76
LH:47
BRDA:52,1,0,1
BRDA:52,1,1,1
BRDA:78,2,0,0
BRDA:78,2,1,10
BRDA:80,3,0,0
BRDA:80,3,1,10
BRDA:82,4,0,0
BRDA:82,4,1,10
BRDA:84,5,0,0
BRDA:84,5,1,10
BRDA:86,6,0,0
BRDA:86,6,1,10
BRDA:88,7,0,0
BRDA:88,7,1,10
BRDA:90,8,0,0
BRDA:90,8,1,10
BRDA:90,9,0,10
BRDA:90,9,1,0
BRDA:92,10,0,0
BRDA:92,10,1,10
BRDA:92,11,0,10
BRDA:92,11,1,0
BRDA:100,12,0,0
BRDA:100,12,1,10
BRDA:104,13,0,0
BRDA:104,13,1,10
BRDA:121,14,0,1
BRDA:121,14,1,1
BRDA:132,15,0,0
BRDA:132,15,1,1
BRDA:182,16,0,0
BRDA:182,16,1,4
BRDA:185,17,0,0
BRDA:185,17,1,4
BRF:34
BRH:19
end_of_record
TN:
SF:mathEditor/tests/MockEditor.js
FN:2,(anonymous_1)
FN:8,(anonymous_2)
FN:12,(anonymous_3)
FN:16,(anonymous_4)
FNF:4
FNH:3
FNDA:2,(anonymous_1)
FNDA:8,(anonymous_2)
FNDA:2,(anonymous_3)
FNDA:0,(anonymous_4)
DA:1,2
DA:6,2
DA:9,8
LF:3
LH:3
BRF:0
BRH:0
end_of_record
TN:
SF:dojo/domReady.js
FN:1,(anonymous_1)
FN:10,domReady
FN:16,(anonymous_3)
FN:22,(anonymous_4)
FN:32,processQ
FN:55,(anonymous_6)
FN:65,(anonymous_7)
FN:67,(anonymous_8)
FN:71,(anonymous_9)
FN:74,(anonymous_10)
FN:81,(anonymous_11)
FN:102,(anonymous_12)
FN:108,(anonymous_13)
FNF:13
FNH:7
FNDA:2,(anonymous_1)
FNDA:4,domReady
FNDA:2,(anonymous_3)
FNDA:0,(anonymous_4)
FNDA:2,processQ
FNDA:2,(anonymous_6)
FNDA:6,(anonymous_7)
FNDA:6,(anonymous_8)
FNDA:0,(anonymous_9)
FNDA:0,(anonymous_10)
FNDA:0,(anonymous_11)
FNDA:0,(anonymous_12)
FNDA:0,(anonymous_13)
DA:1,2
DA:2,2
DA:10,2
DA:13,4
DA:14,4
DA:16,2
DA:17,2
DA:21,2
DA:22,2
DA:30,2
DA:32,2
DA:35,2
DA:36,2
DA:38,2
DA:39,10
DA:40,10
DA:42,0
DA:46,2
DA:50,2
DA:53,2
DA:54,2
DA:56,2
DA:57,2
DA:60,2
DA:62,2
DA:63,2
DA:66,6
DA:67,6
DA:70,2
DA:71,0
DA:72,0
DA:73,0
DA:74,0
DA:77,0
DA:78,0
DA:79,0
DA:81,0
DA:84,0
DA:85,0
DA:86,0
DA:93,2
DA:94,2
DA:96,2
DA:97,2
DA:98,0
DA:102,0
DA:103,0
DA:107,2
DA:108,0
DA:109,0
DA:110,0
DA:111,0
DA:112,0
DA:113,0
DA:114,0
DA:117,0
DA:119,0
DA:123,2
LF:58
LH:34
BRDA:14,1,0,0
BRDA:14,1,1,4
BRDA:30,2,0,0
BRDA:30,2,1,2
BRDA:35,3,0,0
BRDA:35,3,1,2
BRDA:53,4,0,2
BRDA:53,4,1,0
BRDA:56,5,0,2
BRDA:56,5,1,0
BRDA:57,6,0,0
BRDA:57,6,1,2
BRDA:57,7,0,2
BRDA:57,7,1,2
BRDA:57,7,2,2
BRDA:60,8,0,0
BRDA:60,8,1,2
BRDA:70,9,0,0
BRDA:70,9,1,2
BRDA:79,10,0,0
BRDA:79,10,1,0
BRDA:79,11,0,0
BRDA:79,11,1,0
BRDA:96,12,0,2
BRDA:96,12,1,0
BRDA:98,13,0,0
BRDA:98,13,1,0
BRDA:107,14,0,0
BRDA:107,14,1,2
BRDA:109,15,0,0
BRDA:109,15,1,0
BRDA:112,16,0,0
BRDA:112,16,1,0
BRF:33
BRH:13
end_of_record
TN:
SF:dojo/sniff.js
FN:1,(anonymous_1)
FNF:1
FNH:1
FNDA:2,(anonymous_1)
DA:1,2
DA:13,2
DA:14,2
DA:19,2
DA:20,2
DA:21,2
DA:22,2
DA:23,2
DA:24,2
DA:25,2
DA:26,2
DA:27,2
DA:28,0
DA:29,0
DA:30,0
DA:31,0
DA:32,0
DA:34,2
DA:35,2
DA:37,2
DA:39,2
DA:41,1
DA:44,0
DA:48,1
DA:49,1
DA:51,1
DA:53,1
DA:57,1
DA:58,0
DA:66,0
DA:67,0
DA:68,0
DA:71,0
DA:75,1
DA:79,2
LF:35
LH:24
BRDA:13,1,0,2
BRDA:13,1,1,0
BRDA:20,2,0,2
BRDA:20,2,1,2
BRDA:21,3,0,0
BRDA:21,3,1,2
BRDA:22,4,0,2
BRDA:22,4,1,1
BRDA:23,5,0,2
BRDA:23,5,1,1
BRDA:24,6,0,0
BRDA:24,6,1,2
BRDA:24,7,0,2
BRDA:24,7,1,1
BRDA:27,8,0,0
BRDA:27,8,1,2
BRDA:29,9,0,0
BRDA:29,9,1,0
BRDA:34,10,0,2
BRDA:34,10,1,2
BRDA:35,11,0,2
BRDA:35,11,1,2
BRDA:35,11,2,0
BRDA:35,11,3,2
BRDA:39,12,0,1
BRDA:39,12,1,1
BRDA:41,13,0,0
BRDA:41,13,1,1
BRDA:44,14,0,0
BRDA:44,14,1,0
BRDA:44,15,0,0
BRDA:44,15,1,0
BRDA:48,16,0,1
BRDA:48,16,1,0
BRDA:48,17,0,1
BRDA:48,17,1,1
BRDA:48,17,2,1
BRDA:51,18,0,1
BRDA:51,18,1,0
BRDA:53,19,0,1
BRDA:53,19,1,0
BRDA:53,20,0,1
BRDA:53,20,1,0
BRDA:57,21,0,0
BRDA:57,21,1,1
BRDA:57,22,0,1
BRDA:57,22,1,0
BRDA:58,23,0,0
BRDA:58,23,1,0
BRDA:67,24,0,0
BRDA:67,24,1,0
BRDA:67,25,0,0
BRDA:67,25,1,0
BRDA:67,25,2,0
BRDA:75,26,0,1
BRDA:75,26,1,0
BRF:56
BRH:30
end_of_record
TN:
SF:dojo/_base/window.js
FN:1,(anonymous_1)
FN:35,(anonymous_2)
FN:47,(anonymous_3)
FN:58,(anonymous_4)
FN:81,(anonymous_5)
FNF:5
FNH:2
FNDA:2,(anonymous_1)
FNDA:2,(anonymous_2)
FNDA:0,(anonymous_3)
FNDA:0,(anonymous_4)
FNDA:0,(anonymous_5)
DA:1,2
DA:5,2
DA:43,2
DA:44,2
DA:54,0
DA:55,0
DA:72,0
DA:73,0
DA:74,0
DA:75,0
DA:77,0
DA:93,0
DA:97,0
DA:98,0
DA:101,0
DA:103,0
DA:104,0
DA:108,0
DA:109,0
DA:110,0
DA:111,0
DA:113,0
DA:117,0
DA:118,0
DA:121,0
DA:123,0
DA:124,0
DA:125,0
DA:130,2
DA:132,2
LF:30
LH:6
BRDA:21,1,0,2
BRDA:21,1,1,0
BRDA:43,2,0,2
BRDA:43,2,1,0
BRDA:44,3,0,2
BRDA:44,3,1,0
BRDA:103,4,0,0
BRDA:103,4,1,0
BRDA:104,5,0,0
BRDA:104,5,1,0
BRDA:104,6,0,0
BRDA:104,6,1,0
BRDA:108,7,0,0
BRDA:108,7,1,0
BRDA:110,8,0,0
BRDA:110,8,1,0
BRDA:110,9,0,0
BRDA:110,9,1,0
BRDA:110,9,2,0
BRDA:117,10,0,0
BRDA:117,10,1,0
BRDA:117,11,0,0
BRDA:117,11,1,0
BRDA:121,12,0,0
BRDA:121,12,1,0
BRDA:130,13,0,2
BRDA:130,13,1,2
BRF:27
BRH:5
end_of_record
TN:
SF:dojo/_base/declare.js
FN:1,(anonymous_1)
FN:8,err
FN:11,c3mro
FN:86,inherited
FN:194,getInherited
FN:201,inherited__debug
FN:210,isInstanceOf
FN:220,mixOwn
FN:238,safeMixin
FN:324,extend
FN:329,createSubclass
FN:334,chainedConstructor
FN:335,(anonymous_13)
FN:397,singleConstructor
FN:398,(anonymous_15)
FN:442,simpleConstructor
FN:443,(anonymous_17)
FN:471,chain
FN:472,(anonymous_19)
FN:491,forceNew
FN:503,applyNew
FN:512,declare
FNF:22
FNH:10
FNDA:2,(anonymous_1)
FNDA:0,err
FNDA:4,c3mro
FNDA:0,inherited
FNDA:0,getInherited
FNDA:0,inherited__debug
FNDA:0,isInstanceOf
FNDA:2,mixOwn
FNDA:10,safeMixin
FNDA:0,extend
FNDA:0,createSubclass
FNDA:4,chainedConstructor
FNDA:2,(anonymous_13)
FNDA:6,singleConstructor
FNDA:2,(anonymous_15)
FNDA:0,simpleConstructor
FNDA:0,(anonymous_17)
FNDA:0,chain
FNDA:0,(anonymous_19)
FNDA:6,forceNew
FNDA:0,applyNew
FNDA:10,declare
DA:1,2
DA:5,2
DA:8,2
DA:11,2
DA:12,4
DA:16,4
DA:17,6
DA:18,6
DA:19,0
DA:20,6
DA:21,0
DA:23,6
DA:24,6
DA:26,6
DA:27,10
DA:28,10
DA:29,0
DA:31,10
DA:32,10
DA:33,10
DA:34,10
DA:36,10
DA:37,10
DA:38,4
DA:39,4
DA:41,10
DA:43,6
DA:44,6
DA:48,4
DA:49,8
DA:50,8
DA:51,8
DA:53,8
DA:54,6
DA:55,6
DA:57,0
DA:58,0
DA:60,6
DA:61,6
DA:63,8
DA:65,8
DA:66,4
DA:67,4
DA:68,4
DA:73,4
DA:74,0
DA:78,4
DA:79,4
DA:83,4
DA:86,2
DA:87,0
DA:91,0
DA:92,0
DA:93,0
DA:94,0
DA:96,0
DA:98,0
DA:99,0
DA:100,0
DA:101,0
DA:104,0
DA:105,0
DA:107,0
DA:108,0
DA:110,0
DA:112,0
DA:113,0
DA:114,0
DA:115,0
DA:117,0
DA:118,0
DA:119,0
DA:122,0
DA:123,0
DA:124,0
DA:125,0
DA:126,0
DA:129,0
DA:133,0
DA:134,0
DA:135,0
DA:136,0
DA:137,0
DA:139,0
DA:140,0
DA:141,0
DA:142,0
DA:143,0
DA:144,0
DA:149,0
DA:152,0
DA:154,0
DA:155,0
DA:156,0
DA:158,0
DA:159,0
DA:160,0
DA:163,0
DA:164,0
DA:165,0
DA:166,0
DA:169,0
DA:173,0
DA:174,0
DA:175,0
DA:176,0
DA:177,0
DA:180,0
DA:184,0
DA:185,0
DA:188,0
DA:189,0
DA:194,2
DA:195,0
DA:196,0
DA:198,0
DA:201,2
DA:202,0
DA:203,0
DA:207,2
DA:210,2
DA:211,0
DA:212,0
DA:213,0
DA:214,0
DA:217,0
DA:220,2
DA:222,2
DA:223,16
DA:224,14
DA:227,2
DA:228,0
DA:229,0
DA:230,0
DA:231,0
DA:238,2
DA:296,10
DA:298,10
DA:299,156
DA:300,156
DA:301,154
DA:303,110
DA:305,154
DA:308,10
DA:309,0
DA:310,0
DA:311,0
DA:312,0
DA:313,0
DA:315,0
DA:317,0
DA:321,10
DA:324,2
DA:325,0
DA:326,0
DA:329,2
DA:330,0
DA:334,2
DA:335,4
DA:336,2
DA:339,2
DA:341,0
DA:347,2
DA:349,0
DA:351,0
DA:352,0
DA:354,0
DA:355,0
DA:356,0
DA:357,0
DA:358,0
DA:362,0
DA:363,0
DA:364,0
DA:365,0
DA:372,0
DA:373,0
DA:375,0
DA:379,2
DA:380,8
DA:381,8
DA:382,8
DA:383,8
DA:384,8
DA:388,2
DA:389,2
DA:390,2
DA:397,2
DA:398,6
DA:399,2
DA:401,2
DA:403,0
DA:409,2
DA:411,2
DA:413,2
DA:414,2
DA:415,0
DA:418,2
DA:419,2
DA:421,0
DA:430,2
DA:431,2
DA:434,2
DA:435,2
DA:436,0
DA:442,2
DA:443,0
DA:444,0
DA:446,0
DA:448,0
DA:455,0
DA:456,0
DA:457,0
DA:458,0
DA:459,0
DA:460,0
DA:464,0
DA:465,0
DA:466,0
DA:471,2
DA:472,0
DA:473,0
DA:474,0
DA:475,0
DA:476,0
DA:478,0
DA:479,0
DA:480,0
DA:481,0
DA:482,0
DA:491,2
DA:494,6
DA:495,6
DA:496,6
DA:497,6
DA:503,2
DA:506,0
DA:508,0
DA:509,0
DA:512,2
DA:729,10
DA:730,0
DA:731,0
DA:732,0
DA:734,10
DA:736,10
DA:739,10
DA:741,4
DA:742,4
DA:743,4
DA:744,4
DA:746,6
DA:747,6
DA:748,0
DA:749,0
DA:750,0
DA:752,0
DA:754,6
DA:755,0
DA:758,10
DA:759,4
DA:760,6
DA:761,6
DA:763,4
DA:766,2
DA:767,2
DA:769,2
DA:770,2
DA:771,2
DA:772,2
DA:775,6
DA:778,10
DA:780,10
DA:781,10
DA:782,2
DA:783,2
DA:787,10
DA:788,2
DA:789,2
DA:790,0
DA:793,10
DA:794,0
DA:798,10
DA:799,10
DA:803,10
DA:805,10
DA:806,10
DA:807,10
DA:808,10
DA:809,10
DA:812,10
DA:813,10
DA:814,10
DA:815,10
DA:818,10
DA:819,10
DA:820,10
DA:824,10
DA:825,0
DA:826,0
DA:827,0
DA:828,0
DA:835,10
DA:1085,2
DA:1086,2
DA:1088,2
LF:306
LH:154
BRDA:8,1,0,0
BRDA:8,1,1,0
BRDA:18,2,0,0
BRDA:18,2,1,6
BRDA:20,3,0,0
BRDA:20,3,1,6
BRDA:23,4,0,6
BRDA:23,4,1,0
BRDA:28,5,0,0
BRDA:28,5,1,10
BRDA:32,6,0,10
BRDA:32,6,1,0
BRDA:37,7,0,4
BRDA:37,7,1,6
BRDA:37,8,0,10
BRDA:37,8,1,4
BRDA:55,9,0,0
BRDA:55,9,1,6
BRDA:55,10,0,6
BRDA:55,10,1,6
BRDA:63,11,0,8
BRDA:63,11,1,0
BRDA:67,12,0,4
BRDA:67,12,1,0
BRDA:73,13,0,0
BRDA:73,13,1,4
BRDA:79,14,0,4
BRDA:79,14,1,0
BRDA:80,15,0,4
BRDA:80,15,1,0
BRDA:80,16,0,4
BRDA:80,16,1,4
BRDA:88,17,0,0
BRDA:88,17,1,0
BRDA:91,18,0,0
BRDA:91,18,1,0
BRDA:99,19,0,0
BRDA:99,19,1,0
BRDA:100,20,0,0
BRDA:100,20,1,0
BRDA:108,21,0,0
BRDA:108,21,1,0
BRDA:110,22,0,0
BRDA:110,22,1,0
BRDA:115,23,0,0
BRDA:115,23,1,0
BRDA:118,24,0,0
BRDA:118,24,1,0
BRDA:118,25,0,0
BRDA:118,25,1,0
BRDA:125,26,0,0
BRDA:125,26,1,0
BRDA:125,27,0,0
BRDA:125,27,1,0
BRDA:125,27,2,0
BRDA:125,27,3,0
BRDA:129,28,0,0
BRDA:129,28,1,0
BRDA:134,29,0,0
BRDA:134,29,1,0
BRDA:136,30,0,0
BRDA:136,30,1,0
BRDA:136,31,0,0
BRDA:136,31,1,0
BRDA:143,32,0,0
BRDA:143,32,1,0
BRDA:143,33,0,0
BRDA:143,33,1,0
BRDA:143,34,0,0
BRDA:143,34,1,0
BRDA:149,35,0,0
BRDA:149,35,1,0
BRDA:149,35,2,0
BRDA:152,36,0,0
BRDA:152,36,1,0
BRDA:156,37,0,0
BRDA:156,37,1,0
BRDA:156,38,0,0
BRDA:156,38,1,0
BRDA:159,39,0,0
BRDA:159,39,1,0
BRDA:159,40,0,0
BRDA:159,40,1,0
BRDA:165,41,0,0
BRDA:165,41,1,0
BRDA:165,42,0,0
BRDA:165,42,1,0
BRDA:169,43,0,0
BRDA:169,43,1,0
BRDA:175,44,0,0
BRDA:175,44,1,0
BRDA:176,45,0,0
BRDA:176,45,1,0
BRDA:180,46,0,0
BRDA:180,46,1,0
BRDA:188,47,0,0
BRDA:188,47,1,0
BRDA:189,48,0,0
BRDA:189,48,1,0
BRDA:189,49,0,0
BRDA:189,49,1,0
BRDA:195,50,0,0
BRDA:195,50,1,0
BRDA:203,51,0,0
BRDA:203,51,1,0
BRDA:203,52,0,0
BRDA:203,52,1,0
BRDA:203,52,2,0
BRDA:207,53,0,2
BRDA:207,53,1,0
BRDA:213,54,0,0
BRDA:213,54,1,0
BRDA:223,55,0,14
BRDA:223,55,1,2
BRDA:223,56,0,16
BRDA:223,56,1,14
BRDA:227,57,0,0
BRDA:227,57,1,2
BRDA:230,58,0,0
BRDA:230,58,1,0
BRDA:230,59,0,0
BRDA:230,59,1,0
BRDA:300,60,0,154
BRDA:300,60,1,2
BRDA:300,61,0,156
BRDA:300,61,1,0
BRDA:300,61,2,156
BRDA:301,62,0,110
BRDA:301,62,1,44
BRDA:308,63,0,0
BRDA:308,63,1,10
BRDA:312,64,0,0
BRDA:312,64,1,0
BRDA:312,65,0,0
BRDA:312,65,1,0
BRDA:312,65,2,0
BRDA:313,66,0,0
BRDA:313,66,1,0
BRDA:330,67,0,0
BRDA:330,67,1,0
BRDA:339,68,0,0
BRDA:339,68,1,2
BRDA:347,69,0,0
BRDA:347,69,1,2
BRDA:347,70,0,2
BRDA:347,70,1,2
BRDA:347,70,2,2
BRDA:347,70,3,2
BRDA:355,71,0,0
BRDA:355,71,1,0
BRDA:357,72,0,0
BRDA:357,72,1,0
BRDA:358,73,0,0
BRDA:358,73,1,0
BRDA:363,74,0,0
BRDA:363,74,1,0
BRDA:364,75,0,0
BRDA:364,75,1,0
BRDA:365,76,0,0
BRDA:365,76,1,0
BRDA:372,77,0,0
BRDA:372,77,1,0
BRDA:382,78,0,8
BRDA:382,78,1,0
BRDA:383,79,0,8
BRDA:383,79,1,0
BRDA:384,80,0,0
BRDA:384,80,1,8
BRDA:389,81,0,2
BRDA:389,81,1,0
BRDA:401,82,0,0
BRDA:401,82,1,2
BRDA:409,83,0,2
BRDA:409,83,1,0
BRDA:411,84,0,2
BRDA:411,84,1,0
BRDA:414,85,0,0
BRDA:414,85,1,2
BRDA:415,86,0,0
BRDA:415,86,1,0
BRDA:419,87,0,0
BRDA:419,87,1,2
BRDA:430,88,0,2
BRDA:430,88,1,0
BRDA:435,89,0,0
BRDA:435,89,1,2
BRDA:446,90,0,0
BRDA:446,90,1,0
BRDA:457,91,0,0
BRDA:457,91,1,0
BRDA:458,92,0,0
BRDA:458,92,1,0
BRDA:465,93,0,0
BRDA:465,93,1,0
BRDA:474,94,0,0
BRDA:474,94,1,0
BRDA:480,95,0,0
BRDA:480,95,1,0
BRDA:481,96,0,0
BRDA:481,96,1,0
BRDA:729,97,0,0
BRDA:729,97,1,10
BRDA:734,98,0,10
BRDA:734,98,1,0
BRDA:739,99,0,4
BRDA:739,99,1,6
BRDA:747,100,0,0
BRDA:747,100,1,6
BRDA:748,101,0,0
BRDA:748,101,1,0
BRDA:750,102,0,0
BRDA:750,102,1,0
BRDA:754,103,0,0
BRDA:754,103,1,6
BRDA:758,104,0,4
BRDA:758,104,1,6
BRDA:761,105,0,4
BRDA:761,105,1,2
BRDA:767,106,0,2
BRDA:767,106,1,0
BRDA:781,107,0,2
BRDA:781,107,1,8
BRDA:789,108,0,0
BRDA:789,108,1,2
BRDA:789,109,0,2
BRDA:789,109,1,2
BRDA:790,110,0,0
BRDA:790,110,1,0
BRDA:793,111,0,0
BRDA:793,111,1,10
BRDA:794,112,0,0
BRDA:794,112,1,0
BRDA:798,113,0,10
BRDA:798,113,1,0
BRDA:799,114,0,0
BRDA:799,114,1,10
BRDA:799,115,0,10
BRDA:799,115,1,0
BRDA:800,116,0,6
BRDA:800,116,1,4
BRDA:805,117,0,10
BRDA:805,117,1,4
BRDA:818,118,0,10
BRDA:818,118,1,0
BRDA:824,119,0,0
BRDA:824,119,1,10
BRDA:826,120,0,0
BRDA:826,120,1,0
BRDA:826,121,0,0
BRDA:826,121,1,0
BRDA:826,121,2,0
BRF:251
BRH:75
end_of_record
TN:
SF:dojo/_base/lang.js
FN:1,(anonymous_1)
FN:5,(anonymous_2)
FN:20,(anonymous_3)
FN:41,(anonymous_4)
FN:57,(anonymous_5)
FN:99,(anonymous_6)
FN:161,(anonymous_7)
FN:194,(anonymous_8)
FN:211,(anonymous_9)
FN:240,(anonymous_10)
FN:248,(anonymous_11)
FN:257,(anonymous_12)
FN:265,(anonymous_13)
FN:275,(anonymous_14)
FN:296,(anonymous_15)
FN:303,(anonymous_16)
FN:318,(anonymous_17)
FN:321,(anonymous_18)
FN:331,(anonymous_19)
FN:373,(anonymous_20)
FN:375,(anonymous_21)
FN:378,(anonymous_22)
FN:380,TMP
FN:381,(anonymous_24)
FN:423,(anonymous_25)
FN:424,slow
FN:431,(anonymous_27)
FN:454,(anonymous_28)
FN:467,(anonymous_29)
FN:511,(anonymous_30)
FN:512,(anonymous_31)
FN:531,(anonymous_32)
FN:597,(anonymous_33)
FNF:33
FNH:18
FNDA:2,(anonymous_1)
FNDA:2,(anonymous_2)
FNDA:10,(anonymous_3)
FNDA:6,(anonymous_4)
FNDA:18,(anonymous_5)
FNDA:14,(anonymous_6)
FNDA:10,(anonymous_7)
FNDA:0,(anonymous_8)
FNDA:0,(anonymous_9)
FNDA:16,(anonymous_10)
FNDA:4,(anonymous_11)
FNDA:12,(anonymous_12)
FNDA:2,(anonymous_13)
FNDA:0,(anonymous_14)
FNDA:0,(anonymous_15)
FNDA:2,(anonymous_16)
FNDA:6,(anonymous_17)
FNDA:0,(anonymous_18)
FNDA:16,(anonymous_19)
FNDA:0,(anonymous_20)
FNDA:20,(anonymous_21)
FNDA:2,(anonymous_22)
FNDA:2,TMP
FNDA:2,(anonymous_24)
FNDA:0,(anonymous_25)
FNDA:0,slow
FNDA:0,(anonymous_27)
FNDA:0,(anonymous_28)
FNDA:0,(anonymous_29)
FNDA:0,(anonymous_30)
FNDA:0,(anonymous_31)
FNDA:0,(anonymous_32)
FNDA:0,(anonymous_33)
DA:1,2
DA:5,2
DA:7,2
DA:8,2
DA:10,0
DA:14,2
DA:21,10
DA:22,10
DA:23,10
DA:24,0
DA:26,10
DA:27,10
DA:28,10
DA:30,10
DA:33,10
DA:34,2
DA:36,10
DA:42,6
DA:48,2
DA:73,18
DA:74,18
DA:78,148
DA:79,148
DA:80,146
DA:84,18
DA:85,0
DA:86,0
DA:87,0
DA:88,0
DA:89,0
DA:90,0
DA:96,18
DA:154,14
DA:155,14
DA:156,14
DA:158,14
DA:190,10
DA:191,10
DA:208,0
DA:235,0
DA:245,16
DA:254,4
DA:262,12
DA:271,2
DA:288,0
DA:300,0
DA:312,2
DA:313,2
DA:315,2
DA:319,6
DA:320,6
DA:321,6
DA:323,0
DA:325,0
DA:327,0
DA:363,16
DA:364,6
DA:366,10
DA:367,0
DA:368,0
DA:370,10
DA:371,0
DA:372,0
DA:373,0
DA:375,20
DA:380,2
DA:381,2
DA:382,2
DA:383,2
DA:384,2
DA:385,2
DA:386,2
DA:388,2
DA:424,0
DA:425,0
DA:426,0
DA:427,0
DA:429,0
DA:431,0
DA:432,0
DA:463,0
DA:464,0
DA:473,0
DA:475,0
DA:477,0
DA:479,0
DA:481,0
DA:483,0
DA:485,0
DA:487,0
DA:489,0
DA:490,0
DA:492,0
DA:493,0
DA:494,0
DA:495,0
DA:504,0
DA:506,0
DA:511,0
DA:512,0
DA:596,0
DA:597,0
DA:601,2
DA:603,2
LF:104
LH:55
BRDA:15,1,0,0
BRDA:15,1,1,2
BRDA:22,2,0,10
BRDA:22,2,1,0
BRDA:23,3,0,0
BRDA:23,3,1,10
BRDA:28,4,0,10
BRDA:28,4,1,6
BRDA:30,5,0,10
BRDA:30,5,1,4
BRDA:30,6,0,2
BRDA:30,6,1,2
BRDA:30,7,0,2
BRDA:30,7,1,0
BRDA:33,8,0,12
BRDA:33,8,1,12
BRDA:34,9,0,0
BRDA:34,9,1,2
BRDA:34,10,0,2
BRDA:34,10,1,0
BRDA:42,11,0,6
BRDA:42,11,1,6
BRDA:42,12,0,6
BRDA:42,12,1,0
BRDA:79,13,0,146
BRDA:79,13,1,2
BRDA:79,14,0,148
BRDA:79,14,1,10
BRDA:79,14,2,8
BRDA:79,14,3,2
BRDA:80,15,0,0
BRDA:80,15,1,146
BRDA:84,16,0,0
BRDA:84,16,1,18
BRDA:85,17,0,0
BRDA:85,17,1,0
BRDA:89,18,0,0
BRDA:89,18,1,0
BRDA:89,19,0,0
BRDA:89,19,1,0
BRDA:89,19,2,0
BRDA:89,19,3,0
BRDA:90,20,0,0
BRDA:90,20,1,0
BRDA:154,21,0,0
BRDA:154,21,1,14
BRDA:191,22,0,10
BRDA:191,22,1,0
BRDA:191,23,0,10
BRDA:191,23,1,10
BRDA:245,24,0,16
BRDA:245,24,1,10
BRDA:254,25,0,4
BRDA:254,25,1,4
BRDA:254,25,2,4
BRDA:271,26,0,2
BRDA:271,26,1,2
BRDA:271,26,2,2
BRDA:271,26,3,2
BRDA:271,26,4,2
BRDA:288,27,0,0
BRDA:288,27,1,0
BRDA:288,27,2,0
BRDA:288,27,3,0
BRDA:288,27,4,0
BRDA:288,27,5,0
BRDA:288,27,6,0
BRDA:292,28,0,0
BRDA:292,28,1,0
BRDA:300,29,0,0
BRDA:300,29,1,0
BRDA:300,29,2,0
BRDA:325,30,0,0
BRDA:325,30,1,0
BRDA:325,31,0,0
BRDA:325,31,1,0
BRDA:327,32,0,0
BRDA:327,32,1,0
BRDA:327,33,0,0
BRDA:327,33,1,0
BRDA:363,34,0,6
BRDA:363,34,1,10
BRDA:366,35,0,0
BRDA:366,35,1,10
BRDA:370,36,0,0
BRDA:370,36,1,10
BRDA:371,37,0,0
BRDA:371,37,1,0
BRDA:372,38,0,0
BRDA:372,38,1,0
BRDA:373,39,0,0
BRDA:373,39,1,0
BRDA:375,40,0,0
BRDA:375,40,1,10
BRDA:375,41,0,20
BRDA:375,41,1,0
BRDA:385,42,0,2
BRDA:385,42,1,0
BRDA:422,43,0,0
BRDA:422,43,1,2
BRDA:425,44,0,0
BRDA:425,44,1,0
BRDA:432,45,0,0
BRDA:432,45,1,0
BRDA:473,46,0,0
BRDA:473,46,1,0
BRDA:473,47,0,0
BRDA:473,47,1,0
BRDA:473,47,2,0
BRDA:477,48,0,0
BRDA:477,48,1,0
BRDA:477,49,0,0
BRDA:477,49,1,0
BRDA:481,50,0,0
BRDA:481,50,1,0
BRDA:485,51,0,0
BRDA:485,51,1,0
BRDA:490,52,0,0
BRDA:490,52,1,0
BRDA:494,53,0,0
BRDA:494,53,1,0
BRDA:504,54,0,0
BRDA:504,54,1,0
BRDA:510,55,0,2
BRDA:510,55,1,0
BRDA:596,56,0,0
BRDA:596,56,1,0
BRDA:596,57,0,0
BRDA:596,57,1,0
BRDA:601,58,0,2
BRDA:601,58,1,2
BRF:131
BRH:50
end_of_record
TN:
SF:dojo/_base/event.js
FN:1,(anonymous_1)
FN:7,(anonymous_2)
FN:22,(anonymous_3)
FN:36,(anonymous_4)
FNF:4
FNH:1
FNDA:2,(anonymous_1)
FNDA:0,(anonymous_2)
FNDA:0,(anonymous_3)
FNDA:0,(anonymous_4)
DA:1,2
DA:5,2
DA:6,0
DA:7,0
DA:9,0
DA:10,0
DA:11,0
DA:13,0
DA:17,2
DA:30,0
DA:31,0
DA:33,0
DA:42,0
DA:43,0
DA:44,0
DA:46,0
DA:47,0
DA:48,0
DA:53,2
DA:54,2
DA:55,2
DA:58,2
LF:22
LH:7
BRDA:5,1,0,0
BRDA:5,1,1,2
BRDA:10,2,0,0
BRDA:10,2,1,0
BRDA:30,3,0,0
BRDA:30,3,1,0
BRDA:42,4,0,0
BRDA:42,4,1,0
BRDA:42,5,0,0
BRDA:42,5,1,0
BRDA:42,5,2,0
BRDA:46,6,0,0
BRDA:46,6,1,0
BRDA:53,7,0,2
BRDA:53,7,1,0
BRF:15
BRH:2
end_of_record
TN:
SF:dojo/dom-class.js
FN:1,(anonymous_1)
FN:21,str2array
FN:40,(anonymous_3)
FN:110,containsClass
FN:125,addClass
FN:177,removeClass
FN:235,replaceClass
FN:277,toggleClass
FNF:8
FNH:3
FNDA:2,(anonymous_1)
FNDA:2,str2array
FNDA:0,(anonymous_3)
FNDA:0,containsClass
FNDA:2,addClass
FNDA:0,removeClass
FNDA:0,replaceClass
FNDA:0,toggleClass
DA:1,2
DA:5,2
DA:18,2
DA:21,2
DA:22,2
DA:23,2
DA:24,2
DA:25,2
DA:27,0
DA:28,0
DA:29,0
DA:31,0
DA:32,0
DA:34,0
DA:37,0
DA:38,0
DA:40,0
DA:105,2
DA:106,2
DA:122,0
DA:161,2
DA:162,2
DA:163,2
DA:164,2
DA:165,2
DA:166,2
DA:167,2
DA:168,2
DA:169,2
DA:172,2
DA:173,2
DA:220,0
DA:221,0
DA:222,0
DA:223,0
DA:224,0
DA:225,0
DA:226,0
DA:228,0
DA:230,0
DA:232,0
DA:268,0
DA:269,0
DA:270,0
DA:271,0
DA:272,0
DA:273,0
DA:311,0
DA:312,0
DA:313,0
DA:314,0
DA:315,0
DA:316,0
DA:319,0
DA:321,0
DA:325,2
LF:56
LH:22
BRDA:22,1,0,2
BRDA:22,1,1,0
BRDA:22,2,0,2
BRDA:22,2,1,0
BRDA:23,3,0,2
BRDA:23,3,1,0
BRDA:23,4,0,2
BRDA:23,4,1,2
BRDA:28,5,0,0
BRDA:28,5,1,0
BRDA:28,6,0,0
BRDA:28,6,1,0
BRDA:31,7,0,0
BRDA:31,7,1,0
BRDA:31,8,0,0
BRDA:31,8,1,0
BRDA:37,9,0,0
BRDA:37,9,1,0
BRDA:164,10,0,0
BRDA:164,10,1,2
BRDA:168,11,0,2
BRDA:168,11,1,0
BRDA:168,12,0,2
BRDA:168,12,1,2
BRDA:172,13,0,2
BRDA:172,13,1,0
BRDA:222,14,0,0
BRDA:222,14,1,0
BRDA:232,15,0,0
BRDA:232,15,1,0
BRDA:272,16,0,0
BRDA:272,16,1,0
BRDA:312,17,0,0
BRDA:312,17,1,0
BRDA:316,18,0,0
BRDA:316,18,1,0
BRDA:319,19,0,0
BRDA:319,19,1,0
BRF:38
BRH:10
end_of_record
TN:
SF:dojo/has.js
FN:1,(anonymous_1)
FN:18,(anonymous_2)
FN:34,(anonymous_3)
FN:50,(anonymous_4)
FN:114,(anonymous_5)
FN:121,(anonymous_6)
FN:129,(anonymous_7)
FN:154,(anonymous_8)
FNF:8
FNH:4
FNDA:2,(anonymous_1)
FNDA:0,(anonymous_2)
FNDA:0,(anonymous_3)
FNDA:0,(anonymous_4)
FNDA:0,(anonymous_5)
FNDA:8,(anonymous_6)
FNDA:18,(anonymous_7)
FNDA:6,(anonymous_8)
DA:1,2
DA:18,2
DA:19,2
DA:20,0
DA:34,0
DA:45,0
DA:48,0
DA:50,0
DA:85,0
DA:86,0
DA:92,0
DA:93,0
DA:94,0
DA:95,0
DA:98,2
DA:100,2
DA:101,2
DA:103,2
DA:109,2
DA:110,2
DA:111,2
DA:114,2
DA:117,0
DA:118,0
DA:121,2
DA:127,8
DA:130,18
DA:131,18
DA:133,2
DA:136,16
DA:137,8
DA:139,6
DA:142,2
DA:143,2
DA:147,8
DA:150,8
DA:151,8
DA:154,2
DA:165,6
DA:166,4
DA:168,2
DA:172,2
LF:42
LH:29
BRDA:18,1,0,2
BRDA:18,1,1,0
BRDA:19,2,0,0
BRDA:19,2,1,2
BRDA:23,3,0,0
BRDA:23,3,1,0
BRDA:23,3,2,0
BRDA:23,3,3,0
BRDA:23,3,4,0
BRDA:30,4,0,0
BRDA:30,4,1,0
BRDA:31,5,0,0
BRDA:31,5,1,0
BRDA:32,6,0,0
BRDA:32,6,1,0
BRDA:32,6,2,0
BRDA:45,7,0,0
BRDA:45,7,1,0
BRDA:85,8,0,0
BRDA:85,8,1,0
BRDA:85,8,2,0
BRDA:86,9,0,0
BRDA:86,9,1,0
BRDA:98,10,0,2
BRDA:98,10,1,0
BRDA:101,11,0,2
BRDA:101,11,1,2
BRDA:103,12,0,2
BRDA:103,12,1,0
BRDA:111,13,0,2
BRDA:111,13,1,0
BRDA:131,14,0,2
BRDA:131,14,1,16
BRDA:136,15,0,8
BRDA:136,15,1,8
BRDA:137,16,0,6
BRDA:137,16,1,2
BRDA:137,17,0,8
BRDA:137,17,1,8
BRDA:147,18,0,8
BRDA:147,18,1,2
BRDA:151,19,0,8
BRDA:151,19,1,4
BRDA:165,20,0,4
BRDA:165,20,1,2
BRF:45
BRH:21
end_of_record
TN:
SF:dojo/dom-construct.js
FN:2,(anonymous_1)
FN:43,(anonymous_2)
FN:49,(anonymous_3)
FN:58,_insertBefore
FN:65,_insertAfter
FN:78,toDom
FN:136,place
FN:214,create
FN:289,_empty
FN:306,empty
FN:323,_destroy
FN:336,destroy
FNF:12
FNH:3
FNDA:2,(anonymous_1)
FNDA:0,(anonymous_2)
FNDA:0,(anonymous_3)
FNDA:0,_insertBefore
FNDA:0,_insertAfter
FNDA:0,toDom
FNDA:2,place
FNDA:2,create
FNDA:0,_empty
FNDA:0,empty
FNDA:0,_destroy
FNDA:0,destroy
DA:1,2
DA:11,2
DA:31,2
DA:32,24
DA:33,24
DA:34,24
DA:35,24
DA:41,2
DA:42,2
DA:43,0
DA:44,0
DA:45,0
DA:46,0
DA:47,0
DA:50,0
DA:54,0
DA:58,2
DA:59,0
DA:60,0
DA:61,0
DA:65,2
DA:68,0
DA:69,0
DA:70,0
DA:71,0
DA:73,0
DA:78,2
DA:92,0
DA:93,0
DA:94,0
DA:95,0
DA:96,0
DA:99,0
DA:100,0
DA:101,0
DA:106,0
DA:109,0
DA:113,0
DA:114,0
DA:115,0
DA:116,0
DA:117,0
DA:120,0
DA:124,0
DA:125,0
DA:129,0
DA:130,0
DA:131,0
DA:133,0
DA:136,2
DA:175,2
DA:176,2
DA:177,0
DA:179,2
DA:180,0
DA:181,0
DA:182,0
DA:184,0
DA:187,2
DA:189,0
DA:190,0
DA:192,0
DA:193,0
DA:195,0
DA:196,0
DA:198,0
DA:199,0
DA:200,0
DA:202,0
DA:203,0
DA:204,0
DA:208,2
DA:211,2
DA:214,2
DA:276,2
DA:277,2
DA:278,2
DA:279,2
DA:281,2
DA:282,2
DA:284,2
DA:285,2
DA:286,2
DA:289,2
DA:290,0
DA:291,0
DA:293,0
DA:294,0
DA:301,0
DA:302,0
DA:306,2
DA:319,0
DA:323,2
DA:325,0
DA:326,0
DA:328,0
DA:333,0
DA:336,2
DA:356,0
DA:357,0
DA:358,0
LF:101
LH:33
BRDA:32,1,0,24
BRDA:32,1,1,0
BRDA:34,2,0,2
BRDA:34,2,1,22
BRDA:42,3,0,0
BRDA:42,3,1,2
BRDA:46,4,0,0
BRDA:46,4,1,0
BRDA:60,5,0,0
BRDA:60,5,1,0
BRDA:69,6,0,0
BRDA:69,6,1,0
BRDA:70,7,0,0
BRDA:70,7,1,0
BRDA:92,8,0,0
BRDA:92,8,1,0
BRDA:94,9,0,0
BRDA:94,9,1,0
BRDA:99,10,0,0
BRDA:99,10,1,0
BRDA:100,11,0,0
BRDA:100,11,1,0
BRDA:100,12,0,0
BRDA:100,12,1,0
BRDA:110,13,0,0
BRDA:110,13,1,0
BRDA:113,14,0,0
BRDA:113,14,1,0
BRDA:113,15,0,0
BRDA:113,15,1,0
BRDA:124,16,0,0
BRDA:124,16,1,0
BRDA:176,17,0,0
BRDA:176,17,1,2
BRDA:177,18,0,0
BRDA:177,18,1,0
BRDA:179,19,0,0
BRDA:179,19,1,2
BRDA:181,20,0,0
BRDA:181,20,1,0
BRDA:181,21,0,0
BRDA:181,21,1,0
BRDA:184,22,0,0
BRDA:184,22,1,0
BRDA:187,23,0,0
BRDA:187,23,1,0
BRDA:187,23,2,0
BRDA:187,23,3,0
BRDA:187,23,4,0
BRDA:187,23,5,2
BRDA:202,24,0,0
BRDA:202,24,1,0
BRDA:277,25,0,2
BRDA:277,25,1,0
BRDA:281,26,0,2
BRDA:281,26,1,0
BRDA:284,27,0,2
BRDA:284,27,1,0
BRDA:285,28,0,2
BRDA:285,28,1,0
BRDA:290,29,0,0
BRDA:290,29,1,0
BRDA:325,30,0,0
BRDA:325,30,1,0
BRDA:328,31,0,0
BRDA:328,31,1,0
BRDA:333,32,0,0
BRDA:333,32,1,0
BRDA:333,33,0,0
BRDA:333,33,1,0
BRDA:333,33,2,0
BRDA:357,34,0,0
BRDA:357,34,1,0
BRF:73
BRH:11
end_of_record
TN:
SF:dojo/on.js
FN:1,(anonymous_1)
FN:9,(anonymous_2)
FN:15,(anonymous_3)
FN:56,(anonymous_4)
FN:63,(anonymous_5)
FN:68,(anonymous_6)
FN:71,(anonymous_7)
FN:76,(anonymous_8)
FN:81,(anonymous_9)
FN:89,(anonymous_10)
FN:105,(anonymous_11)
FN:115,addListener
FN:152,(anonymous_13)
FN:164,(anonymous_14)
FN:181,(anonymous_15)
FN:185,select
FN:201,(anonymous_17)
FN:210,syntheticPreventDefault
FN:214,syntheticStopPropagation
FN:218,(anonymous_20)
FN:289,(anonymous_21)
FN:293,(anonymous_22)
FN:294,(anonymous_23)
FN:304,(anonymous_24)
FN:326,(anonymous_25)
FN:383,(anonymous_26)
FN:386,(anonymous_27)
FN:389,(anonymous_28)
FN:391,(anonymous_29)
FN:397,(anonymous_30)
FN:406,(anonymous_31)
FN:434,(anonymous_32)
FN:439,(anonymous_33)
FN:442,(anonymous_34)
FN:464,(anonymous_35)
FN:466,(anonymous_36)
FN:467,(anonymous_37)
FN:494,(anonymous_38)
FN:497,(anonymous_39)
FNF:39
FNH:5
FNDA:2,(anonymous_1)
FNDA:2,(anonymous_2)
FNDA:10,(anonymous_3)
FNDA:0,(anonymous_4)
FNDA:0,(anonymous_5)
FNDA:0,(anonymous_6)
FNDA:0,(anonymous_7)
FNDA:0,(anonymous_8)
FNDA:0,(anonymous_9)
FNDA:16,(anonymous_10)
FNDA:0,(anonymous_11)
FNDA:10,addListener
FNDA:0,(anonymous_13)
FNDA:0,(anonymous_14)
FNDA:0,(anonymous_15)
FNDA:0,select
FNDA:0,(anonymous_17)
FNDA:0,syntheticPreventDefault
FNDA:0,syntheticStopPropagation
FNDA:0,(anonymous_20)
FNDA:0,(anonymous_21)
FNDA:0,(anonymous_22)
FNDA:0,(anonymous_23)
FNDA:0,(anonymous_24)
FNDA:0,(anonymous_25)
FNDA:0,(anonymous_26)
FNDA:0,(anonymous_27)
FNDA:0,(anonymous_28)
FNDA:0,(anonymous_29)
FNDA:0,(anonymous_30)
FNDA:0,(anonymous_31)
FNDA:0,(anonymous_32)
FNDA:0,(anonymous_33)
FNDA:0,(anonymous_34)
FNDA:0,(anonymous_35)
FNDA:0,(anonymous_36)
FNDA:0,(anonymous_37)
FNDA:0,(anonymous_38)
FNDA:0,(anonymous_39)
DA:1,2
DA:3,2
DA:4,2
DA:5,2
DA:6,2
DA:7,2
DA:8,2
DA:9,2
DA:12,2
DA:15,2
DA:47,10
DA:51,0
DA:54,10
DA:56,2
DA:62,0
DA:63,0
DA:64,0
DA:65,0
DA:68,0
DA:69,0
DA:71,0
DA:72,0
DA:74,0
DA:76,2
DA:81,0
DA:83,0
DA:85,0
DA:87,0
DA:89,2
DA:90,16
DA:93,0
DA:96,16
DA:98,0
DA:99,0
DA:100,0
DA:101,0
DA:102,0
DA:103,0
DA:105,0
DA:106,0
DA:107,0
DA:110,0
DA:112,16
DA:114,2
DA:115,2
DA:117,10
DA:119,10
DA:120,0
DA:121,0
DA:123,0
DA:126,10
DA:127,0
DA:129,0
DA:131,0
DA:134,0
DA:135,0
DA:136,0
DA:139,10
DA:141,0
DA:144,10
DA:147,10
DA:149,10
DA:151,10
DA:153,0
DA:157,0
DA:158,0
DA:159,0
DA:161,0
DA:164,2
DA:181,0
DA:183,0
DA:185,0
DA:187,0
DA:189,0
DA:190,0
DA:191,0
DA:194,0
DA:196,0
DA:198,0
DA:201,0
DA:203,0
DA:205,0
DA:210,2
DA:211,0
DA:212,0
DA:214,2
DA:215,0
DA:217,2
DA:266,0
DA:267,0
DA:268,0
DA:270,0
DA:271,0
DA:272,0
DA:274,0
DA:275,0
DA:276,0
DA:277,0
DA:278,0
DA:280,0
DA:282,0
DA:285,0
DA:287,2
DA:288,2
DA:289,0
DA:290,0
DA:291,0
DA:293,0
DA:294,0
DA:295,0
DA:296,0
DA:297,0
DA:302,2
DA:304,2
DA:305,0
DA:312,0
DA:313,0
DA:315,0
DA:316,0
DA:317,0
DA:320,0
DA:322,0
DA:326,0
DA:334,0
DA:335,0
DA:336,0
DA:338,0
DA:339,0
DA:340,0
DA:343,0
DA:349,0
DA:350,0
DA:351,0
DA:352,0
DA:353,0
DA:355,0
DA:356,0
DA:358,0
DA:359,0
DA:360,0
DA:362,0
DA:364,0
DA:365,0
DA:367,0
DA:368,0
DA:369,0
DA:370,0
DA:371,0
DA:372,0
DA:376,0
DA:377,0
DA:378,0
DA:381,0
DA:383,0
DA:384,0
DA:386,0
DA:387,0
DA:389,0
DA:391,0
DA:392,0
DA:393,0
DA:394,0
DA:396,0
DA:397,0
DA:398,0
DA:401,0
DA:403,0
DA:406,0
DA:407,0
DA:408,0
DA:413,0
DA:414,0
DA:416,0
DA:417,0
DA:418,0
DA:419,0
DA:420,0
DA:421,0
DA:422,0
DA:423,0
DA:424,0
DA:427,0
DA:428,0
DA:429,0
DA:431,0
DA:434,0
DA:435,0
DA:436,0
DA:439,0
DA:440,0
DA:442,0
DA:449,0
DA:450,0
DA:451,0
DA:454,0
DA:458,0
DA:459,0
DA:460,0
DA:463,2
DA:464,0
DA:465,0
DA:466,0
DA:467,0
DA:474,0
DA:475,0
DA:476,0
DA:477,0
DA:478,0
DA:480,0
DA:482,0
DA:484,0
DA:485,0
DA:486,0
DA:490,0
DA:491,0
DA:494,0
DA:495,0
DA:497,0
DA:498,0
DA:502,0
DA:503,0
DA:505,0
DA:506,0
DA:507,0
DA:508,0
DA:510,0
DA:511,0
DA:512,0
DA:515,0
DA:516,0
DA:517,0
DA:520,0
DA:521,0
DA:522,0
DA:523,0
DA:526,0
DA:530,2
LF:237
LH:38
BRDA:4,1,0,2
BRDA:4,1,1,0
BRDA:6,2,0,2
BRDA:6,2,1,0
BRDA:7,3,0,2
BRDA:7,3,1,0
BRDA:8,4,0,2
BRDA:8,4,1,2
BRDA:8,4,2,2
BRDA:47,5,0,0
BRDA:47,5,1,10
BRDA:47,6,0,10
BRDA:47,6,1,0
BRDA:47,6,2,0
BRDA:64,7,0,0
BRDA:64,7,1,0
BRDA:90,8,0,0
BRDA:90,8,1,16
BRDA:96,9,0,0
BRDA:96,9,1,16
BRDA:119,10,0,0
BRDA:119,10,1,10
BRDA:126,11,0,0
BRDA:126,11,1,10
BRDA:127,12,0,0
BRDA:127,12,1,0
BRDA:131,13,0,0
BRDA:131,13,1,0
BRDA:131,14,0,0
BRDA:131,14,1,0
BRDA:139,15,0,0
BRDA:139,15,1,10
BRDA:144,16,0,10
BRDA:144,16,1,0
BRDA:148,17,0,0
BRDA:148,17,1,10
BRDA:158,18,0,0
BRDA:158,18,1,0
BRDA:158,19,0,0
BRDA:158,19,1,0
BRDA:183,20,0,0
BRDA:183,20,1,0
BRDA:187,21,0,0
BRDA:187,21,1,0
BRDA:187,22,0,0
BRDA:187,22,1,0
BRDA:190,23,0,0
BRDA:190,23,1,0
BRDA:190,24,0,0
BRDA:190,24,1,0
BRDA:190,24,2,0
BRDA:190,24,3,0
BRDA:196,25,0,0
BRDA:196,25,1,0
BRDA:205,26,0,0
BRDA:205,26,1,0
BRDA:268,27,0,0
BRDA:268,27,1,0
BRDA:284,28,0,0
BRDA:284,28,1,0
BRDA:284,28,2,0
BRDA:282,29,0,0
BRDA:282,29,1,0
BRDA:285,30,0,0
BRDA:285,30,1,0
BRDA:285,30,2,0
BRDA:287,31,0,0
BRDA:287,31,1,2
BRDA:288,32,0,0
BRDA:288,32,1,2
BRDA:295,33,0,0
BRDA:295,33,1,0
BRDA:302,34,0,2
BRDA:302,34,1,0
BRDA:305,35,0,0
BRDA:305,35,1,0
BRDA:305,36,0,0
BRDA:305,36,1,0
BRDA:316,37,0,0
BRDA:316,37,1,0
BRDA:320,38,0,0
BRDA:320,38,1,0
BRDA:334,39,0,0
BRDA:334,39,1,0
BRDA:335,40,0,0
BRDA:335,40,1,0
BRDA:335,40,2,0
BRDA:335,41,0,0
BRDA:335,41,1,0
BRDA:335,41,2,0
BRDA:338,42,0,0
BRDA:338,42,1,0
BRDA:340,43,0,0
BRDA:340,43,1,0
BRDA:340,44,0,0
BRDA:340,44,1,0
BRDA:340,44,2,0
BRDA:349,45,0,0
BRDA:349,45,1,0
BRDA:351,46,0,0
BRDA:351,46,1,0
BRDA:352,47,0,0
BRDA:352,47,1,0
BRDA:355,48,0,0
BRDA:355,48,1,0
BRDA:358,49,0,0
BRDA:358,49,1,0
BRDA:362,50,0,0
BRDA:364,51,0,0
BRDA:364,51,1,0
BRDA:365,52,0,0
BRDA:365,52,1,0
BRDA:369,53,0,0
BRDA:369,53,1,0
BRDA:369,54,0,0
BRDA:369,54,1,0
BRDA:371,55,0,0
BRDA:371,55,1,0
BRDA:394,56,0,0
BRDA:394,56,1,0
BRDA:396,57,0,0
BRDA:396,57,1,0
BRDA:408,58,0,0
BRDA:408,58,1,0
BRDA:408,59,0,0
BRDA:408,59,1,0
BRDA:408,59,2,0
BRDA:408,60,0,0
BRDA:408,60,1,0
BRDA:408,61,0,0
BRDA:408,61,1,0
BRDA:408,61,2,0
BRDA:413,62,0,0
BRDA:413,62,1,0
BRDA:417,63,0,0
BRDA:417,63,1,0
BRDA:417,64,0,0
BRDA:417,64,1,0
BRDA:423,65,0,0
BRDA:423,65,1,0
BRDA:435,66,0,0
BRDA:435,66,1,0
BRDA:436,67,0,0
BRDA:436,67,1,0
BRDA:450,68,0,0
BRDA:450,68,1,0
BRDA:463,69,0,0
BRDA:463,69,1,2
BRDA:475,70,0,0
BRDA:475,70,1,0
BRDA:480,71,0,0
BRDA:480,71,1,0
BRDA:482,72,0,0
BRDA:482,72,1,0
BRDA:506,73,0,0
BRDA:506,73,1,0
BRDA:507,74,0,0
BRDA:507,74,1,0
BRDA:515,75,0,0
BRDA:515,75,1,0
BRF:160
BRH:19
end_of_record
TN:
SF:dojo/keys.js
FN:1,(anonymous_1)
FNF:1
FNH:1
FNDA:2,(anonymous_1)
DA:1,2
DA:6,2
LF:2
LH:2
BRDA:18,1,0,1
BRDA:18,1,1,1
BRDA:75,2,0,0
BRDA:75,2,1,2
BRDA:75,3,0,2
BRDA:75,3,1,0
BRDA:75,4,0,0
BRDA:75,4,1,0
BRF:8
BRH:4
end_of_record
TN:
SF:dojo/_base/kernel.js
FN:1,(anonymous_1)
FN:97,(anonymous_2)
FN:140,(anonymous_3)
FN:144,(anonymous_4)
FN:164,(anonymous_5)
FN:166,(anonymous_6)
FN:170,(anonymous_7)
FN:181,(anonymous_8)
FN:183,(anonymous_9)
FN:206,(anonymous_10)
FN:253,(anonymous_11)
FNF:11
FNH:2
FNDA:2,(anonymous_1)
FNDA:0,(anonymous_2)
FNDA:0,(anonymous_3)
FNDA:0,(anonymous_4)
FNDA:3,(anonymous_5)
FNDA:0,(anonymous_6)
FNDA:0,(anonymous_7)
FNDA:0,(anonymous_8)
FNDA:0,(anonymous_9)
FNDA:0,(anonymous_10)
FNDA:0,(anonymous_11)
DA:1,2
DA:7,2
DA:38,2
DA:55,2
DA:56,0
DA:58,0
DA:61,0
DA:66,2
DA:67,6
DA:68,6
DA:69,6
DA:70,6
DA:73,2
DA:78,2
DA:79,2
DA:80,2
DA:82,2
DA:83,2
DA:98,0
DA:99,0
DA:107,2
DA:110,2
DA:139,2
DA:140,0
DA:141,0
DA:144,2
DA:148,2
DA:152,2
DA:153,2
DA:155,2
DA:160,2
DA:161,2
DA:162,2
DA:163,32
DA:164,3
DA:165,3
DA:166,3
DA:167,0
DA:168,0
DA:169,0
DA:171,3
DA:177,2
DA:181,2
DA:182,2
DA:183,2
DA:200,0
DA:201,0
DA:202,0
DA:203,0
DA:206,2
DA:225,0
DA:226,0
DA:227,0
DA:231,2
DA:235,2
DA:238,2
DA:239,0
DA:240,0
DA:241,0
DA:242,0
DA:244,0
DA:248,2
DA:252,2
DA:253,2
DA:282,0
DA:288,0
DA:289,0
DA:290,0
DA:292,0
DA:296,2
DA:298,2
LF:71
LH:44
BRDA:49,1,0,2
BRDA:49,1,1,2
BRDA:56,2,0,0
BRDA:56,2,1,0
BRDA:69,3,0,6
BRDA:69,3,1,0
BRDA:79,4,0,2
BRDA:79,4,1,2
BRDA:96,5,0,2
BRDA:96,5,1,0
BRDA:139,6,0,0
BRDA:139,6,1,2
BRDA:152,7,0,2
BRDA:152,7,1,0
BRDA:153,8,0,2
BRDA:153,8,1,0
BRDA:163,9,0,3
BRDA:163,9,1,29
BRDA:166,10,0,3
BRDA:166,10,1,0
BRDA:182,11,0,2
BRDA:182,11,1,0
BRDA:201,12,0,0
BRDA:201,12,1,0
BRDA:202,13,0,0
BRDA:202,13,1,0
BRDA:226,14,0,0
BRDA:226,14,1,0
BRDA:235,15,0,2
BRDA:235,15,1,0
BRDA:238,16,0,0
BRDA:238,16,1,2
BRDA:252,17,0,2
BRDA:252,17,1,0
BRDA:289,18,0,0
BRDA:289,18,1,0
BRDA:290,19,0,0
BRDA:290,19,1,0
BRDA:290,20,0,0
BRDA:290,20,1,0
BRF:40
BRH:16
end_of_record
TN:
SF:dojo/_base/array.js
FN:1,(anonymous_1)
FN:8,buildFn
FN:15,everyOrSome
FN:17,(anonymous_4)
FN:42,index
FN:47,(anonymous_6)
FN:183,(anonymous_7)
FN:256,(anonymous_8)
FN:295,(anonymous_9)
FN:341,(anonymous_10)
FNF:10
FNH:4
FNDA:2,(anonymous_1)
FNDA:0,buildFn
FNDA:4,everyOrSome
FNDA:0,(anonymous_4)
FNDA:4,index
FNDA:0,(anonymous_6)
FNDA:4,(anonymous_7)
FNDA:0,(anonymous_8)
FNDA:0,(anonymous_9)
FNDA:0,(anonymous_10)
DA:1,2
DA:6,2
DA:8,2
DA:9,0
DA:15,2
DA:16,4
DA:17,4
DA:18,0
DA:19,0
DA:20,0
DA:21,0
DA:22,0
DA:23,0
DA:24,0
DA:25,0
DA:29,0
DA:30,0
DA:31,0
DA:32,0
DA:36,0
DA:42,2
DA:43,4
DA:44,4
DA:45,2
DA:47,4
DA:48,0
DA:50,0
DA:52,0
DA:53,0
DA:54,0
DA:56,0
DA:57,0
DA:58,0
DA:59,0
DA:62,0
DA:65,0
DA:66,0
DA:67,0
DA:68,0
DA:71,0
DA:75,2
DA:242,4
DA:243,4
DA:244,4
DA:245,4
DA:246,4
DA:247,14
DA:250,0
DA:251,0
DA:280,0
DA:281,0
DA:282,0
DA:283,0
DA:284,0
DA:285,0
DA:288,0
DA:289,0
DA:292,0
DA:320,0
DA:321,0
DA:322,0
DA:323,0
DA:324,0
DA:325,0
DA:326,0
DA:327,0
DA:331,0
DA:332,0
DA:333,0
DA:334,0
DA:338,0
DA:342,0
DA:347,2
DA:349,2
LF:74
LH:20
BRDA:18,1,0,0
BRDA:18,1,1,0
BRDA:18,1,2,0
BRDA:19,2,0,0
BRDA:19,2,1,0
BRDA:19,3,0,0
BRDA:19,3,1,0
BRDA:20,4,0,0
BRDA:20,4,1,0
BRDA:20,5,0,0
BRDA:20,5,1,0
BRDA:21,6,0,0
BRDA:21,6,1,0
BRDA:24,7,0,0
BRDA:24,7,1,0
BRDA:31,8,0,0
BRDA:31,8,1,0
BRDA:44,9,0,2
BRDA:44,9,1,2
BRDA:48,10,0,0
BRDA:48,10,1,0
BRDA:48,11,0,0
BRDA:48,11,1,0
BRDA:52,12,0,0
BRDA:52,12,1,0
BRDA:52,12,2,0
BRDA:52,13,0,0
BRDA:52,13,1,0
BRDA:53,14,0,0
BRDA:53,14,1,0
BRDA:54,15,0,0
BRDA:54,15,1,0
BRDA:56,16,0,0
BRDA:56,16,1,0
BRDA:58,17,0,0
BRDA:58,17,1,0
BRDA:62,18,0,0
BRDA:62,18,1,0
BRDA:65,19,0,0
BRDA:65,19,1,0
BRDA:65,20,0,0
BRDA:65,20,1,0
BRDA:67,21,0,0
BRDA:67,21,1,0
BRDA:242,22,0,4
BRDA:242,22,1,4
BRDA:242,22,2,0
BRDA:243,23,0,0
BRDA:243,23,1,4
BRDA:243,24,0,4
BRDA:243,24,1,4
BRDA:244,25,0,0
BRDA:244,25,1,4
BRDA:244,26,0,0
BRDA:244,26,1,0
BRDA:245,27,0,4
BRDA:245,27,1,0
BRDA:280,28,0,0
BRDA:280,28,1,0
BRDA:280,28,2,0
BRDA:280,29,0,0
BRDA:280,29,1,0
BRDA:281,30,0,0
BRDA:281,30,1,0
BRDA:281,31,0,0
BRDA:281,31,1,0
BRDA:282,32,0,0
BRDA:282,32,1,0
BRDA:282,33,0,0
BRDA:282,33,1,0
BRDA:283,34,0,0
BRDA:283,34,1,0
BRDA:320,35,0,0
BRDA:320,35,1,0
BRDA:320,35,2,0
BRDA:321,36,0,0
BRDA:321,36,1,0
BRDA:321,37,0,0
BRDA:321,37,1,0
BRDA:322,38,0,0
BRDA:322,38,1,0
BRDA:322,39,0,0
BRDA:322,39,1,0
BRDA:323,40,0,0
BRDA:323,40,1,0
BRDA:326,41,0,0
BRDA:326,41,1,0
BRDA:333,42,0,0
BRDA:333,42,1,0
BRDA:347,43,0,2
BRDA:347,43,1,2
BRF:91
BRH:11
end_of_record
TN:
SF:dijit/_WidgetBase.js
FN:25,(anonymous_1)
FN:41,(anonymous_2)
FN:51,getAttrs
FN:59,nonEmptyAttrToDom
FN:64,(anonymous_5)
FN:209,(anonymous_6)
FN:288,(anonymous_7)
FN:325,(anonymous_8)
FN:337,(anonymous_9)
FN:432,(anonymous_10)
FN:461,(anonymous_11)
FN:477,(anonymous_12)
FN:487,(anonymous_13)
FN:505,(anonymous_14)
FN:513,(anonymous_15)
FN:524,(anonymous_16)
FN:539,(anonymous_17)
FN:549,(anonymous_18)
FN:566,(anonymous_19)
FN:584,destroy
FN:607,(anonymous_21)
FN:639,(anonymous_22)
FN:649,(anonymous_23)
FN:656,(anonymous_24)
FN:667,(anonymous_25)
FN:696,(anonymous_26)
FN:711,(anonymous_27)
FN:752,(anonymous_28)
FN:772,(anonymous_29)
FN:834,(anonymous_30)
FN:845,(anonymous_31)
FN:856,(anonymous_32)
FN:875,(anonymous_33)
FN:886,(anonymous_34)
FN:926,(anonymous_35)
FN:947,(anonymous_36)
FN:963,(anonymous_37)
FN:973,(anonymous_38)
FN:989,(anonymous_39)
FN:996,(anonymous_40)
FN:1023,(anonymous_41)
FN:1034,(anonymous_42)
FN:1059,(anonymous_43)
FN:1071,(anonymous_44)
FN:1079,(anonymous_45)
FN:1086,(anonymous_46)
FN:1146,(anonymous_47)
FN:1156,(anonymous_48)
FN:1168,(anonymous_49)
FNF:49
FNH:20
FNDA:2,(anonymous_1)
FNDA:0,(anonymous_2)
FNDA:2,getAttrs
FNDA:4,nonEmptyAttrToDom
FNDA:0,(anonymous_5)
FNDA:2,(anonymous_6)
FNDA:2,(anonymous_7)
FNDA:2,(anonymous_8)
FNDA:2,(anonymous_9)
FNDA:2,(anonymous_10)
FNDA:12,(anonymous_11)
FNDA:2,(anonymous_12)
FNDA:2,(anonymous_13)
FNDA:0,(anonymous_14)
FNDA:2,(anonymous_15)
FNDA:0,(anonymous_16)
FNDA:0,(anonymous_17)
FNDA:0,(anonymous_18)
FNDA:0,(anonymous_19)
FNDA:0,destroy
FNDA:0,(anonymous_21)
FNDA:0,(anonymous_22)
FNDA:0,(anonymous_23)
FNDA:0,(anonymous_24)
FNDA:2,(anonymous_25)
FNDA:2,(anonymous_26)
FNDA:2,(anonymous_27)
FNDA:0,(anonymous_28)
FNDA:6,(anonymous_29)
FNDA:6,(anonymous_30)
FNDA:6,(anonymous_31)
FNDA:6,(anonymous_32)
FNDA:12,(anonymous_33)
FNDA:0,(anonymous_34)
FNDA:0,(anonymous_35)
FNDA:0,(anonymous_36)
FNDA:0,(anonymous_37)
FNDA:0,(anonymous_38)
FNDA:0,(anonymous_39)
FNDA:0,(anonymous_40)
FNDA:0,(anonymous_41)
FNDA:0,(anonymous_42)
FNDA:0,(anonymous_43)
FNDA:0,(anonymous_44)
FNDA:0,(anonymous_45)
FNDA:0,(anonymous_46)
FNDA:0,(anonymous_47)
FNDA:0,(anonymous_48)
FNDA:0,(anonymous_49)
DA:1,2
DA:33,2
DA:36,2
DA:40,2
DA:41,0
DA:42,0
DA:43,0
DA:49,2
DA:51,2
DA:52,2
DA:53,2
DA:54,328
DA:56,2
DA:59,2
DA:64,4
DA:65,0
DA:66,0
DA:70,2
DA:211,2
DA:295,2
DA:296,2
DA:297,2
DA:302,2
DA:303,0
DA:307,2
DA:308,132
DA:309,8
DA:312,132
DA:313,12
DA:314,12
DA:315,12
DA:334,2
DA:361,2
DA:364,2
DA:367,2
DA:368,2
DA:371,2
DA:372,2
DA:376,2
DA:377,2
DA:378,2
DA:380,2
DA:384,2
DA:385,0
DA:386,0
DA:388,0
DA:393,2
DA:394,2
DA:396,2
DA:398,2
DA:400,2
DA:402,2
DA:405,2
DA:411,2
DA:412,2
DA:413,0
DA:414,0
DA:419,2
DA:421,2
DA:425,2
DA:426,0
DA:429,2
DA:455,2
DA:456,2
DA:457,2
DA:461,2
DA:462,12
DA:463,10
DA:464,10
DA:465,4
DA:472,2
DA:473,2
DA:494,2
DA:496,2
DA:502,2
DA:503,0
DA:504,0
DA:505,0
DA:506,0
DA:509,0
DA:535,0
DA:536,0
DA:538,0
DA:539,0
DA:540,0
DA:541,0
DA:542,0
DA:561,0
DA:562,0
DA:563,0
DA:581,0
DA:582,0
DA:584,0
DA:585,0
DA:586,0
DA:587,0
DA:588,0
DA:593,0
DA:594,0
DA:598,0
DA:599,0
DA:602,0
DA:603,0
DA:604,0
DA:617,0
DA:618,0
DA:619,0
DA:622,0
DA:623,0
DA:624,0
DA:626,0
DA:628,0
DA:631,0
DA:632,0
DA:633,0
DA:635,0
DA:649,0
DA:650,0
DA:651,0
DA:662,0
DA:678,2
DA:683,2
DA:684,0
DA:686,2
DA:687,0
DA:689,2
DA:693,2
DA:709,2
DA:711,2
DA:714,2
DA:715,2
DA:717,2
DA:719,2
DA:720,0
DA:726,2
DA:729,2
DA:732,2
DA:735,0
DA:737,2
DA:739,0
DA:740,0
DA:741,0
DA:743,0
DA:744,0
DA:746,0
DA:747,0
DA:768,0
DA:769,0
DA:798,6
DA:799,0
DA:800,0
DA:802,0
DA:804,6
DA:806,6
DA:808,4
DA:818,2
DA:825,2
DA:826,2
DA:828,2
DA:830,6
DA:841,6
DA:842,6
DA:843,0
DA:845,6
DA:846,6
DA:848,6
DA:860,6
DA:861,6
DA:862,6
DA:863,0
DA:864,0
DA:866,0
DA:883,12
DA:901,0
DA:902,0
DA:903,0
DA:905,0
DA:906,0
DA:908,0
DA:909,0
DA:911,0
DA:913,0
DA:914,0
DA:915,0
DA:919,0
DA:920,0
DA:923,0
DA:938,0
DA:939,0
DA:940,0
DA:944,0
DA:951,0
DA:952,0
DA:953,0
DA:954,0
DA:955,0
DA:956,0
DA:960,0
DA:970,0
DA:986,0
DA:993,0
DA:1020,0
DA:1031,0
DA:1056,0
DA:1068,0
DA:1076,0
DA:1083,0
DA:1124,0
DA:1125,0
DA:1127,0
DA:1132,0
DA:1135,0
DA:1139,0
DA:1140,0
DA:1143,0
DA:1155,0
DA:1157,0
DA:1158,0
DA:1160,0
DA:1161,0
DA:1162,0
DA:1167,0
DA:1169,0
DA:1170,0
DA:1171,0
DA:1173,0
DA:1179,2
DA:1180,0
DA:1183,2
LF:229
LH:98
BRDA:40,1,0,0
BRDA:40,1,1,2
BRDA:65,2,0,0
BRDA:65,2,1,0
BRDA:267,3,0,2
BRDA:267,3,1,2
BRDA:296,4,0,2
BRDA:296,4,1,0
BRDA:308,5,0,8
BRDA:308,5,1,124
BRDA:312,6,0,12
BRDA:312,6,1,120
BRDA:314,7,0,12
BRDA:314,7,1,0
BRDA:314,8,0,12
BRDA:314,8,1,12
BRDA:371,9,0,2
BRDA:371,9,1,0
BRDA:371,10,0,2
BRDA:371,10,1,2
BRDA:376,11,0,2
BRDA:376,11,1,0
BRDA:384,12,0,0
BRDA:384,12,1,2
BRDA:386,13,0,0
BRDA:386,13,1,0
BRDA:393,14,0,2
BRDA:393,14,1,2
BRDA:393,15,0,2
BRDA:393,15,1,0
BRDA:402,16,0,2
BRDA:402,16,1,0
BRDA:412,17,0,0
BRDA:412,17,1,2
BRDA:412,18,0,2
BRDA:412,18,1,2
BRDA:412,18,2,2
BRDA:425,19,0,0
BRDA:425,19,1,2
BRDA:456,20,0,2
BRDA:456,20,1,0
BRDA:462,21,0,10
BRDA:462,21,1,2
BRDA:464,22,0,4
BRDA:464,22,1,6
BRDA:494,23,0,2
BRDA:494,23,1,0
BRDA:496,24,0,2
BRDA:496,24,1,0
BRDA:502,25,0,0
BRDA:502,25,1,2
BRDA:504,26,0,0
BRDA:504,26,1,0
BRDA:535,27,0,0
BRDA:535,27,1,0
BRDA:540,28,0,0
BRDA:540,28,1,0
BRDA:540,29,0,0
BRDA:540,29,1,0
BRDA:540,29,2,0
BRDA:585,30,0,0
BRDA:585,30,1,0
BRDA:587,31,0,0
BRDA:587,31,1,0
BRDA:598,32,0,0
BRDA:598,32,1,0
BRDA:617,33,0,0
BRDA:617,33,1,0
BRDA:622,34,0,0
BRDA:622,34,1,0
BRDA:623,35,0,0
BRDA:623,35,1,0
BRDA:631,36,0,0
BRDA:631,36,1,0
BRDA:632,37,0,0
BRDA:632,37,1,0
BRDA:650,38,0,0
BRDA:650,38,1,0
BRDA:683,39,0,0
BRDA:683,39,1,2
BRDA:686,40,0,0
BRDA:686,40,1,2
BRDA:709,41,0,2
BRDA:709,41,1,0
BRDA:711,42,0,0
BRDA:711,42,1,2
BRDA:714,43,0,2
BRDA:714,43,1,2
BRDA:714,43,2,0
BRDA:715,44,0,2
BRDA:715,44,1,2
BRDA:717,45,0,2
BRDA:717,45,1,0
BRDA:717,45,2,0
BRDA:717,45,3,0
BRDA:719,46,0,0
BRDA:719,46,1,2
BRDA:726,47,0,0
BRDA:726,47,1,2
BRDA:727,48,0,0
BRDA:727,48,1,2
BRDA:729,49,0,2
BRDA:729,49,1,0
BRDA:769,50,0,0
BRDA:769,50,1,0
BRDA:798,51,0,0
BRDA:798,51,1,6
BRDA:806,52,0,4
BRDA:806,52,1,2
BRDA:818,53,0,0
BRDA:818,53,1,2
BRDA:818,54,0,2
BRDA:818,54,1,0
BRDA:819,55,0,2
BRDA:819,55,1,2
BRDA:820,56,0,2
BRDA:820,56,1,2
BRDA:820,56,2,2
BRDA:821,57,0,0
BRDA:821,57,1,2
BRDA:822,58,0,2
BRDA:822,58,1,0
BRDA:823,59,0,0
BRDA:823,59,1,0
BRDA:823,60,0,0
BRDA:823,60,1,0
BRDA:823,60,2,0
BRDA:823,60,3,0
BRDA:825,61,0,2
BRDA:825,61,1,0
BRDA:830,62,0,6
BRDA:830,62,1,6
BRDA:842,63,0,0
BRDA:842,63,1,6
BRDA:862,64,0,0
BRDA:862,64,1,6
BRDA:862,65,0,6
BRDA:862,65,1,0
BRDA:863,66,0,0
BRDA:863,66,1,0
BRDA:901,67,0,0
BRDA:901,67,1,0
BRDA:902,68,0,0
BRDA:902,68,1,0
BRDA:905,69,0,0
BRDA:905,69,1,0
BRDA:908,70,0,0
BRDA:908,70,1,0
BRDA:914,71,0,0
BRDA:914,71,1,0
BRDA:915,72,0,0
BRDA:915,72,1,0
BRDA:919,73,0,0
BRDA:919,73,1,0
BRDA:919,74,0,0
BRDA:919,74,1,0
BRDA:939,75,0,0
BRDA:939,75,1,0
BRDA:952,76,0,0
BRDA:952,76,1,0
BRDA:955,77,0,0
BRDA:955,77,1,0
BRDA:960,78,0,0
BRDA:960,78,1,0
BRDA:970,79,0,0
BRDA:970,79,1,0
BRDA:986,80,0,0
BRDA:986,80,1,0
BRDA:1076,81,0,0
BRDA:1076,81,1,0
BRDA:1083,82,0,0
BRDA:1083,82,1,0
BRDA:1124,83,0,0
BRDA:1124,83,1,0
BRDA:1125,84,0,0
BRDA:1125,84,1,0
BRDA:1125,85,0,0
BRDA:1125,85,1,0
BRDA:1125,85,2,0
BRDA:1125,85,3,0
BRDA:1132,86,0,0
BRDA:1132,86,1,0
BRDA:1133,87,0,0
BRDA:1133,87,1,0
BRDA:1133,88,0,0
BRDA:1133,88,1,0
BRDA:1133,89,0,0
BRDA:1133,89,1,0
BRDA:1139,90,0,0
BRDA:1139,90,1,0
BRDA:1139,91,0,0
BRDA:1139,91,1,0
BRDA:1139,92,0,0
BRDA:1139,92,1,0
BRDA:1157,93,0,0
BRDA:1157,93,1,0
BRDA:1161,94,0,0
BRDA:1161,94,1,0
BRDA:1165,95,0,0
BRDA:1165,95,1,0
BRDA:1169,96,0,0
BRDA:1169,96,1,0
BRDA:1179,97,0,0
BRDA:1179,97,1,2
BRF:204
BRH:65
end_of_record
TN:
SF:dojo/dom-geometry.js
FN:2,(anonymous_1)
FN:35,getPadExtents
FN:65,getBorderExtents
FN:95,getPadBorderExtents
FN:130,getMarginExtents
FN:172,getMarginBox
FN:220,getContentBox
FN:271,setBox
FN:304,isButtonTag
FN:311,usesBorderBox
FN:325,setContentSize
FN:357,setMarginBox
FN:409,isBodyLtr
FN:420,docScroll
FN:435,getIeDocumentElementOffset
FN:479,fixIeBiDiScrollLeft
FN:509,(anonymous_17)
FN:555,getMarginSize
FN:577,(anonymous_19)
FNF:19
FNH:1
FNDA:2,(anonymous_1)
FNDA:0,getPadExtents
FNDA:0,getBorderExtents
FNDA:0,getPadBorderExtents
FNDA:0,getMarginExtents
FNDA:0,getMarginBox
FNDA:0,getContentBox
FNDA:0,setBox
FNDA:0,isButtonTag
FNDA:0,usesBorderBox
FNDA:0,setContentSize
FNDA:0,setMarginBox
FNDA:0,isBodyLtr
FNDA:0,docScroll
FNDA:0,getIeDocumentElementOffset
FNDA:0,fixIeBiDiScrollLeft
FNDA:0,(anonymous_17)
FNDA:0,getMarginSize
FNDA:0,(anonymous_19)
DA:1,2
DA:7,2
DA:19,2
DA:30,2
DA:32,0
DA:35,2
DA:57,0
DA:58,0
DA:60,0
DA:63,2
DA:65,2
DA:86,0
DA:87,0
DA:92,0
DA:95,2
DA:116,0
DA:117,0
DA:120,0
DA:130,2
DA:151,0
DA:152,0
DA:154,0
DA:172,2
DA:185,0
DA:186,0
DA:188,0
DA:194,0
DA:195,0
DA:196,0
DA:197,0
DA:201,0
DA:202,0
DA:203,0
DA:204,0
DA:205,0
DA:209,0
DA:211,0
DA:212,0
DA:213,0
DA:214,0
DA:217,0
DA:220,2
DA:236,0
DA:237,0
DA:239,0
DA:240,0
DA:241,0
DA:243,0
DA:244,0
DA:247,0
DA:248,0
DA:249,0
DA:251,0
DA:271,2
DA:288,0
DA:289,0
DA:290,0
DA:291,0
DA:293,0
DA:294,0
DA:296,0
DA:297,0
DA:299,0
DA:300,0
DA:304,2
DA:307,0
DA:311,2
DA:322,0
DA:325,2
DA:341,0
DA:342,0
DA:343,0
DA:344,0
DA:345,0
DA:346,0
DA:348,0
DA:349,0
DA:352,0
DA:355,2
DA:357,2
DA:375,0
DA:376,0
DA:382,0
DA:386,0
DA:387,0
DA:388,0
DA:389,0
DA:391,0
DA:392,0
DA:396,0
DA:397,0
DA:399,0
DA:400,0
DA:402,0
DA:409,2
DA:416,0
DA:417,0
DA:420,2
DA:427,0
DA:428,0
DA:429,0
DA:434,2
DA:435,0
DA:456,0
DA:457,0
DA:459,0
DA:460,0
DA:462,0
DA:463,0
DA:464,0
DA:466,0
DA:471,0
DA:479,2
DA:495,0
DA:496,0
DA:497,0
DA:498,0
DA:501,0
DA:502,0
DA:504,0
DA:506,0
DA:509,2
DA:527,0
DA:528,0
DA:530,0
DA:532,0
DA:534,0
DA:537,0
DA:538,0
DA:544,0
DA:545,0
DA:546,0
DA:547,0
DA:550,0
DA:555,2
DA:568,0
DA:569,0
DA:570,0
DA:571,0
DA:577,2
DA:582,0
DA:583,0
DA:584,0
DA:586,0
DA:591,0
DA:592,0
DA:595,0
DA:596,0
DA:597,0
DA:598,0
DA:604,2
LF:151
LH:25
BRDA:30,1,0,0
BRDA:30,1,1,2
BRDA:32,2,0,0
BRDA:32,2,1,0
BRDA:58,3,0,0
BRDA:58,3,1,0
BRDA:87,4,0,0
BRDA:87,4,1,0
BRDA:88,5,0,0
BRDA:88,5,1,0
BRDA:89,6,0,0
BRDA:89,6,1,0
BRDA:90,7,0,0
BRDA:90,7,1,0
BRDA:91,8,0,0
BRDA:91,8,1,0
BRDA:117,9,0,0
BRDA:117,9,1,0
BRDA:152,10,0,0
BRDA:152,10,1,0
BRDA:186,11,0,0
BRDA:186,11,1,0
BRDA:188,12,0,0
BRDA:188,12,1,0
BRDA:195,13,0,0
BRDA:195,13,1,0
BRDA:195,14,0,0
BRDA:195,14,1,0
BRDA:201,15,0,0
BRDA:201,15,1,0
BRDA:201,16,0,0
BRDA:201,16,1,0
BRDA:203,17,0,0
BRDA:203,17,1,0
BRDA:204,18,0,0
BRDA:204,18,1,0
BRDA:205,19,0,0
BRDA:205,19,1,0
BRDA:209,20,0,0
BRDA:209,20,1,0
BRDA:209,21,0,0
BRDA:209,21,1,0
BRDA:209,21,2,0
BRDA:211,22,0,0
BRDA:211,22,1,0
BRDA:213,23,0,0
BRDA:213,23,1,0
BRDA:214,24,0,0
BRDA:214,24,1,0
BRDA:237,25,0,0
BRDA:237,25,1,0
BRDA:239,26,0,0
BRDA:239,26,1,0
BRDA:247,27,0,0
BRDA:247,27,1,0
BRDA:288,28,0,0
BRDA:288,28,1,0
BRDA:290,29,0,0
BRDA:290,29,1,0
BRDA:293,30,0,0
BRDA:293,30,1,0
BRDA:296,31,0,0
BRDA:296,31,1,0
BRDA:299,32,0,0
BRDA:299,32,1,0
BRDA:307,33,0,0
BRDA:307,33,1,0
BRDA:307,33,2,0
BRDA:308,34,0,0
BRDA:308,34,1,0
BRDA:322,35,0,0
BRDA:322,35,1,0
BRDA:322,35,2,0
BRDA:343,36,0,0
BRDA:343,36,1,0
BRDA:345,37,0,0
BRDA:345,37,1,0
BRDA:348,38,0,0
BRDA:348,38,1,0
BRDA:376,39,0,0
BRDA:376,39,1,0
BRDA:380,40,0,0
BRDA:380,40,1,0
BRDA:382,41,0,0
BRDA:382,41,1,0
BRDA:386,42,0,0
BRDA:386,42,1,0
BRDA:388,43,0,0
BRDA:388,43,1,0
BRDA:388,44,0,0
BRDA:388,44,1,0
BRDA:391,45,0,0
BRDA:391,45,1,0
BRDA:391,46,0,0
BRDA:391,46,1,0
BRDA:396,47,0,0
BRDA:396,47,1,0
BRDA:399,48,0,0
BRDA:399,48,1,0
BRDA:416,49,0,0
BRDA:416,49,1,0
BRDA:417,50,0,0
BRDA:417,50,1,0
BRDA:417,50,2,0
BRDA:427,51,0,0
BRDA:427,51,1,0
BRDA:428,52,0,0
BRDA:428,52,1,0
BRDA:429,53,0,0
BRDA:429,53,1,0
BRDA:430,54,0,0
BRDA:430,54,1,0
BRDA:430,55,0,0
BRDA:430,55,1,0
BRDA:431,56,0,0
BRDA:431,56,1,0
BRDA:431,57,0,0
BRDA:431,57,1,0
BRDA:434,58,0,0
BRDA:434,58,1,2
BRDA:456,59,0,0
BRDA:456,59,1,0
BRDA:459,60,0,0
BRDA:459,60,1,0
BRDA:462,61,0,0
BRDA:462,61,1,0
BRDA:467,62,0,0
BRDA:467,62,1,0
BRDA:468,63,0,0
BRDA:468,63,1,0
BRDA:495,64,0,0
BRDA:495,64,1,0
BRDA:497,65,0,0
BRDA:497,65,1,0
BRDA:497,66,0,0
BRDA:497,66,1,0
BRDA:499,67,0,0
BRDA:499,67,1,0
BRDA:501,68,0,0
BRDA:501,68,1,0
BRDA:501,69,0,0
BRDA:501,69,1,0
BRDA:501,69,2,0
BRDA:501,69,3,0
BRDA:504,70,0,0
BRDA:504,70,1,0
BRDA:504,71,0,0
BRDA:504,71,1,0
BRDA:532,72,0,0
BRDA:532,72,1,0
BRDA:537,73,0,0
BRDA:537,73,1,0
BRDA:538,74,0,0
BRDA:538,74,1,0
BRDA:544,75,0,0
BRDA:544,75,1,0
BRDA:569,76,0,0
BRDA:569,76,1,0
BRDA:582,77,0,0
BRDA:582,77,1,0
BRDA:586,78,0,0
BRDA:586,78,1,0
BRDA:592,79,0,0
BRDA:592,79,1,0
BRDA:592,79,2,0
BRDA:595,80,0,0
BRDA:595,80,1,0
BRDA:597,81,0,0
BRDA:597,81,1,0
BRDA:598,82,0,0
BRDA:598,82,1,0
BRF:171
BRH:2
end_of_record
TN:
SF:dojo/dom-attr.js
FN:2,(anonymous_1)
FN:35,_hasAttr
FN:45,hasAttr
FN:61,getAttr
FN:100,setAttr
FN:189,removeAttr
FN:200,getNodeProp
FNF:7
FNH:2
FNDA:2,(anonymous_1)
FNDA:0,_hasAttr
FNDA:0,hasAttr
FNDA:0,getAttr
FNDA:6,setAttr
FNDA:0,removeAttr
FNDA:0,getNodeProp
DA:1,2
DA:20,2
DA:35,2
DA:36,0
DA:37,0
DA:45,2
DA:57,0
DA:58,0
DA:61,2
DA:80,0
DA:81,0
DA:86,0
DA:88,0
DA:90,0
DA:92,0
DA:96,0
DA:97,0
DA:100,2
DA:165,6
DA:166,6
DA:168,2
DA:169,2
DA:171,2
DA:173,4
DA:176,4
DA:178,2
DA:179,2
DA:181,2
DA:182,0
DA:185,2
DA:186,2
DA:189,2
DA:197,0
DA:200,2
DA:210,0
DA:211,0
DA:212,0
DA:214,0
DA:217,0
DA:218,0
LF:40
LH:20
BRDA:36,1,0,0
BRDA:36,1,1,0
BRDA:37,2,0,0
BRDA:37,2,1,0
BRDA:58,3,0,0
BRDA:58,3,1,0
BRDA:58,4,0,0
BRDA:58,4,1,0
BRDA:58,5,0,0
BRDA:58,5,1,0
BRDA:82,6,0,0
BRDA:82,6,1,0
BRDA:86,7,0,0
BRDA:86,7,1,0
BRDA:86,8,0,0
BRDA:86,8,1,0
BRDA:90,9,0,0
BRDA:90,9,1,0
BRDA:90,10,0,0
BRDA:90,10,1,0
BRDA:90,10,2,0
BRDA:96,11,0,0
BRDA:96,11,1,0
BRDA:97,12,0,0
BRDA:97,12,1,0
BRDA:166,13,0,2
BRDA:166,13,1,4
BRDA:174,14,0,4
BRDA:174,14,1,4
BRDA:176,15,0,2
BRDA:176,15,1,2
BRDA:176,16,0,4
BRDA:176,16,1,2
BRDA:181,17,0,0
BRDA:181,17,1,2
BRDA:181,18,0,2
BRDA:181,18,1,2
BRDA:181,18,2,2
BRDA:185,19,0,2
BRDA:185,19,1,2
BRDA:197,20,0,0
BRDA:197,20,1,0
BRDA:211,21,0,0
BRDA:211,21,1,0
BRDA:212,22,0,0
BRDA:212,22,1,0
BRDA:212,23,0,0
BRDA:212,23,1,0
BRDA:217,24,0,0
BRDA:217,24,1,0
BRDA:218,25,0,0
BRDA:218,25,1,0
BRF:52
BRH:14
end_of_record
TN:
SF:dojo/_base/config.js
FN:1,(anonymous_1)
FN:172,(anonymous_2)
FNF:2
FNH:1
FNDA:2,(anonymous_1)
FNDA:0,(anonymous_2)
DA:1,2
DA:164,2
DA:165,2
DA:167,2
DA:168,2
DA:169,14
DA:172,0
DA:173,0
DA:174,0
DA:177,0
DA:182,0
DA:183,0
DA:186,2
DA:188,2
DA:191,2
LF:15
LH:9
BRDA:165,1,0,2
BRDA:165,1,1,0
BRDA:174,2,0,0
BRDA:174,2,1,0
BRDA:177,3,0,0
BRDA:177,3,1,0
BRDA:181,4,0,0
BRDA:181,4,1,0
BRDA:181,4,2,0
BRDA:186,5,0,2
BRDA:186,5,1,0
BRDA:188,6,0,2
BRDA:188,6,1,0
BRF:13
BRH:3
end_of_record
TN:
SF:dojo/aspect.js
FN:1,(anonymous_1)
FN:8,advise
FN:13,(anonymous_3)
FN:17,(anonymous_4)
FN:22,(anonymous_5)
FN:31,(anonymous_6)
FN:76,aspect
FN:77,(anonymous_8)
FN:81,(anonymous_9)
FN:109,(anonymous_10)
FNF:10
FNH:4
FNDA:2,(anonymous_1)
FNDA:6,advise
FNDA:0,(anonymous_3)
FNDA:0,(anonymous_4)
FNDA:0,(anonymous_5)
FNDA:0,(anonymous_6)
FNDA:6,aspect
FNDA:6,(anonymous_8)
FNDA:0,(anonymous_9)
FNDA:0,(anonymous_10)
DA:1,2
DA:6,2
DA:7,2
DA:8,2
DA:9,6
DA:10,6
DA:11,6
DA:12,6
DA:13,0
DA:14,0
DA:16,0
DA:18,0
DA:19,0
DA:23,0
DA:30,6
DA:32,0
DA:33,0
DA:34,0
DA:35,0
DA:36,0
DA:38,0
DA:39,0
DA:41,0
DA:43,0
DA:44,0
DA:49,0
DA:57,6
DA:58,0
DA:61,0
DA:62,0
DA:63,0
DA:64,0
DA:66,0
DA:67,0
DA:68,0
DA:72,6
DA:74,6
DA:76,2
DA:77,6
DA:78,6
DA:79,6
DA:81,6
DA:82,0
DA:84,0
DA:85,0
DA:86,0
DA:87,0
DA:88,0
DA:91,0
DA:92,0
DA:95,0
DA:96,0
DA:97,0
DA:98,0
DA:100,0
DA:102,0
DA:104,0
DA:106,0
DA:108,6
DA:109,0
DA:110,0
DA:113,6
DA:115,6
DA:116,6
DA:117,6
DA:123,2
DA:149,2
DA:170,2
DA:202,2
LF:69
LH:26
BRDA:12,1,0,0
BRDA:12,1,1,6
BRDA:18,2,0,0
BRDA:18,2,1,0
BRDA:23,3,0,0
BRDA:23,3,1,0
BRDA:32,4,0,0
BRDA:32,4,1,0
BRDA:35,5,0,0
BRDA:35,5,1,0
BRDA:35,6,0,0
BRDA:35,6,1,0
BRDA:38,7,0,0
BRDA:38,7,1,0
BRDA:43,8,0,0
BRDA:43,8,1,0
BRDA:57,9,0,0
BRDA:57,9,1,6
BRDA:57,10,0,6
BRDA:57,10,1,0
BRDA:58,11,0,0
BRDA:58,11,1,0
BRDA:61,12,0,0
BRDA:61,12,1,0
BRDA:64,13,0,0
BRDA:64,13,1,0
BRDA:79,14,0,6
BRDA:79,14,1,0
BRDA:79,15,0,6
BRDA:79,15,1,0
BRDA:87,16,0,0
BRDA:87,16,1,0
BRDA:91,17,0,0
BRDA:91,17,1,0
BRDA:96,18,0,0
BRDA:96,18,1,0
BRDA:97,19,0,0
BRDA:97,19,1,0
BRDA:100,20,0,0
BRDA:100,20,1,0
BRDA:108,21,0,0
BRDA:108,21,1,6
BRDA:115,22,0,6
BRDA:115,22,1,0
BRF:44
BRH:7
end_of_record
TN:
SF:dojo/ready.js
FN:1,(anonymous_1)
FN:17,(anonymous_2)
FN:23,(anonymous_3)
FN:69,(anonymous_4)
FN:120,(anonymous_5)
FN:138,(anonymous_6)
FNF:6
FNH:3
FNDA:2,(anonymous_1)
FNDA:2,(anonymous_2)
FNDA:6,(anonymous_3)
FNDA:0,(anonymous_4)
FNDA:0,(anonymous_5)
FNDA:0,(anonymous_6)
DA:1,2
DA:7,2
DA:18,2
DA:19,2
DA:20,2
DA:34,6
DA:35,0
DA:37,6
DA:44,6
DA:45,0
DA:46,0
DA:47,0
DA:50,0
DA:51,0
DA:52,0
DA:54,0
DA:59,6
DA:64,2
DA:65,2
DA:66,2
DA:69,2
DA:110,0
DA:111,0
DA:112,0
DA:113,0
DA:114,0
DA:116,0
DA:118,0
DA:121,0
DA:123,0
DA:124,0
DA:125,0
DA:126,0
DA:129,2
DA:130,2
DA:131,2
DA:132,2
DA:133,0
DA:137,2
DA:138,0
DA:139,0
DA:140,0
DA:141,0
DA:146,2
DA:147,2
DA:149,0
DA:152,2
LF:47
LH:21
BRDA:34,1,0,0
BRDA:34,1,1,6
BRDA:44,2,0,6
BRDA:44,2,1,4
BRDA:44,2,2,4
BRDA:44,2,3,4
BRDA:44,2,4,4
BRDA:44,3,0,4
BRDA:44,3,1,0
BRDA:51,4,0,0
BRDA:51,4,1,0
BRDA:64,5,0,2
BRDA:64,5,1,2
BRDA:65,6,0,2
BRDA:65,6,1,0
BRDA:111,7,0,0
BRDA:111,7,1,0
BRDA:118,8,0,0
BRDA:118,8,1,0
BRDA:124,9,0,0
BRDA:124,9,1,0
BRDA:130,10,0,2
BRDA:130,10,1,0
BRDA:132,11,0,0
BRDA:132,11,1,2
BRDA:133,12,0,0
BRDA:133,12,1,0
BRDA:137,13,0,0
BRDA:137,13,1,2
BRDA:137,14,0,2
BRDA:137,14,1,2
BRDA:137,14,2,0
BRDA:139,15,0,0
BRDA:139,15,1,0
BRDA:146,16,0,2
BRDA:146,16,1,0
BRF:36
BRH:16
end_of_record
TN:
SF:dojo/_base/connect.js
FN:1,(anonymous_1)
FN:5,(anonymous_2)
FN:14,connect_
FN:63,(anonymous_4)
FN:69,(anonymous_5)
FN:70,(anonymous_6)
FN:73,setKeyChar
FN:80,(anonymous_8)
FN:89,(anonymous_9)
FN:90,(anonymous_10)
FN:118,(anonymous_11)
FN:125,(anonymous_12)
FN:133,(anonymous_13)
FN:134,(anonymous_14)
FN:150,(anonymous_15)
FN:151,(anonymous_16)
FN:171,(anonymous_17)
FN:281,(anonymous_18)
FN:294,(anonymous_19)
FN:312,(anonymous_20)
FN:326,(anonymous_21)
FN:342,(anonymous_22)
FN:346,(anonymous_23)
FNF:23
FNH:2
FNDA:2,(anonymous_1)
FNDA:2,(anonymous_2)
FNDA:0,connect_
FNDA:0,(anonymous_4)
FNDA:0,(anonymous_5)
FNDA:0,(anonymous_6)
FNDA:0,setKeyChar
FNDA:0,(anonymous_8)
FNDA:0,(anonymous_9)
FNDA:0,(anonymous_10)
FNDA:0,(anonymous_11)
FNDA:0,(anonymous_12)
FNDA:0,(anonymous_13)
FNDA:0,(anonymous_14)
FNDA:0,(anonymous_15)
FNDA:0,(anonymous_16)
FNDA:0,(anonymous_17)
FNDA:0,(anonymous_18)
FNDA:0,(anonymous_19)
FNDA:0,(anonymous_20)
FNDA:0,(anonymous_21)
FNDA:0,(anonymous_22)
FNDA:0,(anonymous_23)
DA:1,2
DA:5,2
DA:6,2
DA:7,2
DA:8,2
DA:9,2
DA:11,2
DA:14,2
DA:15,0
DA:16,0
DA:19,0
DA:21,0
DA:22,0
DA:24,0
DA:25,0
DA:27,0
DA:28,0
DA:31,0
DA:32,0
DA:34,0
DA:35,0
DA:37,0
DA:38,0
DA:41,0
DA:44,2
DA:60,2
DA:63,2
DA:64,0
DA:65,0
DA:69,0
DA:70,0
DA:71,0
DA:73,2
DA:74,0
DA:75,0
DA:77,2
DA:78,2
DA:80,1
DA:81,0
DA:84,0
DA:86,0
DA:89,1
DA:90,0
DA:92,0
DA:95,0
DA:97,0
DA:98,0
DA:99,0
DA:100,0
DA:101,0
DA:102,0
DA:103,0
DA:104,0
DA:105,0
DA:107,0
DA:111,0
DA:112,0
DA:113,0
DA:114,0
DA:118,0
DA:119,0
DA:120,0
DA:121,0
DA:122,0
DA:124,0
DA:126,0
DA:127,0
DA:132,1
DA:133,0
DA:134,0
DA:135,0
DA:136,0
DA:137,0
DA:141,0
DA:142,0
DA:144,0
DA:146,0
DA:150,1
DA:151,0
DA:152,0
DA:153,0
DA:159,2
DA:270,0
DA:272,0
DA:274,0
DA:275,0
DA:277,0
DA:278,0
DA:289,0
DA:290,0
DA:309,0
DA:323,0
DA:342,0
DA:343,0
DA:351,0
DA:355,2
DA:369,2
DA:370,2
LF:98
LH:22
BRDA:9,1,0,2
BRDA:9,1,1,1
BRDA:11,2,0,2
BRDA:11,2,1,1
BRDA:16,3,0,0
BRDA:16,3,1,0
BRDA:16,4,0,0
BRDA:16,4,1,0
BRDA:16,5,0,0
BRDA:16,5,1,0
BRDA:19,6,0,0
BRDA:19,6,1,0
BRDA:21,7,0,0
BRDA:21,7,1,0
BRDA:21,8,0,0
BRDA:21,8,1,0
BRDA:24,9,0,0
BRDA:24,9,1,0
BRDA:27,10,0,0
BRDA:27,10,1,0
BRDA:28,11,0,0
BRDA:28,11,1,0
BRDA:28,11,2,0
BRDA:60,12,0,0
BRDA:60,12,1,2
BRDA:74,13,0,0
BRDA:74,13,1,0
BRDA:75,14,0,0
BRDA:75,14,1,0
BRDA:78,15,0,1
BRDA:78,15,1,1
BRDA:95,16,0,0
BRDA:95,16,1,0
BRDA:95,16,2,0
BRDA:95,16,3,0
BRDA:95,16,4,0
BRDA:95,16,5,0
BRDA:95,16,6,0
BRDA:95,16,7,0
BRDA:95,16,8,0
BRDA:95,16,9,0
BRDA:95,16,10,0
BRDA:95,16,11,0
BRDA:95,16,12,0
BRDA:97,17,0,0
BRDA:97,17,1,0
BRDA:97,18,0,0
BRDA:97,18,1,0
BRDA:98,19,0,0
BRDA:98,19,1,0
BRDA:99,20,0,0
BRDA:99,20,1,0
BRDA:100,21,0,0
BRDA:100,21,1,0
BRDA:100,22,0,0
BRDA:100,22,1,0
BRDA:102,23,0,0
BRDA:102,23,1,0
BRDA:102,24,0,0
BRDA:102,24,1,0
BRDA:104,25,0,0
BRDA:104,25,1,0
BRDA:104,26,0,0
BRDA:104,26,1,0
BRDA:104,26,2,0
BRDA:107,27,0,0
BRDA:107,27,1,0
BRDA:113,28,0,0
BRDA:113,28,1,0
BRDA:120,29,0,0
BRDA:120,29,1,0
BRDA:132,30,0,0
BRDA:132,30,1,1
BRDA:136,31,0,0
BRDA:136,31,1,0
BRDA:141,32,0,0
BRDA:141,32,1,0
BRDA:141,33,0,0
BRDA:141,33,1,0
BRDA:142,34,0,0
BRDA:142,34,1,0
BRDA:142,35,0,0
BRDA:142,35,1,0
BRDA:142,35,2,0
BRDA:142,35,3,0
BRDA:272,36,0,0
BRDA:272,36,1,0
BRDA:275,37,0,0
BRDA:275,37,1,0
BRDA:275,38,0,0
BRDA:275,38,1,0
BRDA:289,39,0,0
BRDA:289,39,1,0
BRDA:343,40,0,0
BRDA:343,40,1,0
BRDA:369,41,0,2
BRDA:369,41,1,2
BRF:97
BRH:10
end_of_record
TN:
SF:dojo/Stateful.js
FN:1,(anonymous_1)
FN:29,(anonymous_2)
FN:44,(anonymous_3)
FN:49,(anonymous_4)
FN:56,(anonymous_5)
FN:74,(anonymous_6)
FN:124,(anonymous_7)
FN:130,(anonymous_8)
FN:152,(anonymous_9)
FN:172,(anonymous_10)
FN:173,(anonymous_11)
FN:202,(anonymous_12)
FNF:12
FNH:1
FNDA:2,(anonymous_1)
FNDA:0,(anonymous_2)
FNDA:0,(anonymous_3)
FNDA:0,(anonymous_4)
FNDA:0,(anonymous_5)
FNDA:0,(anonymous_6)
FNDA:0,(anonymous_7)
FNDA:0,(anonymous_8)
FNDA:0,(anonymous_9)
FNDA:0,(anonymous_10)
FNDA:0,(anonymous_11)
FNDA:0,(anonymous_12)
DA:1,2
DA:5,2
DA:36,0
DA:37,0
DA:38,0
DA:46,0
DA:54,0
DA:72,0
DA:101,0
DA:102,0
DA:103,0
DA:104,0
DA:107,0
DA:110,0
DA:114,0
DA:116,0
DA:119,0
DA:121,0
DA:122,0
DA:124,0
DA:125,0
DA:128,0
DA:145,0
DA:146,0
DA:147,0
DA:148,0
DA:150,0
DA:169,0
DA:170,0
DA:171,0
DA:172,0
DA:173,0
DA:174,0
DA:175,0
DA:176,0
DA:177,0
DA:181,0
DA:182,0
DA:183,0
DA:187,0
DA:188,0
DA:189,0
DA:192,0
DA:194,0
DA:195,0
DA:196,0
DA:198,0
DA:201,0
DA:202,0
DA:203,0
DA:204,0
DA:205,0
DA:208,0
LF:53
LH:2
BRDA:37,1,0,0
BRDA:37,1,1,0
BRDA:46,2,0,0
BRDA:46,2,1,0
BRDA:54,3,0,0
BRDA:54,3,1,0
BRDA:101,4,0,0
BRDA:101,4,1,0
BRDA:103,5,0,0
BRDA:103,5,1,0
BRDA:103,6,0,0
BRDA:103,6,1,0
BRDA:114,7,0,0
BRDA:114,7,1,0
BRDA:121,8,0,0
BRDA:121,8,1,0
BRDA:147,9,0,0
BRDA:147,9,1,0
BRDA:170,10,0,0
BRDA:170,10,1,0
BRDA:174,11,0,0
BRDA:174,11,1,0
BRDA:182,12,0,0
BRDA:182,12,1,0
BRDA:187,13,0,0
BRDA:187,13,1,0
BRDA:187,14,0,0
BRDA:187,14,1,0
BRDA:195,15,0,0
BRDA:195,15,1,0
BRDA:204,16,0,0
BRDA:204,16,1,0
BRF:32
BRH:0
end_of_record
TN:
SF:dojo/topic.js
FN:1,(anonymous_1)
FN:16,(anonymous_2)
FN:28,(anonymous_3)
FNF:3
FNH:1
FNDA:2,(anonymous_1)
FNDA:0,(anonymous_2)
FNDA:0,(anonymous_3)
DA:1,2
DA:6,2
DA:7,2
DA:25,0
DA:35,0
LF:5
LH:3
BRF:0
BRH:0
end_of_record
TN:
SF:dojo/dom-style.js
FN:1,(anonymous_1)
FN:28,(anonymous_2)
FN:41,(anonymous_3)
FN:47,(anonymous_4)
FN:88,(anonymous_5)
FN:94,(anonymous_6)
FN:133,(anonymous_7)
FN:142,(anonymous_8)
FN:149,(anonymous_9)
FN:154,(anonymous_10)
FN:187,(anonymous_11)
FN:195,_toStyleValue
FN:221,getStyle
FN:254,setStyle
FNF:14
FNH:4
FNDA:2,(anonymous_1)
FNDA:1,(anonymous_2)
FNDA:0,(anonymous_3)
FNDA:1,(anonymous_4)
FNDA:0,(anonymous_5)
FNDA:0,(anonymous_6)
FNDA:0,(anonymous_7)
FNDA:0,(anonymous_8)
FNDA:0,(anonymous_9)
FNDA:0,(anonymous_10)
FNDA:0,(anonymous_11)
FNDA:0,_toStyleValue
FNDA:0,getStyle
FNDA:4,setStyle
DA:1,2
DA:23,2
DA:27,2
DA:28,1
DA:29,1
DA:30,1
DA:31,1
DA:32,1
DA:33,1
DA:34,0
DA:35,0
DA:38,1
DA:40,1
DA:41,0
DA:44,0
DA:47,1
DA:48,1
DA:52,2
DA:86,2
DA:87,2
DA:88,2
DA:91,0
DA:94,0
DA:95,0
DA:97,0
DA:100,0
DA:101,0
DA:103,0
DA:104,0
DA:109,0
DA:110,0
DA:112,0
DA:114,0
DA:115,0
DA:116,0
DA:119,2
DA:132,2
DA:133,2
DA:134,0
DA:135,0
DA:137,0
DA:141,2
DA:143,0
DA:144,0
DA:146,0
DA:150,0
DA:153,2
DA:155,0
DA:156,0
DA:162,0
DA:163,0
DA:164,0
DA:165,0
DA:169,0
DA:170,0
DA:171,0
DA:173,0
DA:175,0
DA:178,0
DA:179,0
DA:180,0
DA:181,0
DA:185,0
DA:188,0
DA:191,2
DA:194,2
DA:195,2
DA:197,0
DA:198,0
DA:199,0
DA:200,0
DA:201,0
DA:203,0
DA:204,0
DA:205,0
DA:207,0
DA:211,0
DA:212,0
DA:214,0
DA:217,2
DA:221,2
DA:245,0
DA:246,0
DA:247,0
DA:249,0
DA:250,0
DA:251,0
DA:254,2
DA:300,4
DA:301,4
DA:302,4
DA:303,2
DA:305,2
DA:306,2
DA:308,2
DA:311,2
LF:96
LH:36
BRDA:27,1,0,1
BRDA:27,1,1,1
BRDA:30,2,0,1
BRDA:30,2,1,0
BRDA:33,3,0,0
BRDA:33,3,1,1
BRDA:33,4,0,1
BRDA:33,4,1,0
BRDA:38,5,0,1
BRDA:38,5,1,0
BRDA:40,6,0,0
BRDA:40,6,1,1
BRDA:40,7,0,1
BRDA:40,7,1,0
BRDA:40,7,2,0
BRDA:44,8,0,0
BRDA:44,8,1,0
BRDA:44,9,0,0
BRDA:44,9,1,0
BRDA:48,10,0,1
BRDA:48,10,1,0
BRDA:87,11,0,2
BRDA:87,11,1,0
BRDA:91,12,0,0
BRDA:91,12,1,0
BRDA:95,13,0,0
BRDA:95,13,1,0
BRDA:97,14,0,0
BRDA:97,14,1,0
BRDA:100,15,0,0
BRDA:100,15,1,0
BRDA:100,16,0,0
BRDA:100,16,1,0
BRDA:137,17,0,0
BRDA:137,17,1,0
BRDA:142,18,0,0
BRDA:142,18,1,2
BRDA:142,19,0,2
BRDA:142,19,1,2
BRDA:142,19,2,0
BRDA:154,20,0,0
BRDA:154,20,1,2
BRDA:154,21,0,2
BRDA:154,21,1,2
BRDA:154,21,2,0
BRDA:155,22,0,0
BRDA:155,22,1,0
BRDA:162,23,0,0
BRDA:162,23,1,0
BRDA:164,24,0,0
BRDA:164,24,1,0
BRDA:170,25,0,0
BRDA:170,25,1,0
BRDA:178,26,0,0
BRDA:178,26,1,0
BRDA:180,27,0,0
BRDA:180,27,1,0
BRDA:198,28,0,0
BRDA:198,28,1,0
BRDA:199,29,0,0
BRDA:199,29,1,0
BRDA:200,30,0,0
BRDA:200,30,1,0
BRDA:201,31,0,0
BRDA:201,31,1,0
BRDA:203,32,0,0
BRDA:203,32,1,0
BRDA:204,33,0,0
BRDA:204,33,1,0
BRDA:204,33,2,0
BRDA:211,34,0,0
BRDA:211,34,1,0
BRDA:214,35,0,0
BRDA:214,35,1,0
BRDA:246,36,0,0
BRDA:246,36,1,0
BRDA:246,37,0,0
BRDA:246,37,1,0
BRDA:249,38,0,0
BRDA:249,38,1,0
BRDA:249,39,0,0
BRDA:249,39,1,0
BRDA:251,40,0,0
BRDA:251,40,1,0
BRDA:251,41,0,0
BRDA:251,41,1,0
BRDA:301,42,0,0
BRDA:301,42,1,4
BRDA:301,43,0,0
BRDA:301,43,1,0
BRDA:302,44,0,2
BRDA:302,44,1,2
BRDA:303,45,0,0
BRDA:303,45,1,2
BRF:94
BRH:20
end_of_record
TN:
SF:dijit/Destroyable.js
FN:5,(anonymous_1)
FN:18,(anonymous_2)
FN:24,(anonymous_3)
FN:34,(anonymous_4)
FN:44,(anonymous_5)
FN:49,(anonymous_6)
FNF:6
FNH:1
FNDA:2,(anonymous_1)
FNDA:0,(anonymous_2)
FNDA:0,(anonymous_3)
FNDA:0,(anonymous_4)
FNDA:0,(anonymous_5)
FNDA:0,(anonymous_6)
DA:1,2
DA:10,2
DA:21,0
DA:34,0
DA:35,0
DA:44,0
DA:45,0
DA:49,0
DA:50,0
DA:51,0
DA:55,0
LF:11
LH:2
BRDA:36,1,0,0
BRDA:36,1,1,0
BRDA:37,2,0,0
BRDA:37,2,1,0
BRF:4
BRH:0
end_of_record
TN:
SF:dijit/registry.js
FN:6,(anonymous_1)
FN:21,(anonymous_2)
FN:33,(anonymous_3)
FN:43,(anonymous_4)
FN:50,(anonymous_5)
FN:56,(anonymous_6)
FN:71,(anonymous_7)
FN:84,(anonymous_8)
FN:95,getChildrenHelper
FN:115,(anonymous_10)
FN:125,(anonymous_11)
FN:138,(anonymous_12)
FNF:12
FNH:2
FNDA:2,(anonymous_1)
FNDA:2,(anonymous_2)
FNDA:0,(anonymous_3)
FNDA:0,(anonymous_4)
FNDA:0,(anonymous_5)
FNDA:0,(anonymous_6)
FNDA:0,(anonymous_7)
FNDA:0,(anonymous_8)
FNDA:0,getChildrenHelper
FNDA:0,(anonymous_10)
FNDA:0,(anonymous_11)
FNDA:0,(anonymous_12)
DA:1,2
DA:11,2
DA:13,2
DA:26,2
DA:27,0
DA:29,2
DA:30,2
DA:37,0
DA:38,0
DA:39,0
DA:47,0
DA:53,0
DA:64,0
DA:65,0
DA:66,0
DA:68,0
DA:75,0
DA:76,0
DA:77,0
DA:81,0
DA:93,0
DA:95,0
DA:96,0
DA:97,0
DA:98,0
DA:99,0
DA:100,0
DA:101,0
DA:102,0
DA:104,0
DA:105,0
DA:111,0
DA:112,0
DA:120,0
DA:121,0
DA:122,0
DA:125,0
DA:128,0
DA:129,0
DA:130,0
DA:131,0
DA:132,0
DA:142,0
DA:143,0
DA:144,0
DA:145,0
DA:147,0
DA:149,0
DA:157,2
DA:159,2
LF:50
LH:8
BRDA:26,1,0,0
BRDA:26,1,1,2
BRDA:37,2,0,0
BRDA:37,2,1,0
BRDA:47,3,0,0
BRDA:47,3,1,0
BRDA:78,4,0,0
BRDA:78,4,1,0
BRDA:81,5,0,0
BRDA:81,5,1,0
BRDA:97,6,0,0
BRDA:97,6,1,0
BRDA:99,7,0,0
BRDA:99,7,1,0
BRDA:101,8,0,0
BRDA:101,8,1,0
BRDA:104,9,0,0
BRDA:104,9,1,0
BRDA:128,10,0,0
BRDA:128,10,1,0
BRDA:129,11,0,0
BRDA:129,11,1,0
BRDA:131,12,0,0
BRDA:131,12,1,0
BRDA:143,13,0,0
BRDA:143,13,1,0
BRDA:144,14,0,0
BRDA:144,14,1,0
BRF:28
BRH:1
end_of_record
TN:
SF:dojo/dom-prop.js
FN:2,(anonymous_1)
FN:30,getProp
FN:54,setProp
FNF:3
FNH:1
FNDA:2,(anonymous_1)
FNDA:0,getProp
FNDA:0,setProp
DA:1,2
DA:15,2
DA:17,2
DA:30,2
DA:49,0
DA:50,0
DA:51,0
DA:54,2
DA:121,0
DA:122,0
DA:123,0
DA:125,0
DA:126,0
DA:128,0
DA:130,0
DA:131,0
DA:133,0
DA:134,0
DA:136,0
DA:139,0
DA:141,0
DA:142,0
DA:144,0
DA:146,0
DA:148,0
DA:151,0
DA:152,0
DA:153,0
DA:154,0
DA:156,0
DA:157,0
DA:159,0
DA:160,0
DA:162,0
DA:164,0
DA:165,0
DA:169,0
DA:171,0
DA:173,0
DA:175,0
DA:177,0
DA:178,0
LF:42
LH:5
BRDA:50,1,0,0
BRDA:50,1,1,0
BRDA:123,2,0,0
BRDA:123,2,1,0
BRDA:123,3,0,0
BRDA:123,3,1,0
BRDA:130,4,0,0
BRDA:130,4,1,0
BRDA:131,5,0,0
BRDA:131,5,1,0
BRDA:131,6,0,0
BRDA:131,6,1,0
BRDA:136,7,0,0
BRDA:136,7,1,0
BRDA:139,8,0,0
BRDA:139,8,1,0
BRDA:139,9,0,0
BRDA:139,9,1,0
BRDA:148,10,0,0
BRDA:148,10,1,0
BRDA:152,11,0,0
BRDA:152,11,1,0
BRDA:156,12,0,0
BRDA:156,12,1,0
BRDA:160,13,0,0
BRDA:160,13,1,0
BRDA:169,14,0,0
BRDA:169,14,1,0
BRF:28
BRH:0
end_of_record
TN:
SF:dojo/mouse.js
FN:1,(anonymous_1)
FN:17,(anonymous_2)
FN:18,(anonymous_3)
FN:19,(anonymous_4)
FN:20,(anonymous_5)
FN:28,(anonymous_6)
FN:29,(anonymous_7)
FN:30,(anonymous_8)
FN:31,(anonymous_9)
FN:81,eventHandler
FN:83,(anonymous_11)
FN:84,(anonymous_12)
FN:93,(anonymous_13)
FN:94,(anonymous_14)
FN:109,(anonymous_15)
FN:110,(anonymous_16)
FNF:16
FNH:2
FNDA:2,(anonymous_1)
FNDA:0,(anonymous_2)
FNDA:0,(anonymous_3)
FNDA:0,(anonymous_4)
FNDA:0,(anonymous_5)
FNDA:0,(anonymous_6)
FNDA:0,(anonymous_7)
FNDA:0,(anonymous_8)
FNDA:0,(anonymous_9)
FNDA:4,eventHandler
FNDA:0,(anonymous_11)
FNDA:0,(anonymous_12)
FNDA:0,(anonymous_13)
FNDA:0,(anonymous_14)
FNDA:0,(anonymous_15)
FNDA:0,(anonymous_16)
DA:1,2
DA:6,2
DA:7,2
DA:8,2
DA:10,2
DA:11,2
DA:12,0
DA:17,0
DA:18,0
DA:19,0
DA:20,0
DA:23,2
DA:28,0
DA:29,0
DA:30,0
DA:31,0
DA:34,2
DA:81,2
DA:83,4
DA:84,0
DA:85,0
DA:86,0
DA:88,0
DA:89,0
DA:93,4
DA:94,0
DA:96,0
DA:97,0
DA:98,0
DA:99,0
DA:103,4
DA:105,2
DA:106,2
DA:107,1
DA:109,1
DA:110,0
DA:111,0
DA:112,0
DA:116,2
LF:39
LH:17
BRDA:6,1,0,2
BRDA:6,1,1,2
BRDA:7,2,0,2
BRDA:7,2,1,2
BRDA:8,3,0,2
BRDA:8,3,1,2
BRDA:11,4,0,0
BRDA:11,4,1,2
BRDA:11,5,0,2
BRDA:11,5,1,0
BRDA:11,5,2,2
BRDA:85,6,0,0
BRDA:85,6,1,0
BRDA:88,7,0,0
BRDA:88,7,1,0
BRDA:98,8,0,0
BRDA:98,8,1,0
BRDA:98,9,0,0
BRDA:98,9,1,0
BRDA:98,10,0,0
BRDA:98,10,1,0
BRDA:98,10,2,0
BRDA:106,11,0,1
BRDA:106,11,1,1
BRF:24
BRH:11
end_of_record
TN:
SF:dojo/_base/sniff.js
FN:1,(anonymous_1)
FNF:1
FNH:1
FNDA:2,(anonymous_1)
DA:1,2
DA:13,2
DA:14,0
DA:18,2
DA:20,2
DA:92,2
LF:6
LH:5
BRDA:13,1,0,0
BRDA:13,1,1,2
BRF:2
BRH:1
end_of_record
TN:
SF:dojo/when.js
FN:4,(anonymous_1)
FN:10,when
FNF:2
FNH:1
FNDA:2,(anonymous_1)
FNDA:0,when
DA:1,2
DA:5,2
DA:10,2
DA:35,0
DA:36,0
DA:38,0
DA:39,0
DA:40,0
DA:42,0
DA:44,0
DA:45,0
DA:46,0
DA:47,0
DA:50,0
DA:51,0
DA:53,0
LF:16
LH:3
BRDA:35,1,0,0
BRDA:35,1,1,0
BRDA:36,2,0,0
BRDA:36,2,1,0
BRDA:38,3,0,0
BRDA:38,3,1,0
BRDA:39,4,0,0
BRDA:39,4,1,0
BRDA:40,5,0,0
BRDA:40,5,1,0
BRDA:44,6,0,0
BRDA:44,6,1,0
BRDA:50,7,0,0
BRDA:50,7,1,0
BRDA:50,8,0,0
BRDA:50,8,1,0
BRDA:50,8,2,0
BRF:17
BRH:0
end_of_record
TN:
SF:dojo/Evented.js
FN:1,(anonymous_1)
FN:7,Evented
FN:23,(anonymous_3)
FN:24,(anonymous_4)
FN:28,(anonymous_5)
FNF:5
FNH:4
FNDA:2,(anonymous_1)
FNDA:4,Evented
FNDA:6,(anonymous_3)
FNDA:6,(anonymous_4)
FNDA:0,(anonymous_5)
DA:1,2
DA:5,2
DA:6,2
DA:7,2
DA:22,2
DA:24,6
DA:25,6
DA:29,0
DA:30,0
DA:31,0
DA:34,2
LF:11
LH:8
BRF:0
BRH:0
end_of_record
TN:
SF:dijit/main.js
FN:3,(anonymous_1)
FNF:1
FNH:1
FNDA:2,(anonymous_1)
DA:1,2
DA:15,2
LF:2
LH:2
BRF:0
BRH:0
end_of_record
TN:
SF:dojo/Deferred.js
FN:7,(anonymous_1)
FN:18,(anonymous_2)
FN:20,(anonymous_3)
FN:32,(anonymous_4)
FN:68,(anonymous_5)
FN:69,(anonymous_6)
FN:74,(anonymous_7)
FN:90,(anonymous_8)
FN:119,(anonymous_9)
FN:127,(anonymous_10)
FN:135,(anonymous_11)
FN:143,(anonymous_12)
FN:151,(anonymous_13)
FN:176,(anonymous_14)
FN:202,(anonymous_15)
FN:229,(anonymous_16)
FN:252,(anonymous_17)
FN:265,(anonymous_18)
FN:308,(anonymous_19)
FNF:19
FNH:1
FNDA:2,(anonymous_1)
FNDA:0,(anonymous_2)
FNDA:0,(anonymous_3)
FNDA:0,(anonymous_4)
FNDA:0,(anonymous_5)
FNDA:0,(anonymous_6)
FNDA:0,(anonymous_7)
FNDA:0,(anonymous_8)
FNDA:0,(anonymous_9)
FNDA:0,(anonymous_10)
FNDA:0,(anonymous_11)
FNDA:0,(anonymous_12)
FNDA:0,(anonymous_13)
FNDA:0,(anonymous_14)
FNDA:0,(anonymous_15)
FNDA:0,(anonymous_16)
FNDA:0,(anonymous_17)
FNDA:0,(anonymous_18)
FNDA:0,(anonymous_19)
DA:1,2
DA:8,2
DA:13,2
DA:16,2
DA:18,2
DA:20,2
DA:21,0
DA:22,0
DA:23,0
DA:27,0
DA:28,0
DA:32,2
DA:33,0
DA:34,0
DA:35,0
DA:36,0
DA:37,0
DA:38,0
DA:39,0
DA:40,0
DA:43,0
DA:44,0
DA:45,0
DA:50,0
DA:52,0
DA:55,0
DA:58,0
DA:61,0
DA:62,0
DA:63,0
DA:68,2
DA:69,0
DA:70,0
DA:74,2
DA:75,0
DA:76,0
DA:78,0
DA:79,0
DA:81,0
DA:82,0
DA:84,0
DA:85,0
DA:90,2
DA:107,0
DA:109,0
DA:110,0
DA:111,0
DA:112,0
DA:114,0
DA:115,0
DA:116,0
DA:119,0
DA:124,0
DA:127,0
DA:132,0
DA:135,0
DA:140,0
DA:143,0
DA:148,0
DA:151,0
DA:166,0
DA:167,0
DA:168,0
DA:169,0
DA:170,0
DA:172,0
DA:176,0
DA:189,0
DA:192,0
DA:193,0
DA:194,0
DA:195,0
DA:196,0
DA:198,0
DA:202,0
DA:215,0
DA:216,0
DA:217,0
DA:219,0
DA:220,0
DA:221,0
DA:222,0
DA:223,0
DA:225,0
DA:229,0
DA:248,0
DA:251,0
DA:252,0
DA:255,0
DA:257,0
DA:258,0
DA:260,0
DA:262,0
DA:265,0
DA:283,0
DA:285,0
DA:286,0
DA:287,0
DA:289,0
DA:290,0
DA:292,0
DA:293,0
DA:295,0
DA:296,0
DA:297,0
DA:298,0
DA:300,0
DA:301,0
DA:305,0
DA:308,2
DA:312,0
DA:315,2
DA:316,2
DA:319,2
LF:114
LH:14
BRDA:18,1,0,2
BRDA:18,1,1,0
BRDA:21,2,0,0
BRDA:21,2,1,0
BRDA:22,3,0,0
BRDA:22,3,1,0
BRDA:22,4,0,0
BRDA:22,4,1,0
BRDA:22,4,2,0
BRDA:35,5,0,0
BRDA:35,5,1,0
BRDA:38,6,0,0
BRDA:38,6,1,0
BRDA:39,7,0,0
BRDA:39,7,1,0
BRDA:43,8,0,0
BRDA:43,8,1,0
BRDA:43,9,0,0
BRDA:43,9,1,0
BRDA:61,10,0,0
BRDA:61,10,1,0
BRDA:62,11,0,0
BRDA:62,11,1,0
BRDA:62,12,0,0
BRDA:62,12,1,0
BRDA:75,13,0,0
BRDA:75,13,1,0
BRDA:76,14,0,0
BRDA:76,14,1,0
BRDA:76,14,2,0
BRDA:114,15,0,0
BRDA:114,15,1,0
BRDA:114,16,0,0
BRDA:114,16,1,0
BRDA:166,17,0,0
BRDA:166,17,1,0
BRDA:169,18,0,0
BRDA:169,18,1,0
BRDA:189,19,0,0
BRDA:189,19,1,0
BRDA:195,20,0,0
BRDA:195,20,1,0
BRDA:215,21,0,0
BRDA:215,21,1,0
BRDA:216,22,0,0
BRDA:216,22,1,0
BRDA:216,23,0,0
BRDA:216,23,1,0
BRDA:222,24,0,0
BRDA:222,24,1,0
BRDA:255,25,0,0
BRDA:255,25,1,0
BRDA:257,26,0,0
BRDA:257,26,1,0
BRDA:257,27,0,0
BRDA:257,27,1,0
BRDA:283,28,0,0
BRDA:283,28,1,0
BRDA:285,29,0,0
BRDA:285,29,1,0
BRDA:287,30,0,0
BRDA:287,30,1,0
BRDA:290,31,0,0
BRDA:290,31,1,0
BRDA:292,32,0,0
BRDA:292,32,1,0
BRDA:297,33,0,0
BRDA:297,33,1,0
BRDA:297,34,0,0
BRDA:297,34,1,0
BRDA:300,35,0,0
BRDA:300,35,1,0
BRDA:315,36,0,2
BRDA:315,36,1,0
BRF:74
BRH:2
end_of_record
TN:
SF:dojo/promise/Promise.js
FN:3,(anonymous_1)
FN:9,throwAbstract
FN:13,Promise
FN:20,(anonymous_4)
FN:42,(anonymous_5)
FN:63,(anonymous_6)
FN:71,(anonymous_7)
FN:79,(anonymous_8)
FN:87,(anonymous_9)
FN:95,(anonymous_10)
FN:107,(anonymous_11)
FN:118,(anonymous_12)
FN:122,(anonymous_13)
FN:126,(anonymous_14)
FNF:14
FNH:1
FNDA:2,(anonymous_1)
FNDA:0,throwAbstract
FNDA:0,Promise
FNDA:0,(anonymous_4)
FNDA:0,(anonymous_5)
FNDA:0,(anonymous_6)
FNDA:0,(anonymous_7)
FNDA:0,(anonymous_8)
FNDA:0,(anonymous_9)
FNDA:0,(anonymous_10)
FNDA:0,(anonymous_11)
FNDA:0,(anonymous_12)
FNDA:0,(anonymous_13)
FNDA:0,(anonymous_14)
DA:1,2
DA:4,2
DA:9,2
DA:10,0
DA:13,2
DA:39,0
DA:60,0
DA:68,0
DA:76,0
DA:84,0
DA:92,0
DA:104,0
DA:115,0
DA:119,0
DA:123,0
DA:130,0
LF:16
LH:4
BRF:0
BRH:0
end_of_record
TN:
SF:dojo/errors/CancelError.js
FN:1,(anonymous_1)
FNF:1
FNH:1
FNDA:2,(anonymous_1)
DA:1,2
DA:12,2
LF:2
LH:2
BRF:0
BRH:0
end_of_record
TN:
SF:dojo/promise/instrumentation.js
FN:6,(anonymous_1)
FN:7,logError
FN:21,reportRejections
FN:30,trackUnhandledRejections
FN:32,(anonymous_5)
FN:38,(anonymous_6)
FN:52,logRejected
FN:55,(anonymous_8)
FN:70,(anonymous_9)
FNF:9
FNH:2
FNDA:2,(anonymous_1)
FNDA:0,logError
FNDA:0,reportRejections
FNDA:0,trackUnhandledRejections
FNDA:0,(anonymous_5)
FNDA:0,(anonymous_6)
FNDA:0,logRejected
FNDA:0,(anonymous_8)
FNDA:2,(anonymous_9)
DA:1,2
DA:7,2
DA:8,0
DA:9,0
DA:10,0
DA:12,0
DA:13,0
DA:15,0
DA:16,0
DA:18,0
DA:21,2
DA:22,0
DA:23,0
DA:27,2
DA:28,2
DA:29,2
DA:30,2
DA:31,0
DA:32,0
DA:33,0
DA:34,0
DA:35,0
DA:38,0
DA:39,0
DA:47,0
DA:48,0
DA:52,2
DA:53,0
DA:54,0
DA:55,0
DA:56,0
DA:57,0
DA:58,0
DA:60,0
DA:63,0
DA:64,0
DA:66,0
DA:70,2
DA:84,2
DA:85,2
DA:86,2
DA:87,2
DA:88,2
DA:90,2
DA:91,2
DA:92,2
DA:93,2
DA:95,2
DA:96,0
DA:97,2
DA:98,2
DA:99,2
DA:101,0
LF:53
LH:22
BRDA:9,1,0,0
BRDA:9,1,1,0
BRDA:9,2,0,0
BRDA:9,2,1,0
BRDA:12,3,0,0
BRDA:12,3,1,0
BRDA:12,4,0,0
BRDA:12,4,1,0
BRDA:15,5,0,0
BRDA:15,5,1,0
BRDA:15,6,0,0
BRDA:15,6,1,0
BRDA:22,7,0,0
BRDA:22,7,1,0
BRDA:31,8,0,0
BRDA:31,8,1,0
BRDA:33,9,0,0
BRDA:33,9,1,0
BRDA:38,10,0,0
BRDA:38,10,1,0
BRDA:47,11,0,0
BRDA:47,11,1,0
BRDA:56,12,0,0
BRDA:56,12,1,0
BRDA:63,13,0,0
BRDA:63,13,1,0
BRDA:85,14,0,2
BRDA:85,14,1,0
BRDA:91,15,0,2
BRDA:91,15,1,0
BRDA:95,16,0,0
BRDA:95,16,1,2
BRDA:97,17,0,2
BRDA:97,17,1,0
BRDA:97,18,0,2
BRDA:97,18,1,0
BRDA:97,18,2,0
BRDA:99,19,0,2
BRDA:99,19,1,2
BRF:39
BRH:7
end_of_record
TN:
SF:dojo/errors/create.js
FN:1,(anonymous_1)
FN:2,(anonymous_2)
FN:5,(anonymous_3)
FNF:3
FNH:2
FNDA:2,(anonymous_1)
FNDA:2,(anonymous_2)
FNDA:0,(anonymous_3)
DA:1,2
DA:2,2
DA:3,2
DA:5,2
DA:6,0
DA:7,0
DA:8,0
DA:13,0
DA:17,0
DA:18,0
DA:19,0
DA:24,0
DA:26,0
DA:28,0
DA:30,0
DA:31,0
DA:35,2
DA:36,2
DA:37,2
DA:39,2
LF:20
LH:8
BRDA:3,1,0,2
BRDA:3,1,1,2
BRDA:6,2,0,0
BRDA:6,2,1,0
BRDA:7,3,0,0
BRDA:7,3,1,0
BRDA:18,4,0,0
BRDA:18,4,1,0
BRDA:30,5,0,0
BRDA:30,5,1,0
BRF:10
BRH:2
end_of_record
TN:
SF:dojo/promise/tracer.js
FN:5,(anonymous_1)
FN:38,emitAsync
FN:39,(anonymous_3)
FN:44,(anonymous_4)
FN:58,(anonymous_5)
FN:59,(anonymous_6)
FN:60,(anonymous_7)
FN:65,(anonymous_8)
FN:78,(anonymous_9)
FNF:9
FNH:1
FNDA:2,(anonymous_1)
FNDA:0,emitAsync
FNDA:0,(anonymous_3)
FNDA:0,(anonymous_4)
FNDA:0,(anonymous_5)
FNDA:0,(anonymous_6)
FNDA:0,(anonymous_7)
FNDA:0,(anonymous_8)
FNDA:0,(anonymous_9)
DA:1,2
DA:6,2
DA:34,2
DA:35,2
DA:36,2
DA:38,2
DA:39,0
DA:40,0
DA:44,2
DA:56,0
DA:57,0
DA:58,0
DA:59,0
DA:60,0
DA:62,0
DA:65,2
DA:77,0
DA:78,0
DA:79,0
DA:81,0
DA:84,2
LF:21
LH:9
BRF:0
BRH:0
end_of_record
